[  8429.658] 
X.Org X Server 1.9.0
Release Date: 2010-08-20
[  8429.658] X Protocol Version 11, Revision 0
[  8429.658] Build Operating System: Linux 2.6.24-28-server x86_64 Ubuntu
[  8429.658] Current Operating System: Linux hp 2.6.35-28-generic #49-Ubuntu SMP Tue Mar 1 14:39:03 UTC 2011 x86_64
[  8429.658] Kernel command line: BOOT_IMAGE=/boot/vmlinuz-2.6.35-28-generic root=UUID=11247821-df55-4e44-9b48-8d2791c4ac0b ro quiet splash
[  8429.658] Build Date: 09 January 2011  12:14:27PM
[  8429.658] xorg-server 2:1.9.0-0ubuntu7.3 (For technical support please see http://www.ubuntu.com/support) 
[  8429.659] Current version of pixman: 0.18.4
[  8429.659] 	Before reporting problems, check http://wiki.x.org
	to make sure that you have the latest version.
[  8429.659] Markers: (--) probed, (**) from config file, (==) default setting,
	(++) from command line, (!!) notice, (II) informational,
	(WW) warning, (EE) error, (NI) not implemented, (??) unknown.
[  8429.659] (++) Log file: "/var/log/xorg.conf.xorg.conf.nvidia.log", Time: Tue Mar 29 03:01:47 2011
[  8429.659] (++) Using config file: "/etc/X11/xorg.conf.nvidia"
[  8429.659] (==) Using system config directory "/usr/share/X11/xorg.conf.d"
[  8429.659] (==) ServerLayout "Nvidia-Layout"
[  8429.659] (**) |-->Screen "DisplayLinkScreen" (0)
[  8429.659] (**) |   |-->Monitor "DisplayLinkMonitor"
[  8429.659] (**) |   |-->Device "DisplayLinkDevice"
[  8429.659] (**) |-->Screen "Primary-Screens" (1)
[  8429.659] (**) |   |-->Monitor "Dell-Monitor"
[  8429.660] (**) |   |-->Device "nvidia-vga"
[  8429.660] (**) |-->Input Device "Keyboard0"
[  8429.660] (**) |-->Input Device "Mouse0"
[  8429.660] (**) Option "Xinerama" "off"
[  8429.660] (==) Automatically adding devices
[  8429.660] (==) Automatically enabling devices
[  8429.660] (WW) The directory "/usr/share/fonts/X11/cyrillic" does not exist.
[  8429.660] 	Entry deleted from font path.
[  8429.660] (==) FontPath set to:
	/usr/share/fonts/X11/misc,
	/usr/share/fonts/X11/100dpi/:unscaled,
	/usr/share/fonts/X11/75dpi/:unscaled,
	/usr/share/fonts/X11/Type1,
	/usr/share/fonts/X11/100dpi,
	/usr/share/fonts/X11/75dpi,
	/var/lib/defoma/x-ttcidfont-conf.d/dirs/TrueType,
	built-ins
[  8429.660] (**) ModulePath set to "/usr/lib/xorg/modules,/usr/local/lib/xorg/modules"
[  8429.660] (WW) AllowEmptyInput is on, devices using drivers 'kbd', 'mouse' or 'vmmouse' will be disabled.
[  8429.660] (WW) Disabling Keyboard0
[  8429.660] (WW) Disabling Mouse0
[  8429.660] (II) Loader magic: 0x7d17a0
[  8429.660] (II) Module ABI versions:
[  8429.660] 	X.Org ANSI C Emulation: 0.4
[  8429.660] 	X.Org Video Driver: 8.0
[  8429.660] 	X.Org XInput driver : 11.0
[  8429.660] 	X.Org Server Extension : 4.0
[  8429.661] (--) PCI:*(0:1:0:0) 1002:68c0:103c:1521 rev 0, Mem @ 0xc0000000/268435456, 0xd4400000/131072, I/O @ 0x00005000/256, BIOS @ 0x????????/131072
[  8429.661] (II) Open ACPI successful (/var/run/acpid.socket)
[  8429.661] (II) "extmod" will be loaded by default.
[  8429.661] (II) "dbe" will be loaded by default.
[  8429.661] (II) "glx" will be loaded. This was enabled by default and also specified in the config file.
[  8429.661] (II) "record" will be loaded by default.
[  8429.661] (II) "dri" will be loaded by default.
[  8429.661] (II) "dri2" will be loaded by default.
[  8429.661] (II) LoadModule: "glx"
[  8429.662] (II) Loading /usr/lib/xorg/modules/extensions/libglx.so
[  8429.691] (II) Module glx: vendor="X.Org Foundation"
[  8429.691] 	compiled for 1.9.0, module version = 1.0.0
[  8429.691] 	ABI class: X.Org Server Extension, version 4.0
[  8429.691] (==) AIGLX enabled
[  8429.691] (II) Loading extension GLX
[  8429.692] (II) LoadModule: "extmod"
[  8429.692] (II) Loading /usr/lib/xorg/modules/extensions/libextmod.so
[  8429.692] (II) Module extmod: vendor="X.Org Foundation"
[  8429.692] 	compiled for 1.9.0, module version = 1.0.0
[  8429.692] 	Module class: X.Org Server Extension
[  8429.692] 	ABI class: X.Org Server Extension, version 4.0
[  8429.692] (II) Loading extension MIT-SCREEN-SAVER
[  8429.692] (II) Loading extension XFree86-VidModeExtension
[  8429.692] (II) Loading extension XFree86-DGA
[  8429.692] (II) Loading extension DPMS
[  8429.692] (II) Loading extension XVideo
[  8429.692] (II) Loading extension XVideo-MotionCompensation
[  8429.692] (II) Loading extension X-Resource
[  8429.692] (II) LoadModule: "dbe"
[  8429.692] (II) Loading /usr/lib/xorg/modules/extensions/libdbe.so
[  8429.692] (II) Module dbe: vendor="X.Org Foundation"
[  8429.692] 	compiled for 1.9.0, module version = 1.0.0
[  8429.692] 	Module class: X.Org Server Extension
[  8429.692] 	ABI class: X.Org Server Extension, version 4.0
[  8429.692] (II) Loading extension DOUBLE-BUFFER
[  8429.692] (II) LoadModule: "record"
[  8429.693] (II) Loading /usr/lib/xorg/modules/extensions/librecord.so
[  8429.693] (II) Module record: vendor="X.Org Foundation"
[  8429.693] 	compiled for 1.9.0, module version = 1.13.0
[  8429.693] 	Module class: X.Org Server Extension
[  8429.693] 	ABI class: X.Org Server Extension, version 4.0
[  8429.693] (II) Loading extension RECORD
[  8429.693] (II) LoadModule: "dri"
[  8429.693] (II) Loading /usr/lib/xorg/modules/extensions/libdri.so
[  8429.693] (II) Module dri: vendor="X.Org Foundation"
[  8429.693] 	compiled for 1.9.0, module version = 1.0.0
[  8429.693] 	ABI class: X.Org Server Extension, version 4.0
[  8429.693] (II) Loading extension XFree86-DRI
[  8429.693] (II) LoadModule: "dri2"
[  8429.693] (II) Loading /usr/lib/xorg/modules/extensions/libdri2.so
[  8429.693] (II) Module dri2: vendor="X.Org Foundation"
[  8429.693] 	compiled for 1.9.0, module version = 1.2.0
[  8429.693] 	ABI class: X.Org Server Extension, version 4.0
[  8429.693] (II) Loading extension DRI2
[  8429.693] (II) LoadModule: "displaylink"
[  8429.694] (II) Loading /usr/lib/xorg/modules/drivers/displaylink_drv.so
[  8429.694] (II) Module displaylink: vendor="X.Org Foundation"
[  8429.694] 	compiled for 1.8.99.905, module version = 0.0.1
[  8429.694] 	ABI class: X.Org Video Driver, version 8.0
[  8429.694] (II) LoadModule: "nvidia"
[  8429.707] (WW) Warning, couldn't open module nvidia
[  8429.707] (II) UnloadModule: "nvidia"
[  8429.707] (EE) Failed to load module "nvidia" (module does not exist, 0)
[  8429.707] (II) DL: driver for : displaylink
[  8429.707] (--) using VT number 8

[  8431.914] (WW) Falling back to old probe method for displaylink
[  8431.914] (II) Loading sub module "fbdevhw"
[  8431.914] (II) LoadModule: "fbdevhw"
[  8431.914] (II) Loading /usr/lib/xorg/modules/libfbdevhw.so
[  8431.914] (II) Module fbdevhw: vendor="X.Org Foundation"
[  8431.914] 	compiled for 1.9.0, module version = 0.0.2
[  8431.914] 	ABI class: X.Org Video Driver, version 8.0
[  8431.914] (EE) open /dev/fb0: No such file or directory
[  8431.914] (EE) No devices detected.
[  8431.914] 
Fatal server error:
[  8431.914] no screens found
[  8431.914] 
Please consult the The X.Org Foundation support 
	 at http://wiki.x.org
 for help. 
[  8431.914] Please also check the log file at "/var/log/xorg.conf.xorg.conf.nvidia.log" for additional information.
[  8431.914] 
