[  1366.427] 
X.Org X Server 1.9.0
Release Date: 2010-08-20
[  1366.427] X Protocol Version 11, Revision 0
[  1366.427] Build Operating System: Linux 2.6.24-28-server x86_64 Ubuntu
[  1366.427] Current Operating System: Linux hp 2.6.35-28-generic #49-Ubuntu SMP Tue Mar 1 14:39:03 UTC 2011 x86_64
[  1366.427] Kernel command line: BOOT_IMAGE=/boot/vmlinuz-2.6.35-28-generic root=UUID=11247821-df55-4e44-9b48-8d2791c4ac0b ro quiet splash
[  1366.427] Build Date: 09 January 2011  12:14:27PM
[  1366.427] xorg-server 2:1.9.0-0ubuntu7.3 (For technical support please see http://www.ubuntu.com/support) 
[  1366.427] Current version of pixman: 0.18.4
[  1366.427] 	Before reporting problems, check http://wiki.x.org
	to make sure that you have the latest version.
[  1366.428] Markers: (--) probed, (**) from config file, (==) default setting,
	(++) from command line, (!!) notice, (II) informational,
	(WW) warning, (EE) error, (NI) not implemented, (??) unknown.
[  1366.428] (++) Log file: "/var/log/Xorg.displaylink3.log", Time: Tue Mar 29 11:29:14 2011
[  1366.428] (++) Using config file: "/etc/X11/xorg.conf.displaylink3"
[  1366.428] (==) Using system config directory "/usr/share/X11/xorg.conf.d"
[  1366.429] (==) ServerLayout "Nvidia-Layout"
[  1366.429] (**) |-->Screen "DisplayLinkScreen" (0)
[  1366.429] (**) |   |-->Monitor "DisplayLinkMonitor"
[  1366.429] (**) |   |-->Device "DisplayLinkDevice"
[  1366.429] (**) |-->Screen "Screen1" (1)
[  1366.429] (**) |   |-->Monitor "Viewsonic1"
[  1366.430] (==) No device specified for screen "Screen1".
	Using the first device section listed.
[  1366.430] (**) |   |-->Device "Default Device"
[  1366.430] (**) Option "Xinerama" "off"
[  1366.430] (==) Automatically adding devices
[  1366.430] (==) Automatically enabling devices
[  1366.430] (WW) The directory "/usr/share/fonts/X11/cyrillic" does not exist.
[  1366.430] 	Entry deleted from font path.
[  1366.430] (==) FontPath set to:
	/usr/share/fonts/X11/misc,
	/usr/share/fonts/X11/100dpi/:unscaled,
	/usr/share/fonts/X11/75dpi/:unscaled,
	/usr/share/fonts/X11/Type1,
	/usr/share/fonts/X11/100dpi,
	/usr/share/fonts/X11/75dpi,
	/var/lib/defoma/x-ttcidfont-conf.d/dirs/TrueType,
	built-ins
[  1366.430] (==) ModulePath set to "/usr/lib/xorg/extra-modules,/usr/lib/xorg/modules"
[  1366.430] (II) The server relies on udev to provide the list of input devices.
	If no devices become available, reconfigure udev or disable AutoAddDevices.
[  1366.430] (II) Loader magic: 0x7d17a0
[  1366.430] (II) Module ABI versions:
[  1366.430] 	X.Org ANSI C Emulation: 0.4
[  1366.431] 	X.Org Video Driver: 8.0
[  1366.431] 	X.Org XInput driver : 11.0
[  1366.431] 	X.Org Server Extension : 4.0
[  1366.433] (--) PCI:*(0:1:0:0) 1002:68c0:103c:1521 rev 0, Mem @ 0xc0000000/268435456, 0xd4400000/131072, I/O @ 0x00005000/256, BIOS @ 0x????????/131072
[  1366.433] (II) Open ACPI successful (/var/run/acpid.socket)
[  1366.433] (II) "extmod" will be loaded by default.
[  1366.433] (II) "dbe" will be loaded by default.
[  1366.434] (II) "glx" will be loaded. This was enabled by default and also specified in the config file.
[  1366.434] (II) "record" will be loaded by default.
[  1366.434] (II) "dri" will be loaded by default.
[  1366.434] (II) "dri2" will be loaded by default.
[  1366.434] (II) LoadModule: "glx"
[  1366.434] (II) Loading /usr/lib/xorg/extra-modules/modules/extensions/libglx.so
[  1366.434] (II) Module glx: vendor="FireGL - ATI Technologies Inc."
[  1366.434] 	compiled for 7.6.0, module version = 1.0.0
[  1366.435] (II) Loading extension GLX
[  1366.435] (II) LoadModule: "extmod"
[  1366.435] (II) Loading /usr/lib/xorg/modules/extensions/libextmod.so
[  1366.436] (II) Module extmod: vendor="X.Org Foundation"
[  1366.436] 	compiled for 1.9.0, module version = 1.0.0
[  1366.436] 	Module class: X.Org Server Extension
[  1366.436] 	ABI class: X.Org Server Extension, version 4.0
[  1366.436] (II) Loading extension MIT-SCREEN-SAVER
[  1366.436] (II) Loading extension XFree86-VidModeExtension
[  1366.436] (II) Loading extension XFree86-DGA
[  1366.436] (II) Loading extension DPMS
[  1366.436] (II) Loading extension XVideo
[  1366.436] (II) Loading extension XVideo-MotionCompensation
[  1366.436] (II) Loading extension X-Resource
[  1366.436] (II) LoadModule: "dbe"
[  1366.436] (II) Loading /usr/lib/xorg/modules/extensions/libdbe.so
[  1366.436] (II) Module dbe: vendor="X.Org Foundation"
[  1366.437] 	compiled for 1.9.0, module version = 1.0.0
[  1366.437] 	Module class: X.Org Server Extension
[  1366.437] 	ABI class: X.Org Server Extension, version 4.0
[  1366.437] (II) Loading extension DOUBLE-BUFFER
[  1366.437] (II) LoadModule: "record"
[  1366.437] (II) Loading /usr/lib/xorg/modules/extensions/librecord.so
[  1366.437] (II) Module record: vendor="X.Org Foundation"
[  1366.437] 	compiled for 1.9.0, module version = 1.13.0
[  1366.437] 	Module class: X.Org Server Extension
[  1366.437] 	ABI class: X.Org Server Extension, version 4.0
[  1366.437] (II) Loading extension RECORD
[  1366.437] (II) LoadModule: "dri"
[  1366.438] (II) Loading /usr/lib/xorg/modules/extensions/libdri.so
[  1366.438] (II) Module dri: vendor="X.Org Foundation"
[  1366.438] 	compiled for 1.9.0, module version = 1.0.0
[  1366.438] 	ABI class: X.Org Server Extension, version 4.0
[  1366.438] (II) Loading extension XFree86-DRI
[  1366.438] (II) LoadModule: "dri2"
[  1366.439] (II) Loading /usr/lib/xorg/modules/extensions/libdri2.so
[  1366.439] (II) Module dri2: vendor="X.Org Foundation"
[  1366.439] 	compiled for 1.9.0, module version = 1.2.0
[  1366.439] 	ABI class: X.Org Server Extension, version 4.0
[  1366.439] (II) Loading extension DRI2
[  1366.439] (II) LoadModule: "displaylink"
[  1366.440] (II) Loading /usr/lib/xorg/modules/drivers/displaylink_drv.so
[  1366.440] (II) Module displaylink: vendor="X.Org Foundation"
[  1366.440] 	compiled for 1.8.99.905, module version = 0.0.1
[  1366.440] 	ABI class: X.Org Video Driver, version 8.0
[  1366.440] (II) LoadModule: "fglrx"
[  1366.440] (II) Loading /usr/lib/xorg/extra-modules/modules/drivers/fglrx_drv.so
[  1366.452] (II) Module fglrx: vendor="FireGL - ATI Technologies Inc."
[  1366.453] 	compiled for 1.4.99.906, module version = 8.78.30
[  1366.453] 	Module class: X.Org Video Driver
[  1366.453] (II) Loading sub module "fglrxdrm"
[  1366.453] (II) LoadModule: "fglrxdrm"
[  1366.453] (II) Loading /usr/lib/xorg/extra-modules/modules/linux/libfglrxdrm.so
[  1366.453] (II) Module fglrxdrm: vendor="FireGL - ATI Technologies Inc."
[  1366.453] 	compiled for 1.8.99.905, module version = 8.78.30
[  1366.453] (II) DL: driver for : displaylink
[  1366.453] (II) ATI Proprietary Linux Driver Version Identifier:8.78.30
[  1366.453] (II) ATI Proprietary Linux Driver Release Identifier: 8.78.3                               
[  1366.453] (II) ATI Proprietary Linux Driver Build Date: Sep 20 2010 21:31:08
[  1366.453] (--) using VT number 8

[  1368.917] (WW) Falling back to old probe method for displaylink
[  1368.917] (II) Loading sub module "fbdevhw"
[  1368.917] (II) LoadModule: "fbdevhw"
[  1368.918] (II) Loading /usr/lib/xorg/modules/libfbdevhw.so
[  1368.918] (II) Module fbdevhw: vendor="X.Org Foundation"
[  1368.918] 	compiled for 1.9.0, module version = 0.0.2
[  1368.918] 	ABI class: X.Org Video Driver, version 8.0
[  1368.918] (II) DL(0): using /dev/fb0
[  1368.918] (WW) Falling back to old probe method for fglrx
[  1368.922] (II) DL(0): Loading PCS database from /etc/ati/amdpcsdb
[  1368.923] (--) Assigning device section with no busID to primary device
[  1368.923] (--) Chipset Supported AMD Graphics Processor (0x68C0) found
[  1368.923] (WW) fglrx: No matching Device section for instance (BusID PCI:0@1:0:1) found
[  1368.923] (II) DL(0): AMD Video driver is running on a device belonging to a group targeted for this release
[  1368.923] (II) DL(0): AMD Video driver is signed
[  1368.924] (II) DL(0): pEnt->device->identifier=0x1934a50
[  1368.924] (II) DL(0): Manufacturer: VSC  Model: a21e  Serial#: 16842753
[  1368.924] (II) DL(0): Year: 2008  Week: 4
[  1368.924] (II) DL(0): EDID Version: 1.3
[  1368.924] (II) DL(0): Analog Display Input,  Input Voltage Level: 0.700/0.300 V
[  1368.924] (II) DL(0): Sync:  Separate  Composite  SyncOnGreen
[  1368.924] (II) DL(0): Max Image Size [cm]: horiz.: 47  vert.: 30
[  1368.924] (II) DL(0): Gamma: 2.20
[  1368.924] (II) DL(0): DPMS capabilities: Off; RGB/Color Display
[  1368.924] (II) DL(0): Default color space is primary color space
[  1368.924] (II) DL(0): First detailed timing is preferred mode
[  1368.924] (II) DL(0): redX: 0.640 redY: 0.333   greenX: 0.285 greenY: 0.602
[  1368.924] (II) DL(0): blueX: 0.152 blueY: 0.074   whiteX: 0.313 whiteY: 0.329
[  1368.924] (II) DL(0): Supported established timings:
[  1368.924] (II) DL(0): 720x400@70Hz
[  1368.924] (II) DL(0): 640x480@60Hz
[  1368.924] (II) DL(0): 640x480@67Hz
[  1368.924] (II) DL(0): 640x480@72Hz
[  1368.924] (II) DL(0): 640x480@75Hz
[  1368.924] (II) DL(0): 800x600@56Hz
[  1368.924] (II) DL(0): 800x600@60Hz
[  1368.924] (II) DL(0): 800x600@72Hz
[  1368.924] (II) DL(0): 800x600@75Hz
[  1368.924] (II) DL(0): 832x624@75Hz
[  1368.924] (II) DL(0): 1024x768@60Hz
[  1368.924] (II) DL(0): 1024x768@70Hz
[  1368.924] (II) DL(0): 1024x768@75Hz
[  1368.924] (II) DL(0): 1280x1024@75Hz
[  1368.924] (II) DL(0): 1152x864@75Hz
[  1368.924] (II) DL(0): Manufacturer's mask: 0
[  1368.924] (II) DL(0): Supported standard timings:
[  1368.924] (II) DL(0): #0: hsize: 1680  vsize 1050  refresh: 60  vid: 179
[  1368.924] (II) DL(0): #1: hsize: 1600  vsize 1200  refresh: 60  vid: 16553
[  1368.924] (II) DL(0): #2: hsize: 1440  vsize 900  refresh: 60  vid: 149
[  1368.924] (II) DL(0): #3: hsize: 1400  vsize 1050  refresh: 60  vid: 16528
[  1368.924] (II) DL(0): #4: hsize: 1280  vsize 1024  refresh: 60  vid: 32897
[  1368.924] (II) DL(0): #5: hsize: 1280  vsize 960  refresh: 60  vid: 16513
[  1368.924] (II) DL(0): #6: hsize: 1152  vsize 864  refresh: 75  vid: 20337
[  1368.924] (II) DL(0): Supported detailed timing:
[  1368.924] (II) DL(0): clock: 146.2 MHz   Image Size:  474 x 296 mm
[  1368.924] (II) DL(0): h_active: 1680  h_sync: 1784  h_sync_end 1960 h_blank_end 2240 h_border: 0
[  1368.924] (II) DL(0): v_active: 1050  v_sync: 1053  v_sync_end 1059 v_blanking: 1089 v_border: 0
[  1368.924] (II) DL(0): Serial No: QC9080423299
[  1368.924] (II) DL(0): Ranges: V min: 50 V max: 75 Hz, H min: 30 H max: 82 kHz, PixClock max 175 MHz
[  1368.924] (II) DL(0): Monitor name: VG2230wm
[  1368.924] (II) DL(0): EDID (in hex):
[  1368.924] (II) DL(0): 	00ffffffffffff005a631ea201000101
[  1368.925] (II) DL(0): 	041201030e2f1e782ed005a355499a27
[  1368.925] (II) DL(0): 	135054bfef80b300a940950090408180
[  1368.925] (II) DL(0): 	8140714f010121399030621a274068b0
[  1368.925] (II) DL(0): 	3600da281100001c000000ff00514339
[  1368.925] (II) DL(0): 	3038303432333239390a000000fd0032
[  1368.925] (II) DL(0): 	4b1e5211000a202020202020000000fc
[  1368.925] (II) DL(0): 	00564732323330776d0a202020200072
[  1368.925] (II) DL(0): Creating default Display subsection in Screen section
	"DisplayLinkScreen" for depth/fbbpp 16/16
[  1368.925] (==) DL(0): Depth 16, (==) framebuffer bpp 16
[  1368.925] (==) DL(0): RGB weight 565
[  1368.925] (==) DL(0): Default visual is TrueColor
[  1368.925] (==) DL(0): Using gamma correction (1.0, 1.0, 1.0)
[  1368.925] (II) DL(0): hardware: udlfb (video memory: 2872kB)
[  1368.925] (**) DL(0): Option "fbdev" "/dev/fb0"
[  1368.925] (II) Loading sub module "fb"
[  1368.925] (II) LoadModule: "fb"
[  1368.925] (II) Loading /usr/lib/xorg/modules/libfb.so
[  1368.926] (II) Module fb: vendor="X.Org Foundation"
[  1368.926] 	compiled for 1.9.0, module version = 1.0.0
[  1368.926] 	ABI class: X.Org ANSI C Emulation, version 0.4
[  1368.926] (II) DL(0): Output udlfb using monitor section DisplayLinkMonitor
[  1368.926] (II) DL(0): EDID for output udlfb
[  1368.926] (II) DL(0): Manufacturer: VSC  Model: a21e  Serial#: 16842753
[  1368.926] (II) DL(0): Year: 2008  Week: 4
[  1368.926] (II) DL(0): EDID Version: 1.3
[  1368.926] (II) DL(0): Analog Display Input,  Input Voltage Level: 0.700/0.300 V
[  1368.926] (II) DL(0): Sync:  Separate  Composite  SyncOnGreen
[  1368.926] (II) DL(0): Max Image Size [cm]: horiz.: 47  vert.: 30
[  1368.926] (II) DL(0): Gamma: 2.20
[  1368.926] (II) DL(0): DPMS capabilities: Off; RGB/Color Display
[  1368.926] (II) DL(0): Default color space is primary color space
[  1368.926] (II) DL(0): First detailed timing is preferred mode
[  1368.926] (II) DL(0): redX: 0.640 redY: 0.333   greenX: 0.285 greenY: 0.602
[  1368.926] (II) DL(0): blueX: 0.152 blueY: 0.074   whiteX: 0.313 whiteY: 0.329
[  1368.926] (II) DL(0): Supported established timings:
[  1368.927] (II) DL(0): 720x400@70Hz
[  1368.927] (II) DL(0): 640x480@60Hz
[  1368.927] (II) DL(0): 640x480@67Hz
[  1368.927] (II) DL(0): 640x480@72Hz
[  1368.927] (II) DL(0): 640x480@75Hz
[  1368.927] (II) DL(0): 800x600@56Hz
[  1368.927] (II) DL(0): 800x600@60Hz
[  1368.927] (II) DL(0): 800x600@72Hz
[  1368.927] (II) DL(0): 800x600@75Hz
[  1368.927] (II) DL(0): 832x624@75Hz
[  1368.927] (II) DL(0): 1024x768@60Hz
[  1368.927] (II) DL(0): 1024x768@70Hz
[  1368.927] (II) DL(0): 1024x768@75Hz
[  1368.927] (II) DL(0): 1280x1024@75Hz
[  1368.927] (II) DL(0): 1152x864@75Hz
[  1368.927] (II) DL(0): Manufacturer's mask: 0
[  1368.927] (II) DL(0): Supported standard timings:
[  1368.927] (II) DL(0): #0: hsize: 1680  vsize 1050  refresh: 60  vid: 179
[  1368.927] (II) DL(0): #1: hsize: 1600  vsize 1200  refresh: 60  vid: 16553
[  1368.927] (II) DL(0): #2: hsize: 1440  vsize 900  refresh: 60  vid: 149
[  1368.927] (II) DL(0): #3: hsize: 1400  vsize 1050  refresh: 60  vid: 16528
[  1368.927] (II) DL(0): #4: hsize: 1280  vsize 1024  refresh: 60  vid: 32897
[  1368.927] (II) DL(0): #5: hsize: 1280  vsize 960  refresh: 60  vid: 16513
[  1368.927] (II) DL(0): #6: hsize: 1152  vsize 864  refresh: 75  vid: 20337
[  1368.927] (II) DL(0): Supported detailed timing:
[  1368.927] (II) DL(0): clock: 146.2 MHz   Image Size:  474 x 296 mm
[  1368.927] (II) DL(0): h_active: 1680  h_sync: 1784  h_sync_end 1960 h_blank_end 2240 h_border: 0
[  1368.927] (II) DL(0): v_active: 1050  v_sync: 1053  v_sync_end 1059 v_blanking: 1089 v_border: 0
[  1368.927] (II) DL(0): Serial No: QC9080423299
[  1368.927] (II) DL(0): Ranges: V min: 50 V max: 75 Hz, H min: 30 H max: 82 kHz, PixClock max 175 MHz
[  1368.927] (II) DL(0): Monitor name: VG2230wm
[  1368.927] (II) DL(0): EDID (in hex):
[  1368.927] (II) DL(0): 	00ffffffffffff005a631ea201000101
[  1368.927] (II) DL(0): 	041201030e2f1e782ed005a355499a27
[  1368.927] (II) DL(0): 	135054bfef80b300a940950090408180
[  1368.928] (II) DL(0): 	8140714f010121399030621a274068b0
[  1368.928] (II) DL(0): 	3600da281100001c000000ff00514339
[  1368.928] (II) DL(0): 	3038303432333239390a000000fd0032
[  1368.928] (II) DL(0): 	4b1e5211000a202020202020000000fc
[  1368.928] (II) DL(0): 	00564732323330776d0a202020200072
[  1368.928] (II) DL(0): EDID vendor "VSC", prod id 41502
[  1368.928] (II) DL(0): Using EDID range info for horizontal sync
[  1368.928] (II) DL(0): Using EDID range info for vertical refresh
[  1368.928] (II) DL(0): Printing DDC gathered Modelines:
[  1368.928] (II) DL(0): Modeline "1680x1050"x0.0  146.25  1680 1784 1960 2240  1050 1053 1059 1089 -hsync +vsync (65.3 kHz)
[  1368.928] (II) DL(0): Modeline "800x600"x0.0   40.00  800 840 968 1056  600 601 605 628 +hsync +vsync (37.9 kHz)
[  1368.928] (II) DL(0): Modeline "800x600"x0.0   36.00  800 824 896 1024  600 601 603 625 +hsync +vsync (35.2 kHz)
[  1368.928] (II) DL(0): Modeline "640x480"x0.0   31.50  640 656 720 840  480 481 484 500 -hsync -vsync (37.5 kHz)
[  1368.928] (II) DL(0): Modeline "640x480"x0.0   31.50  640 664 704 832  480 489 492 520 -hsync -vsync (37.9 kHz)
[  1368.928] (II) DL(0): Modeline "640x480"x0.0   30.24  640 704 768 864  480 483 486 525 -hsync -vsync (35.0 kHz)
[  1368.928] (II) DL(0): Modeline "640x480"x0.0   25.18  640 656 752 800  480 490 492 525 -hsync -vsync (31.5 kHz)
[  1368.928] (II) DL(0): Modeline "720x400"x0.0   28.32  720 738 846 900  400 412 414 449 -hsync +vsync (31.5 kHz)
[  1368.928] (II) DL(0): Modeline "1280x1024"x0.0  135.00  1280 1296 1440 1688  1024 1025 1028 1066 +hsync +vsync (80.0 kHz)
[  1368.928] (II) DL(0): Modeline "1024x768"x0.0   78.75  1024 1040 1136 1312  768 769 772 800 +hsync +vsync (60.0 kHz)
[  1368.928] (II) DL(0): Modeline "1024x768"x0.0   75.00  1024 1048 1184 1328  768 771 777 806 -hsync -vsync (56.5 kHz)
[  1368.928] (II) DL(0): Modeline "1024x768"x0.0   65.00  1024 1048 1184 1344  768 771 777 806 -hsync -vsync (48.4 kHz)
[  1368.928] (II) DL(0): Modeline "832x624"x0.0   57.28  832 864 928 1152  624 625 628 667 -hsync -vsync (49.7 kHz)
[  1368.928] (II) DL(0): Modeline "800x600"x0.0   49.50  800 816 896 1056  600 601 604 625 +hsync +vsync (46.9 kHz)
[  1368.929] (II) DL(0): Modeline "800x600"x0.0   50.00  800 856 976 1040  600 637 643 666 +hsync +vsync (48.1 kHz)
[  1368.929] (II) DL(0): Modeline "1152x864"x0.0  108.00  1152 1216 1344 1600  864 865 868 900 +hsync +vsync (67.5 kHz)
[  1368.929] (II) DL(0): Modeline "1600x1200"x0.0  162.00  1600 1664 1856 2160  1200 1201 1204 1250 +hsync +vsync (75.0 kHz)
[  1368.929] (II) DL(0): Modeline "1440x900"x0.0  106.50  1440 1520 1672 1904  900 903 909 934 -hsync +vsync (55.9 kHz)
[  1368.929] (II) DL(0): Modeline "1400x1050"x0.0  121.75  1400 1488 1632 1864  1050 1053 1057 1089 -hsync +vsync (65.3 kHz)
[  1368.929] (II) DL(0): Modeline "1280x1024"x0.0  108.00  1280 1328 1440 1688  1024 1025 1028 1066 +hsync +vsync (64.0 kHz)
[  1368.929] (II) DL(0): Modeline "1280x960"x0.0  108.00  1280 1376 1488 1800  960 961 964 1000 +hsync +vsync (60.0 kHz)
[  1368.929] (II) DL(0): EDID vendor "VSC", prod id 41502
[  1368.929] (II) DL(0): EDID for output udlfb
[  1368.929] (II) DL(0): Manufacturer: VSC  Model: a21e  Serial#: 16842753
[  1368.929] (II) DL(0): Year: 2008  Week: 4
[  1368.929] (II) DL(0): EDID Version: 1.3
[  1368.929] (II) DL(0): Analog Display Input,  Input Voltage Level: 0.700/0.300 V
[  1368.929] (II) DL(0): Sync:  Separate  Composite  SyncOnGreen
[  1368.929] (II) DL(0): Max Image Size [cm]: horiz.: 47  vert.: 30
[  1368.929] (II) DL(0): Gamma: 2.20
[  1368.929] (II) DL(0): DPMS capabilities: Off; RGB/Color Display
[  1368.929] (II) DL(0): Default color space is primary color space
[  1368.929] (II) DL(0): First detailed timing is preferred mode
[  1368.929] (II) DL(0): redX: 0.640 redY: 0.333   greenX: 0.285 greenY: 0.602
[  1368.930] (II) DL(0): blueX: 0.152 blueY: 0.074   whiteX: 0.313 whiteY: 0.329
[  1368.930] (II) DL(0): Supported established timings:
[  1368.930] (II) DL(0): 720x400@70Hz
[  1368.930] (II) DL(0): 640x480@60Hz
[  1368.930] (II) DL(0): 640x480@67Hz
[  1368.930] (II) DL(0): 640x480@72Hz
[  1368.930] (II) DL(0): 640x480@75Hz
[  1368.930] (II) DL(0): 800x600@56Hz
[  1368.930] (II) DL(0): 800x600@60Hz
[  1368.930] (II) DL(0): 800x600@72Hz
[  1368.930] (II) DL(0): 800x600@75Hz
[  1368.930] (II) DL(0): 832x624@75Hz
[  1368.930] (II) DL(0): 1024x768@60Hz
[  1368.930] (II) DL(0): 1024x768@70Hz
[  1368.930] (II) DL(0): 1024x768@75Hz
[  1368.930] (II) DL(0): 1280x1024@75Hz
[  1368.930] (II) DL(0): 1152x864@75Hz
[  1368.930] (II) DL(0): Manufacturer's mask: 0
[  1368.930] (II) DL(0): Supported standard timings:
[  1368.930] (II) DL(0): #0: hsize: 1680  vsize 1050  refresh: 60  vid: 179
[  1368.930] (II) DL(0): #1: hsize: 1600  vsize 1200  refresh: 60  vid: 16553
[  1368.930] (II) DL(0): #2: hsize: 1440  vsize 900  refresh: 60  vid: 149
[  1368.930] (II) DL(0): #3: hsize: 1400  vsize 1050  refresh: 60  vid: 16528
[  1368.930] (II) DL(0): #4: hsize: 1280  vsize 1024  refresh: 60  vid: 32897
[  1368.930] (II) DL(0): #5: hsize: 1280  vsize 960  refresh: 60  vid: 16513
[  1368.930] (II) DL(0): #6: hsize: 1152  vsize 864  refresh: 75  vid: 20337
[  1368.930] (II) DL(0): Supported detailed timing:
[  1368.930] (II) DL(0): clock: 146.2 MHz   Image Size:  474 x 296 mm
[  1368.930] (II) DL(0): h_active: 1680  h_sync: 1784  h_sync_end 1960 h_blank_end 2240 h_border: 0
[  1368.930] (II) DL(0): v_active: 1050  v_sync: 1053  v_sync_end 1059 v_blanking: 1089 v_border: 0
[  1368.930] (II) DL(0): Serial No: QC9080423299
[  1368.930] (II) DL(0): Ranges: V min: 50 V max: 75 Hz, H min: 30 H max: 82 kHz, PixClock max 175 MHz
[  1368.931] (II) DL(0): Monitor name: VG2230wm
[  1368.931] (II) DL(0): EDID (in hex):
[  1368.931] (II) DL(0): 	00ffffffffffff005a631ea201000101
[  1368.931] (II) DL(0): 	041201030e2f1e782ed005a355499a27
[  1368.931] (II) DL(0): 	135054bfef80b300a940950090408180
[  1368.931] (II) DL(0): 	8140714f010121399030621a274068b0
[  1368.931] (II) DL(0): 	3600da281100001c000000ff00514339
[  1368.931] (II) DL(0): 	3038303432333239390a000000fd0032
[  1368.931] (II) DL(0): 	4b1e5211000a202020202020000000fc
[  1368.931] (II) DL(0): 	00564732323330776d0a202020200072
[  1368.931] (II) DL(0): EDID vendor "VSC", prod id 41502
[  1368.931] (II) DL(0): Using hsync ranges from config file
[  1368.931] (II) DL(0): Using vrefresh ranges from config file
[  1368.931] (II) DL(0): Printing DDC gathered Modelines:
[  1368.931] (II) DL(0): Modeline "1680x1050"x0.0  146.25  1680 1784 1960 2240  1050 1053 1059 1089 -hsync +vsync (65.3 kHz)
[  1368.931] (II) DL(0): Modeline "800x600"x0.0   40.00  800 840 968 1056  600 601 605 628 +hsync +vsync (37.9 kHz)
[  1368.931] (II) DL(0): Modeline "800x600"x0.0   36.00  800 824 896 1024  600 601 603 625 +hsync +vsync (35.2 kHz)
[  1368.931] (II) DL(0): Modeline "640x480"x0.0   31.50  640 656 720 840  480 481 484 500 -hsync -vsync (37.5 kHz)
[  1368.931] (II) DL(0): Modeline "640x480"x0.0   31.50  640 664 704 832  480 489 492 520 -hsync -vsync (37.9 kHz)
[  1368.931] (II) DL(0): Modeline "640x480"x0.0   30.24  640 704 768 864  480 483 486 525 -hsync -vsync (35.0 kHz)
[  1368.931] (II) DL(0): Modeline "640x480"x0.0   25.18  640 656 752 800  480 490 492 525 -hsync -vsync (31.5 kHz)
[  1368.931] (II) DL(0): Modeline "720x400"x0.0   28.32  720 738 846 900  400 412 414 449 -hsync +vsync (31.5 kHz)
[  1368.931] (II) DL(0): Modeline "1280x1024"x0.0  135.00  1280 1296 1440 1688  1024 1025 1028 1066 +hsync +vsync (80.0 kHz)
[  1368.931] (II) DL(0): Modeline "1024x768"x0.0   78.75  1024 1040 1136 1312  768 769 772 800 +hsync +vsync (60.0 kHz)
[  1368.931] (II) DL(0): Modeline "1024x768"x0.0   75.00  1024 1048 1184 1328  768 771 777 806 -hsync -vsync (56.5 kHz)
[  1368.931] (II) DL(0): Modeline "1024x768"x0.0   65.00  1024 1048 1184 1344  768 771 777 806 -hsync -vsync (48.4 kHz)
[  1368.931] (II) DL(0): Modeline "832x624"x0.0   57.28  832 864 928 1152  624 625 628 667 -hsync -vsync (49.7 kHz)
[  1368.931] (II) DL(0): Modeline "800x600"x0.0   49.50  800 816 896 1056  600 601 604 625 +hsync +vsync (46.9 kHz)
[  1368.931] (II) DL(0): Modeline "800x600"x0.0   50.00  800 856 976 1040  600 637 643 666 +hsync +vsync (48.1 kHz)
[  1368.931] (II) DL(0): Modeline "1152x864"x0.0  108.00  1152 1216 1344 1600  864 865 868 900 +hsync +vsync (67.5 kHz)
[  1368.931] (II) DL(0): Modeline "1600x1200"x0.0  162.00  1600 1664 1856 2160  1200 1201 1204 1250 +hsync +vsync (75.0 kHz)
[  1368.931] (II) DL(0): Modeline "1440x900"x0.0  106.50  1440 1520 1672 1904  900 903 909 934 -hsync +vsync (55.9 kHz)
[  1368.931] (II) DL(0): Modeline "1400x1050"x0.0  121.75  1400 1488 1632 1864  1050 1053 1057 1089 -hsync +vsync (65.3 kHz)
[  1368.931] (II) DL(0): Modeline "1280x1024"x0.0  108.00  1280 1328 1440 1688  1024 1025 1028 1066 +hsync +vsync (64.0 kHz)
[  1368.931] (II) DL(0): Modeline "1280x960"x0.0  108.00  1280 1376 1488 1800  960 961 964 1000 +hsync +vsync (60.0 kHz)
[  1368.931] (II) DL(0): EDID vendor "VSC", prod id 41502
[  1368.931] (II) DL(0): Not using mode "1680x1050" (width too large for virtual size)
[  1368.931] (II) DL(0): Not using mode "1600x1200" (height too large for virtual size)
[  1368.931] (II) DL(0): Not using mode "1440x900" (width too large for virtual size)
[  1368.931] (II) DL(0): Printing probed modes for output udlfb
[  1368.931] (II) DL(0): Modeline "1400x1050"x60.0  121.75  1400 1488 1632 1864  1050 1053 1057 1089 -hsync +vsync (65.3 kHz)
[  1368.931] (II) DL(0): Modeline "1280x1024"x75.0  135.00  1280 1296 1440 1688  1024 1025 1028 1066 +hsync +vsync (80.0 kHz)
[  1368.931] (II) DL(0): Modeline "1280x1024"x60.0  108.00  1280 1328 1440 1688  1024 1025 1028 1066 +hsync +vsync (64.0 kHz)
[  1368.931] (II) DL(0): Modeline "1280x960"x60.0  108.00  1280 1376 1488 1800  960 961 964 1000 +hsync +vsync (60.0 kHz)
[  1368.931] (II) DL(0): Modeline "1152x864"x75.0  108.00  1152 1216 1344 1600  864 865 868 900 +hsync +vsync (67.5 kHz)
[  1368.931] (II) DL(0): Modeline "1024x768"x75.0   78.75  1024 1040 1136 1312  768 769 772 800 +hsync +vsync (60.0 kHz)
[  1368.931] (II) DL(0): Modeline "1024x768"x70.1   75.00  1024 1048 1184 1328  768 771 777 806 -hsync -vsync (56.5 kHz)
[  1368.931] (II) DL(0): Modeline "1024x768"x60.0   65.00  1024 1048 1184 1344  768 771 777 806 -hsync -vsync (48.4 kHz)
[  1368.931] (II) DL(0): Modeline "832x624"x74.6   57.28  832 864 928 1152  624 625 628 667 -hsync -vsync (49.7 kHz)
[  1368.931] (II) DL(0): Modeline "800x600"x72.2   50.00  800 856 976 1040  600 637 643 666 +hsync +vsync (48.1 kHz)
[  1368.931] (II) DL(0): Modeline "800x600"x75.0   49.50  800 816 896 1056  600 601 604 625 +hsync +vsync (46.9 kHz)
[  1368.931] (II) DL(0): Modeline "800x600"x60.3   40.00  800 840 968 1056  600 601 605 628 +hsync +vsync (37.9 kHz)
[  1368.932] (II) DL(0): Modeline "800x600"x56.2   36.00  800 824 896 1024  600 601 603 625 +hsync +vsync (35.2 kHz)
[  1368.932] (II) DL(0): Modeline "640x480"x75.0   31.50  640 656 720 840  480 481 484 500 -hsync -vsync (37.5 kHz)
[  1368.932] (II) DL(0): Modeline "640x480"x72.8   31.50  640 664 704 832  480 489 492 520 -hsync -vsync (37.9 kHz)
[  1368.932] (II) DL(0): Modeline "640x480"x66.7   30.24  640 704 768 864  480 483 486 525 -hsync -vsync (35.0 kHz)
[  1368.932] (II) DL(0): Modeline "640x480"x59.9   25.18  640 656 752 800  480 490 492 525 -hsync -vsync (31.5 kHz)
[  1368.932] (II) DL(0): Modeline "720x400"x70.1   28.32  720 738 846 900  400 412 414 449 -hsync +vsync (31.5 kHz)
[  1368.932] (II) DL(0): Output udlfb connected
[  1368.932] (II) DL(0): Using fuzzy aspect match for initial modes
[  1368.932] (II) DL(0): Output udlfb using initial mode 1400x1050
[  1368.932] (II) DL(0): Using default gamma of (1.0, 1.0, 1.0) unless otherwise stated.
[  1368.932] (--) DL(0): Virtual size is 1400x1050 (pitch 0)
[  1368.932] (**) DL(0):  Driver mode "1400x1050": 121.8 MHz (scaled from 0.0 MHz), 65.3 kHz, 60.0 Hz
[  1368.932] (II) DL(0): Modeline "1400x1050"x60.0  121.75  1400 1488 1632 1864  1050 1053 1057 1089 -hsync +vsync (65.3 kHz)
[  1368.932] (**) DL(0):  Driver mode "1280x1024": 135.0 MHz (scaled from 0.0 MHz), 80.0 kHz, 75.0 Hz
[  1368.932] (II) DL(0): Modeline "1280x1024"x75.0  135.00  1280 1296 1440 1688  1024 1025 1028 1066 +hsync +vsync (80.0 kHz)
[  1368.932] (**) DL(0):  Driver mode "1280x1024": 108.0 MHz (scaled from 0.0 MHz), 64.0 kHz, 60.0 Hz
[  1368.932] (II) DL(0): Modeline "1280x1024"x60.0  108.00  1280 1328 1440 1688  1024 1025 1028 1066 +hsync +vsync (64.0 kHz)
[  1368.932] (**) DL(0):  Driver mode "1280x960": 108.0 MHz (scaled from 0.0 MHz), 60.0 kHz, 60.0 Hz
[  1368.932] (II) DL(0): Modeline "1280x960"x60.0  108.00  1280 1376 1488 1800  960 961 964 1000 +hsync +vsync (60.0 kHz)
[  1368.932] (**) DL(0):  Driver mode "1152x864": 108.0 MHz (scaled from 0.0 MHz), 67.5 kHz, 75.0 Hz
[  1368.932] (II) DL(0): Modeline "1152x864"x75.0  108.00  1152 1216 1344 1600  864 865 868 900 +hsync +vsync (67.5 kHz)
[  1368.932] (**) DL(0):  Driver mode "1024x768": 78.8 MHz (scaled from 0.0 MHz), 60.0 kHz, 75.0 Hz
[  1368.932] (II) DL(0): Modeline "1024x768"x75.0   78.75  1024 1040 1136 1312  768 769 772 800 +hsync +vsync (60.0 kHz)
[  1368.932] (**) DL(0):  Driver mode "1024x768": 75.0 MHz (scaled from 0.0 MHz), 56.5 kHz, 70.1 Hz
[  1368.932] (II) DL(0): Modeline "1024x768"x70.1   75.00  1024 1048 1184 1328  768 771 777 806 -hsync -vsync (56.5 kHz)
[  1368.932] (**) DL(0):  Driver mode "1024x768": 65.0 MHz (scaled from 0.0 MHz), 48.4 kHz, 60.0 Hz
[  1368.932] (II) DL(0): Modeline "1024x768"x60.0   65.00  1024 1048 1184 1344  768 771 777 806 -hsync -vsync (48.4 kHz)
[  1368.932] (**) DL(0):  Driver mode "832x624": 57.3 MHz (scaled from 0.0 MHz), 49.7 kHz, 74.6 Hz
[  1368.932] (II) DL(0): Modeline "832x624"x74.6   57.28  832 864 928 1152  624 625 628 667 -hsync -vsync (49.7 kHz)
[  1368.932] (**) DL(0):  Driver mode "800x600": 50.0 MHz (scaled from 0.0 MHz), 48.1 kHz, 72.2 Hz
[  1368.932] (II) DL(0): Modeline "800x600"x72.2   50.00  800 856 976 1040  600 637 643 666 +hsync +vsync (48.1 kHz)
[  1368.932] (**) DL(0):  Driver mode "800x600": 49.5 MHz (scaled from 0.0 MHz), 46.9 kHz, 75.0 Hz
[  1368.932] (II) DL(0): Modeline "800x600"x75.0   49.50  800 816 896 1056  600 601 604 625 +hsync +vsync (46.9 kHz)
[  1368.932] (**) DL(0):  Driver mode "800x600": 40.0 MHz (scaled from 0.0 MHz), 37.9 kHz, 60.3 Hz
[  1368.932] (II) DL(0): Modeline "800x600"x60.3   40.00  800 840 968 1056  600 601 605 628 +hsync +vsync (37.9 kHz)
[  1368.932] (**) DL(0):  Driver mode "800x600": 36.0 MHz (scaled from 0.0 MHz), 35.2 kHz, 56.2 Hz
[  1368.932] (II) DL(0): Modeline "800x600"x56.2   36.00  800 824 896 1024  600 601 603 625 +hsync +vsync (35.2 kHz)
[  1368.932] (**) DL(0):  Driver mode "640x480": 31.5 MHz (scaled from 0.0 MHz), 37.5 kHz, 75.0 Hz
[  1368.932] (II) DL(0): Modeline "640x480"x75.0   31.50  640 656 720 840  480 481 484 500 -hsync -vsync (37.5 kHz)
[  1368.932] (**) DL(0):  Driver mode "640x480": 31.5 MHz (scaled from 0.0 MHz), 37.9 kHz, 72.8 Hz
[  1368.932] (II) DL(0): Modeline "640x480"x72.8   31.50  640 664 704 832  480 489 492 520 -hsync -vsync (37.9 kHz)
[  1368.932] (**) DL(0):  Driver mode "640x480": 30.2 MHz (scaled from 0.0 MHz), 35.0 kHz, 66.7 Hz
[  1368.932] (II) DL(0): Modeline "640x480"x66.7   30.24  640 704 768 864  480 483 486 525 -hsync -vsync (35.0 kHz)
[  1368.932] (**) DL(0):  Driver mode "640x480": 25.2 MHz (scaled from 0.0 MHz), 31.5 kHz, 59.9 Hz
[  1368.932] (II) DL(0): Modeline "640x480"x59.9   25.18  640 656 752 800  480 490 492 525 -hsync -vsync (31.5 kHz)
[  1368.932] (**) DL(0):  Driver mode "720x400": 28.3 MHz (scaled from 0.0 MHz), 31.5 kHz, 70.1 Hz
[  1368.932] (II) DL(0): Modeline "720x400"x70.1   28.32  720 738 846 900  400 412 414 449 -hsync +vsync (31.5 kHz)
[  1368.932] (**) DL(0): Display dimensions: (470, 300) mm
[  1368.932] (**) DL(0): DPI set to (75, 88)
[  1368.932] (II) fglrx(1): === [xdl_x760_atiddxPreInit] === begin
[  1368.933] (II) Loading sub module "vgahw"
[  1368.933] (II) LoadModule: "vgahw"
[  1368.933] (II) Loading /usr/lib/xorg/modules/libvgahw.so
[  1368.933] (II) Module vgahw: vendor="X.Org Foundation"
[  1368.933] 	compiled for 1.9.0, module version = 0.1.0
[  1368.933] 	ABI class: X.Org Video Driver, version 8.0
[  1368.933] (II) fglrx(1): Creating default Display subsection in Screen section
	"Screen1" for depth/fbbpp 24/32
[  1368.933] (==) fglrx(1): Depth 24, (==) framebuffer bpp 32
[  1368.933] (II) fglrx(1): Pixel depth = 24 bits stored in 4 bytes (32 bpp pixmaps)
[  1368.933] (==) fglrx(1): Default visual is TrueColor
[  1368.933] (**) fglrx(1): Option "DPMS"
[  1368.933] (==) fglrx(1): RGB weight 888
[  1368.933] (II) fglrx(1): Using 8 bits per RGB 
[  1368.933] (==) fglrx(1): Buffer Tiling is ON
[  1368.933] (II) Loading sub module "fglrxdrm"
[  1368.933] (II) LoadModule: "fglrxdrm"
[  1368.933] (II) Reloading /usr/lib/xorg/extra-modules/modules/linux/libfglrxdrm.so
[  1368.936] ukiDynamicMajor: found major device number 250
[  1368.936] ukiDynamicMajor: found major device number 250
[  1368.936] ukiOpenByBusid: Searching for BusID PCI:1:0:0
[  1368.936] ukiOpenDevice: node name is /dev/ati/card0
[  1368.936] ukiOpenDevice: open result is 15, (OK)
[  1368.936] ukiOpenByBusid: ukiOpenMinor returns 15
[  1368.936] ukiOpenByBusid: ukiGetBusid reports PCI:1:0:0
[  1368.936] (==) fglrx(1): NoAccel = NO
[  1368.936] (==) fglrx(1): ATI 2D Acceleration Architecture enabled
[  1368.936] (--) fglrx(1): Chipset: "ATI Mobility Radeon HD 5700 Series" (Chipset = 0x68c0)
[  1368.936] (--) fglrx(1): (PciSubVendor = 0x103c, PciSubDevice = 0x1521)
[  1368.936] (==) fglrx(1): board vendor info: third party graphics adapter - NOT original ATI
[  1368.936] (--) fglrx(1): Linear framebuffer (phys) at 0xc0000000
[  1368.936] (--) fglrx(1): MMIO registers at 0xd4400000
[  1368.936] (--) fglrx(1): I/O port at 0x00005000
[  1368.936] (==) fglrx(1): ROM-BIOS at 0x000c0000
[  1368.937] (II) DL(0): AC Adapter is used
[  1368.939] (II) fglrx(1): Primary V_BIOS segment is: 0xc000
[  1369.025] (II) Loading sub module "vbe"
[  1369.025] (II) LoadModule: "vbe"
[  1369.026] (II) Loading /usr/lib/xorg/modules/libvbe.so
[  1369.026] (II) Module vbe: vendor="X.Org Foundation"
[  1369.026] 	compiled for 1.9.0, module version = 1.1.0
[  1369.026] 	ABI class: X.Org Video Driver, version 8.0
[  1369.026] (II) fglrx(1): VESA BIOS detected
[  1369.026] (II) fglrx(1): VbeVersion is 768, OemStringPtr is 0xc0000214,
	OemVendorNamePtr is 0xc0000129, OemProductNamePtr is 0xc00000b5,
	OemProductRevPtr is 0xc0004ee2
[  1369.026] (II) fglrx(1): VESA VBE Version 3.0
[  1369.026] (II) fglrx(1): VESA VBE Total Mem: 16384 kB
[  1369.026] (II) fglrx(1): VESA VBE OEM: ATI ATOMBIOS
[  1369.026] (II) fglrx(1): VESA VBE OEM Software Rev: 12.20
[  1369.026] (II) fglrx(1): VESA VBE OEM Vendor: (C) 1988-2005, ATI Technologies Inc. 
[  1369.026] (II) fglrx(1): VESA VBE OEM Product: FGL MADISON
[  1369.026] (II) fglrx(1): VESA VBE OEM Product Rev: 01.00
[  1369.055] (II) DL(0): ATI Video BIOS revision 9 or later detected
[  1369.055] (--) fglrx(1): Video RAM: 1048576 kByte, Type: DDR3
[  1369.055] (II) fglrx(1): PCIE card detected
[  1369.055] (--) fglrx(1): Using per-process page tables (PPPT) as GART.
[  1369.055] (WW) fglrx(1): board is an unknown third party board, chipset is supported
[  1369.057] (II) DL(0): Using adapter: 1:0.0.
[  1369.189] (II) DL(0): [FB] MC range(MCFBBase = 0xf00000000, MCFBSize = 0x40000000)
[  1369.253] (II) DL(0): Interrupt handler installed at IRQ 49.
[  1369.253] (II) fglrx(1): RandR 1.2 support is enabled!
[  1369.253] (II) fglrx(1): RandR 1.2 rotation support is enabled!
[  1369.253] (==) fglrx(1): Center Mode is disabled 
[  1369.253] (II) Loading sub module "fb"
[  1369.253] (II) LoadModule: "fb"
[  1369.254] (II) Reloading /usr/lib/xorg/modules/libfb.so
[  1369.254] (==) fglrx(1): Active stereo disabled
[  1369.254] (II) Loading sub module "ddc"
[  1369.254] (II) LoadModule: "ddc"
[  1369.254] (II) Module "ddc" already built-in
