 
X.Org X Server 1.9.0
Release Date: 2010-08-20
 X Protocol Version 11, Revision 0
 Build Operating System: Linux 2.6.24-28-server x86_64 Ubuntu
 Current Operating System: Linux hp 2.6.35-28-generic #49-Ubuntu SMP Tue Mar 1 14:39:03 UTC 2011 x86_64
 Kernel command line: BOOT_IMAGE=/boot/vmlinuz-2.6.35-28-generic root=UUID=11247821-df55-4e44-9b48-8d2791c4ac0b ro quiet splash
 Build Date: 09 January 2011  12:14:27PM
 xorg-server 2:1.9.0-0ubuntu7.3 (For technical support please see http://www.ubuntu.com/support) 
 Current version of pixman: 0.18.4
 	Before reporting problems, check http://wiki.x.org
	to make sure that you have the latest version.
 Markers: (--) probed, (**) from config file, (==) default setting,
	(++) from command line, (!!) notice, (II) informational,
	(WW) warning, (EE) error, (NI) not implemented, (??) unknown.
 (++) Log file: "/var/log/Xorg.displaylink.log", Time: Tue Mar 29 11:09:38 2011
 (++) Using config file: "/etc/X11/xorg.conf.displaylink"
 (==) Using system config directory "/usr/share/X11/xorg.conf.d"
 (==) ServerLayout "Nvidia-Layout"
 (**) |-->Screen "DisplayLinkScreen" (0)
 (**) |   |-->Monitor "DisplayLinkMonitor"
 (**) |   |-->Device "DisplayLinkDevice"
 (**) Option "Xinerama" "off"
 (==) Automatically adding devices
 (==) Automatically enabling devices
 (WW) The directory "/usr/share/fonts/X11/cyrillic" does not exist.
 	Entry deleted from font path.
 (==) FontPath set to:
	/usr/share/fonts/X11/misc,
	/usr/share/fonts/X11/100dpi/:unscaled,
	/usr/share/fonts/X11/75dpi/:unscaled,
	/usr/share/fonts/X11/Type1,
	/usr/share/fonts/X11/100dpi,
	/usr/share/fonts/X11/75dpi,
	/var/lib/defoma/x-ttcidfont-conf.d/dirs/TrueType,
	built-ins
 (==) ModulePath set to "/usr/lib/xorg/extra-modules,/usr/lib/xorg/modules"
 (II) The server relies on udev to provide the list of input devices.
	If no devices become available, reconfigure udev or disable AutoAddDevices.
 (II) Loader magic: 0x7d17a0
 (II) Module ABI versions:
 	X.Org ANSI C Emulation: 0.4
 	X.Org Video Driver: 8.0
 	X.Org XInput driver : 11.0
 	X.Org Server Extension : 4.0
 (--) PCI:*(0:1:0:0) 1002:68c0:103c:1521 rev 0, Mem @ 0xc0000000/268435456, 0xd4400000/131072, I/O @ 0x00005000/256, BIOS @ 0x????????/131072
 (II) Open ACPI successful (/var/run/acpid.socket)
 (II) "extmod" will be loaded by default.
 (II) "dbe" will be loaded by default.
 (II) "glx" will be loaded. This was enabled by default and also specified in the config file.
 (II) "record" will be loaded by default.
 (II) "dri" will be loaded by default.
 (II) "dri2" will be loaded by default.
 (II) LoadModule: "glx"
 (II) Loading /usr/lib/xorg/extra-modules/modules/extensions/libglx.so
 (II) Module glx: vendor="FireGL - ATI Technologies Inc."
 	compiled for 7.6.0, module version = 1.0.0
 (II) Loading extension GLX
 (II) LoadModule: "extmod"
 (II) Loading /usr/lib/xorg/modules/extensions/libextmod.so
 (II) Module extmod: vendor="X.Org Foundation"
 	compiled for 1.9.0, module version = 1.0.0
 	Module class: X.Org Server Extension
 	ABI class: X.Org Server Extension, version 4.0
 (II) Loading extension MIT-SCREEN-SAVER
 (II) Loading extension XFree86-VidModeExtension
 (II) Loading extension XFree86-DGA
 (II) Loading extension DPMS
 (II) Loading extension XVideo
 (II) Loading extension XVideo-MotionCompensation
 (II) Loading extension X-Resource
 (II) LoadModule: "dbe"
 (II) Loading /usr/lib/xorg/modules/extensions/libdbe.so
 (II) Module dbe: vendor="X.Org Foundation"
 	compiled for 1.9.0, module version = 1.0.0
 	Module class: X.Org Server Extension
 	ABI class: X.Org Server Extension, version 4.0
 (II) Loading extension DOUBLE-BUFFER
 (II) LoadModule: "record"
 (II) Loading /usr/lib/xorg/modules/extensions/librecord.so
 (II) Module record: vendor="X.Org Foundation"
 	compiled for 1.9.0, module version = 1.13.0
 	Module class: X.Org Server Extension
 	ABI class: X.Org Server Extension, version 4.0
 (II) Loading extension RECORD
 (II) LoadModule: "dri"
 (II) Loading /usr/lib/xorg/modules/extensions/libdri.so
 (II) Module dri: vendor="X.Org Foundation"
 	compiled for 1.9.0, module version = 1.0.0
 	ABI class: X.Org Server Extension, version 4.0
 (II) Loading extension XFree86-DRI
 (II) LoadModule: "dri2"
 (II) Loading /usr/lib/xorg/modules/extensions/libdri2.so
 (II) Module dri2: vendor="X.Org Foundation"
 	compiled for 1.9.0, module version = 1.2.0
 	ABI class: X.Org Server Extension, version 4.0
 (II) Loading extension DRI2
 (II) LoadModule: "displaylink"
 (II) Loading /usr/lib/xorg/modules/drivers/displaylink_drv.so
 (II) Module displaylink: vendor="X.Org Foundation"
 	compiled for 1.8.99.905, module version = 0.0.1
 	ABI class: X.Org Video Driver, version 8.0
 (II) DL: driver for : displaylink
 (--) using VT number 8

 (WW) Falling back to old probe method for displaylink
 (II) Loading sub module "fbdevhw"
 (II) LoadModule: "fbdevhw"
 (II) Loading /usr/lib/xorg/modules/libfbdevhw.so
 (II) Module fbdevhw: vendor="X.Org Foundation"
 	compiled for 1.9.0, module version = 0.0.2
 	ABI class: X.Org Video Driver, version 8.0
 (II) DL(0): using /dev/fb0
 (II) DL(0): Manufacturer: VSC  Model: a21e  Serial#: 16842753
 (II) DL(0): Year: 2008  Week: 4
 (II) DL(0): EDID Version: 1.3
 (II) DL(0): Analog Display Input,  Input Voltage Level: 0.700/0.300 V
 (II) DL(0): Sync:  Separate  Composite  SyncOnGreen
 (II) DL(0): Max Image Size : horiz.: 47  vert.: 30
 (II) DL(0): Gamma: 2.20
 (II) DL(0): DPMS capabilities: Off; RGB/Color Display
 (II) DL(0): Default color space is primary color space
 (II) DL(0): First detailed timing is preferred mode
 (II) DL(0): redX: 0.640 redY: 0.333   greenX: 0.285 greenY: 0.602
 (II) DL(0): blueX: 0.152 blueY: 0.074   whiteX: 0.313 whiteY: 0.329
 (II) DL(0): Supported established timings:
 (II) DL(0): 720x400@70Hz
 (II) DL(0): 640x480@60Hz
 (II) DL(0): 640x480@67Hz
 (II) DL(0): 640x480@72Hz
 (II) DL(0): 640x480@75Hz
 (II) DL(0): 800x600@56Hz
 (II) DL(0): 800x600@60Hz
 (II) DL(0): 800x600@72Hz
 (II) DL(0): 800x600@75Hz
 (II) DL(0): 832x624@75Hz
 (II) DL(0): 1024x768@60Hz
 (II) DL(0): 1024x768@70Hz
 (II) DL(0): 1024x768@75Hz
 (II) DL(0): 1280x1024@75Hz
 (II) DL(0): 1152x864@75Hz
 (II) DL(0): Manufacturer's mask: 0
 (II) DL(0): Supported standard timings:
 (II) DL(0): #0: hsize: 1680  vsize 1050  refresh: 60  vid: 179
 (II) DL(0): #1: hsize: 1600  vsize 1200  refresh: 60  vid: 16553
 (II) DL(0): #2: hsize: 1440  vsize 900  refresh: 60  vid: 149
 (II) DL(0): #3: hsize: 1400  vsize 1050  refresh: 60  vid: 16528
 (II) DL(0): #4: hsize: 1280  vsize 1024  refresh: 60  vid: 32897
 (II) DL(0): #5: hsize: 1280  vsize 960  refresh: 60  vid: 16513
 (II) DL(0): #6: hsize: 1152  vsize 864  refresh: 75  vid: 20337
 (II) DL(0): Supported detailed timing:
 (II) DL(0): clock: 146.2 MHz   Image Size:  474 x 296 mm
 (II) DL(0): h_active: 1680  h_sync: 1784  h_sync_end 1960 h_blank_end 2240 h_border: 0
 (II) DL(0): v_active: 1050  v_sync: 1053  v_sync_end 1059 v_blanking: 1089 v_border: 0
 (II) DL(0): Serial No: QC9080423299
 (II) DL(0): Ranges: V min: 50 V max: 75 Hz, H min: 30 H max: 82 kHz, PixClock max 175 MHz
 (II) DL(0): Monitor name: VG2230wm
 (II) DL(0): EDID (in hex):
 (II) DL(0): 	00ffffffffffff005a631ea201000101
 (II) DL(0): 	041201030e2f1e782ed005a355499a27
 (II) DL(0): 	135054bfef80b300a940950090408180
 (II) DL(0): 	8140714f010121399030621a274068b0
 (II) DL(0): 	3600da281100001c000000ff00514339
 (II) DL(0): 	3038303432333239390a000000fd0032
 (II) DL(0): 	4b1e5211000a202020202020000000fc
 (II) DL(0): 	00564732323330776d0a202020200072
 (II) DL(0): Creating default Display subsection in Screen section
	"DisplayLinkScreen" for depth/fbbpp 16/16
 (==) DL(0): Depth 16, (==) framebuffer bpp 16
 (==) DL(0): RGB weight 565
 (==) DL(0): Default visual is TrueColor
 (==) DL(0): Using gamma correction (1.0, 1.0, 1.0)
 (II) DL(0): hardware: udlfb (video memory: 2872kB)
 (**) DL(0): Option "fbdev" "/dev/fb0"
 (II) Loading sub module "fb"
 (II) LoadModule: "fb"
 (II) Loading /usr/lib/xorg/modules/libfb.so
 (II) Module fb: vendor="X.Org Foundation"
 	compiled for 1.9.0, module version = 1.0.0
 	ABI class: X.Org ANSI C Emulation, version 0.4
 (II) DL(0): Output udlfb using monitor section DisplayLinkMonitor
 (II) DL(0): EDID for output udlfb
 (II) DL(0): Manufacturer: VSC  Model: a21e  Serial#: 16842753
 (II) DL(0): Year: 2008  Week: 4
 (II) DL(0): EDID Version: 1.3
 (II) DL(0): Analog Display Input,  Input Voltage Level: 0.700/0.300 V
 (II) DL(0): Sync:  Separate  Composite  SyncOnGreen
 (II) DL(0): Max Image Size : horiz.: 47  vert.: 30
 (II) DL(0): Gamma: 2.20
 (II) DL(0): DPMS capabilities: Off; RGB/Color Display
 (II) DL(0): Default color space is primary color space
 (II) DL(0): First detailed timing is preferred mode
 (II) DL(0): redX: 0.640 redY: 0.333   greenX: 0.285 greenY: 0.602
 (II) DL(0): blueX: 0.152 blueY: 0.074   whiteX: 0.313 whiteY: 0.329
 (II) DL(0): Supported established timings:
 (II) DL(0): 720x400@70Hz
 (II) DL(0): 640x480@60Hz
 (II) DL(0): 640x480@67Hz
 (II) DL(0): 640x480@72Hz
 (II) DL(0): 640x480@75Hz
 (II) DL(0): 800x600@56Hz
 (II) DL(0): 800x600@60Hz
 (II) DL(0): 800x600@72Hz
 (II) DL(0): 800x600@75Hz
 (II) DL(0): 832x624@75Hz
 (II) DL(0): 1024x768@60Hz
 (II) DL(0): 1024x768@70Hz
 (II) DL(0): 1024x768@75Hz
 (II) DL(0): 1280x1024@75Hz
 (II) DL(0): 1152x864@75Hz
 (II) DL(0): Manufacturer's mask: 0
 (II) DL(0): Supported standard timings:
 (II) DL(0): #0: hsize: 1680  vsize 1050  refresh: 60  vid: 179
 (II) DL(0): #1: hsize: 1600  vsize 1200  refresh: 60  vid: 16553
 (II) DL(0): #2: hsize: 1440  vsize 900  refresh: 60  vid: 149
 (II) DL(0): #3: hsize: 1400  vsize 1050  refresh: 60  vid: 16528
 (II) DL(0): #4: hsize: 1280  vsize 1024  refresh: 60  vid: 32897
 (II) DL(0): #5: hsize: 1280  vsize 960  refresh: 60  vid: 16513
 (II) DL(0): #6: hsize: 1152  vsize 864  refresh: 75  vid: 20337
 (II) DL(0): Supported detailed timing:
 (II) DL(0): clock: 146.2 MHz   Image Size:  474 x 296 mm
 (II) DL(0): h_active: 1680  h_sync: 1784  h_sync_end 1960 h_blank_end 2240 h_border: 0
 (II) DL(0): v_active: 1050  v_sync: 1053  v_sync_end 1059 v_blanking: 1089 v_border: 0
 (II) DL(0): Serial No: QC9080423299
 (II) DL(0): Ranges: V min: 50 V max: 75 Hz, H min: 30 H max: 82 kHz, PixClock max 175 MHz
 (II) DL(0): Monitor name: VG2230wm
 (II) DL(0): EDID (in hex):
 (II) DL(0): 	00ffffffffffff005a631ea201000101
 (II) DL(0): 	041201030e2f1e782ed005a355499a27
 (II) DL(0): 	135054bfef80b300a940950090408180
 (II) DL(0): 	8140714f010121399030621a274068b0
 (II) DL(0): 	3600da281100001c000000ff00514339
 (II) DL(0): 	3038303432333239390a000000fd0032
 (II) DL(0): 	4b1e5211000a202020202020000000fc
 (II) DL(0): 	00564732323330776d0a202020200072
 (II) DL(0): EDID vendor "VSC", prod id 41502
 (II) DL(0): Using EDID range info for horizontal sync
 (II) DL(0): Using EDID range info for vertical refresh
 (II) DL(0): Printing DDC gathered Modelines:
 (II) DL(0): Modeline "1680x1050"x0.0  146.25  1680 1784 1960 2240  1050 1053 1059 1089 -hsync +vsync (65.3 kHz)
 (II) DL(0): Modeline "800x600"x0.0   40.00  800 840 968 1056  600 601 605 628 +hsync +vsync (37.9 kHz)
 (II) DL(0): Modeline "800x600"x0.0   36.00  800 824 896 1024  600 601 603 625 +hsync +vsync (35.2 kHz)
 (II) DL(0): Modeline "640x480"x0.0   31.50  640 656 720 840  480 481 484 500 -hsync -vsync (37.5 kHz)
 (II) DL(0): Modeline "640x480"x0.0   31.50  640 664 704 832  480 489 492 520 -hsync -vsync (37.9 kHz)
 (II) DL(0): Modeline "640x480"x0.0   30.24  640 704 768 864  480 483 486 525 -hsync -vsync (35.0 kHz)
 (II) DL(0): Modeline "640x480"x0.0   25.18  640 656 752 800  480 490 492 525 -hsync -vsync (31.5 kHz)
 (II) DL(0): Modeline "720x400"x0.0   28.32  720 738 846 900  400 412 414 449 -hsync +vsync (31.5 kHz)
 (II) DL(0): Modeline "1280x1024"x0.0  135.00  1280 1296 1440 1688  1024 1025 1028 1066 +hsync +vsync (80.0 kHz)
 (II) DL(0): Modeline "1024x768"x0.0   78.75  1024 1040 1136 1312  768 769 772 800 +hsync +vsync (60.0 kHz)
 (II) DL(0): Modeline "1024x768"x0.0   75.00  1024 1048 1184 1328  768 771 777 806 -hsync -vsync (56.5 kHz)
 (II) DL(0): Modeline "1024x768"x0.0   65.00  1024 1048 1184 1344  768 771 777 806 -hsync -vsync (48.4 kHz)
 (II) DL(0): Modeline "832x624"x0.0   57.28  832 864 928 1152  624 625 628 667 -hsync -vsync (49.7 kHz)
 (II) DL(0): Modeline "800x600"x0.0   49.50  800 816 896 1056  600 601 604 625 +hsync +vsync (46.9 kHz)
 (II) DL(0): Modeline "800x600"x0.0   50.00  800 856 976 1040  600 637 643 666 +hsync +vsync (48.1 kHz)
 (II) DL(0): Modeline "1152x864"x0.0  108.00  1152 1216 1344 1600  864 865 868 900 +hsync +vsync (67.5 kHz)
 (II) DL(0): Modeline "1600x1200"x0.0  162.00  1600 1664 1856 2160  1200 1201 1204 1250 +hsync +vsync (75.0 kHz)
 (II) DL(0): Modeline "1440x900"x0.0  106.50  1440 1520 1672 1904  900 903 909 934 -hsync +vsync (55.9 kHz)
 (II) DL(0): Modeline "1400x1050"x0.0  121.75  1400 1488 1632 1864  1050 1053 1057 1089 -hsync +vsync (65.3 kHz)
 (II) DL(0): Modeline "1280x1024"x0.0  108.00  1280 1328 1440 1688  1024 1025 1028 1066 +hsync +vsync (64.0 kHz)
 (II) DL(0): Modeline "1280x960"x0.0  108.00  1280 1376 1488 1800  960 961 964 1000 +hsync +vsync (60.0 kHz)
 (II) DL(0): EDID vendor "VSC", prod id 41502
 (II) DL(0): EDID for output udlfb
 (II) DL(0): Manufacturer: VSC  Model: a21e  Serial#: 16842753
 (II) DL(0): Year: 2008  Week: 4
 (II) DL(0): EDID Version: 1.3
 (II) DL(0): Analog Display Input,  Input Voltage Level: 0.700/0.300 V
 (II) DL(0): Sync:  Separate  Composite  SyncOnGreen
 (II) DL(0): Max Image Size : horiz.: 47  vert.: 30
 (II) DL(0): Gamma: 2.20
 (II) DL(0): DPMS capabilities: Off; RGB/Color Display
 (II) DL(0): Default color space is primary color space
 (II) DL(0): First detailed timing is preferred mode
 (II) DL(0): redX: 0.640 redY: 0.333   greenX: 0.285 greenY: 0.602
 (II) DL(0): blueX: 0.152 blueY: 0.074   whiteX: 0.313 whiteY: 0.329
 (II) DL(0): Supported established timings:
 (II) DL(0): 720x400@70Hz
 (II) DL(0): 640x480@60Hz
 (II) DL(0): 640x480@67Hz
 (II) DL(0): 640x480@72Hz
 (II) DL(0): 640x480@75Hz
 (II) DL(0): 800x600@56Hz
 (II) DL(0): 800x600@60Hz
 (II) DL(0): 800x600@72Hz
 (II) DL(0): 800x600@75Hz
 (II) DL(0): 832x624@75Hz
 (II) DL(0): 1024x768@60Hz
 (II) DL(0): 1024x768@70Hz
 (II) DL(0): 1024x768@75Hz
 (II) DL(0): 1280x1024@75Hz
 (II) DL(0): 1152x864@75Hz
 (II) DL(0): Manufacturer's mask: 0
 (II) DL(0): Supported standard timings:
 (II) DL(0): #0: hsize: 1680  vsize 1050  refresh: 60  vid: 179
 (II) DL(0): #1: hsize: 1600  vsize 1200  refresh: 60  vid: 16553
 (II) DL(0): #2: hsize: 1440  vsize 900  refresh: 60  vid: 149
 (II) DL(0): #3: hsize: 1400  vsize 1050  refresh: 60  vid: 16528
 (II) DL(0): #4: hsize: 1280  vsize 1024  refresh: 60  vid: 32897
 (II) DL(0): #5: hsize: 1280  vsize 960  refresh: 60  vid: 16513
 (II) DL(0): #6: hsize: 1152  vsize 864  refresh: 75  vid: 20337
 (II) DL(0): Supported detailed timing:
 (II) DL(0): clock: 146.2 MHz   Image Size:  474 x 296 mm
 (II) DL(0): h_active: 1680  h_sync: 1784  h_sync_end 1960 h_blank_end 2240 h_border: 0
 (II) DL(0): v_active: 1050  v_sync: 1053  v_sync_end 1059 v_blanking: 1089 v_border: 0
 (II) DL(0): Serial No: QC9080423299
 (II) DL(0): Ranges: V min: 50 V max: 75 Hz, H min: 30 H max: 82 kHz, PixClock max 175 MHz
 (II) DL(0): Monitor name: VG2230wm
 (II) DL(0): EDID (in hex):
 (II) DL(0): 	00ffffffffffff005a631ea201000101
 (II) DL(0): 	041201030e2f1e782ed005a355499a27
 (II) DL(0): 	135054bfef80b300a940950090408180
 (II) DL(0): 	8140714f010121399030621a274068b0
 (II) DL(0): 	3600da281100001c000000ff00514339
 (II) DL(0): 	3038303432333239390a000000fd0032
 (II) DL(0): 	4b1e5211000a202020202020000000fc
 (II) DL(0): 	00564732323330776d0a202020200072
 (II) DL(0): EDID vendor "VSC", prod id 41502
 (II) DL(0): Using hsync ranges from config file
 (II) DL(0): Using vrefresh ranges from config file
 (II) DL(0): Printing DDC gathered Modelines:
 (II) DL(0): Modeline "1680x1050"x0.0  146.25  1680 1784 1960 2240  1050 1053 1059 1089 -hsync +vsync (65.3 kHz)
 (II) DL(0): Modeline "800x600"x0.0   40.00  800 840 968 1056  600 601 605 628 +hsync +vsync (37.9 kHz)
 (II) DL(0): Modeline "800x600"x0.0   36.00  800 824 896 1024  600 601 603 625 +hsync +vsync (35.2 kHz)
 (II) DL(0): Modeline "640x480"x0.0   31.50  640 656 720 840  480 481 484 500 -hsync -vsync (37.5 kHz)
 (II) DL(0): Modeline "640x480"x0.0   31.50  640 664 704 832  480 489 492 520 -hsync -vsync (37.9 kHz)
 (II) DL(0): Modeline "640x480"x0.0   30.24  640 704 768 864  480 483 486 525 -hsync -vsync (35.0 kHz)
 (II) DL(0): Modeline "640x480"x0.0   25.18  640 656 752 800  480 490 492 525 -hsync -vsync (31.5 kHz)
 (II) DL(0): Modeline "720x400"x0.0   28.32  720 738 846 900  400 412 414 449 -hsync +vsync (31.5 kHz)
 (II) DL(0): Modeline "1280x1024"x0.0  135.00  1280 1296 1440 1688  1024 1025 1028 1066 +hsync +vsync (80.0 kHz)
 (II) DL(0): Modeline "1024x768"x0.0   78.75  1024 1040 1136 1312  768 769 772 800 +hsync +vsync (60.0 kHz)
 (II) DL(0): Modeline "1024x768"x0.0   75.00  1024 1048 1184 1328  768 771 777 806 -hsync -vsync (56.5 kHz)
 (II) DL(0): Modeline "1024x768"x0.0   65.00  1024 1048 1184 1344  768 771 777 806 -hsync -vsync (48.4 kHz)
 (II) DL(0): Modeline "832x624"x0.0   57.28  832 864 928 1152  624 625 628 667 -hsync -vsync (49.7 kHz)
 (II) DL(0): Modeline "800x600"x0.0   49.50  800 816 896 1056  600 601 604 625 +hsync +vsync (46.9 kHz)
 (II) DL(0): Modeline "800x600"x0.0   50.00  800 856 976 1040  600 637 643 666 +hsync +vsync (48.1 kHz)
 (II) DL(0): Modeline "1152x864"x0.0  108.00  1152 1216 1344 1600  864 865 868 900 +hsync +vsync (67.5 kHz)
 (II) DL(0): Modeline "1600x1200"x0.0  162.00  1600 1664 1856 2160  1200 1201 1204 1250 +hsync +vsync (75.0 kHz)
 (II) DL(0): Modeline "1440x900"x0.0  106.50  1440 1520 1672 1904  900 903 909 934 -hsync +vsync (55.9 kHz)
 (II) DL(0): Modeline "1400x1050"x0.0  121.75  1400 1488 1632 1864  1050 1053 1057 1089 -hsync +vsync (65.3 kHz)
 (II) DL(0): Modeline "1280x1024"x0.0  108.00  1280 1328 1440 1688  1024 1025 1028 1066 +hsync +vsync (64.0 kHz)
 (II) DL(0): Modeline "1280x960"x0.0  108.00  1280 1376 1488 1800  960 961 964 1000 +hsync +vsync (60.0 kHz)
 (II) DL(0): EDID vendor "VSC", prod id 41502
 (II) DL(0): Not using mode "1680x1050" (width too large for virtual size)
 (II) DL(0): Not using mode "1600x1200" (height too large for virtual size)
 (II) DL(0): Not using mode "1440x900" (width too large for virtual size)
 (II) DL(0): Printing probed modes for output udlfb
 (II) DL(0): Modeline "1400x1050"x60.0  121.75  1400 1488 1632 1864  1050 1053 1057 1089 -hsync +vsync (65.3 kHz)
 (II) DL(0): Modeline "1280x1024"x75.0  135.00  1280 1296 1440 1688  1024 1025 1028 1066 +hsync +vsync (80.0 kHz)
 (II) DL(0): Modeline "1280x1024"x60.0  108.00  1280 1328 1440 1688  1024 1025 1028 1066 +hsync +vsync (64.0 kHz)
 (II) DL(0): Modeline "1280x960"x60.0  108.00  1280 1376 1488 1800  960 961 964 1000 +hsync +vsync (60.0 kHz)
 (II) DL(0): Modeline "1152x864"x75.0  108.00  1152 1216 1344 1600  864 865 868 900 +hsync +vsync (67.5 kHz)
 (II) DL(0): Modeline "1024x768"x75.0   78.75  1024 1040 1136 1312  768 769 772 800 +hsync +vsync (60.0 kHz)
 (II) DL(0): Modeline "1024x768"x70.1   75.00  1024 1048 1184 1328  768 771 777 806 -hsync -vsync (56.5 kHz)
 (II) DL(0): Modeline "1024x768"x60.0   65.00  1024 1048 1184 1344  768 771 777 806 -hsync -vsync (48.4 kHz)
 (II) DL(0): Modeline "832x624"x74.6   57.28  832 864 928 1152  624 625 628 667 -hsync -vsync (49.7 kHz)
 (II) DL(0): Modeline "800x600"x72.2   50.00  800 856 976 1040  600 637 643 666 +hsync +vsync (48.1 kHz)
 (II) DL(0): Modeline "800x600"x75.0   49.50  800 816 896 1056  600 601 604 625 +hsync +vsync (46.9 kHz)
 (II) DL(0): Modeline "800x600"x60.3   40.00  800 840 968 1056  600 601 605 628 +hsync +vsync (37.9 kHz)
 (II) DL(0): Modeline "800x600"x56.2   36.00  800 824 896 1024  600 601 603 625 +hsync +vsync (35.2 kHz)
 (II) DL(0): Modeline "640x480"x75.0   31.50  640 656 720 840  480 481 484 500 -hsync -vsync (37.5 kHz)
 (II) DL(0): Modeline "640x480"x72.8   31.50  640 664 704 832  480 489 492 520 -hsync -vsync (37.9 kHz)
 (II) DL(0): Modeline "640x480"x66.7   30.24  640 704 768 864  480 483 486 525 -hsync -vsync (35.0 kHz)
 (II) DL(0): Modeline "640x480"x59.9   25.18  640 656 752 800  480 490 492 525 -hsync -vsync (31.5 kHz)
 (II) DL(0): Modeline "720x400"x70.1   28.32  720 738 846 900  400 412 414 449 -hsync +vsync (31.5 kHz)
 (II) DL(0): Output udlfb connected
 (II) DL(0): Using fuzzy aspect match for initial modes
 (II) DL(0): Output udlfb using initial mode 1400x1050
 (II) DL(0): Using default gamma of (1.0, 1.0, 1.0) unless otherwise stated.
 (--) DL(0): Virtual size is 1400x1050 (pitch 0)
 (**) DL(0):  Driver mode "1400x1050": 121.8 MHz (scaled from 0.0 MHz), 65.3 kHz, 60.0 Hz
 (II) DL(0): Modeline "1400x1050"x60.0  121.75  1400 1488 1632 1864  1050 1053 1057 1089 -hsync +vsync (65.3 kHz)
 (**) DL(0):  Driver mode "1280x1024": 135.0 MHz (scaled from 0.0 MHz), 80.0 kHz, 75.0 Hz
 (II) DL(0): Modeline "1280x1024"x75.0  135.00  1280 1296 1440 1688  1024 1025 1028 1066 +hsync +vsync (80.0 kHz)
 (**) DL(0):  Driver mode "1280x1024": 108.0 MHz (scaled from 0.0 MHz), 64.0 kHz, 60.0 Hz
 (II) DL(0): Modeline "1280x1024"x60.0  108.00  1280 1328 1440 1688  1024 1025 1028 1066 +hsync +vsync (64.0 kHz)
 (**) DL(0):  Driver mode "1280x960": 108.0 MHz (scaled from 0.0 MHz), 60.0 kHz, 60.0 Hz
 (II) DL(0): Modeline "1280x960"x60.0  108.00  1280 1376 1488 1800  960 961 964 1000 +hsync +vsync (60.0 kHz)
 (**) DL(0):  Driver mode "1152x864": 108.0 MHz (scaled from 0.0 MHz), 67.5 kHz, 75.0 Hz
 (II) DL(0): Modeline "1152x864"x75.0  108.00  1152 1216 1344 1600  864 865 868 900 +hsync +vsync (67.5 kHz)
 (**) DL(0):  Driver mode "1024x768": 78.8 MHz (scaled from 0.0 MHz), 60.0 kHz, 75.0 Hz
 (II) DL(0): Modeline "1024x768"x75.0   78.75  1024 1040 1136 1312  768 769 772 800 +hsync +vsync (60.0 kHz)
 (**) DL(0):  Driver mode "1024x768": 75.0 MHz (scaled from 0.0 MHz), 56.5 kHz, 70.1 Hz
 (II) DL(0): Modeline "1024x768"x70.1   75.00  1024 1048 1184 1328  768 771 777 806 -hsync -vsync (56.5 kHz)
 (**) DL(0):  Driver mode "1024x768": 65.0 MHz (scaled from 0.0 MHz), 48.4 kHz, 60.0 Hz
 (II) DL(0): Modeline "1024x768"x60.0   65.00  1024 1048 1184 1344  768 771 777 806 -hsync -vsync (48.4 kHz)
 (**) DL(0):  Driver mode "832x624": 57.3 MHz (scaled from 0.0 MHz), 49.7 kHz, 74.6 Hz
 (II) DL(0): Modeline "832x624"x74.6   57.28  832 864 928 1152  624 625 628 667 -hsync -vsync (49.7 kHz)
 (**) DL(0):  Driver mode "800x600": 50.0 MHz (scaled from 0.0 MHz), 48.1 kHz, 72.2 Hz
 (II) DL(0): Modeline "800x600"x72.2   50.00  800 856 976 1040  600 637 643 666 +hsync +vsync (48.1 kHz)
 (**) DL(0):  Driver mode "800x600": 49.5 MHz (scaled from 0.0 MHz), 46.9 kHz, 75.0 Hz
 (II) DL(0): Modeline "800x600"x75.0   49.50  800 816 896 1056  600 601 604 625 +hsync +vsync (46.9 kHz)
 (**) DL(0):  Driver mode "800x600": 40.0 MHz (scaled from 0.0 MHz), 37.9 kHz, 60.3 Hz
 (II) DL(0): Modeline "800x600"x60.3   40.00  800 840 968 1056  600 601 605 628 +hsync +vsync (37.9 kHz)
 (**) DL(0):  Driver mode "800x600": 36.0 MHz (scaled from 0.0 MHz), 35.2 kHz, 56.2 Hz
 (II) DL(0): Modeline "800x600"x56.2   36.00  800 824 896 1024  600 601 603 625 +hsync +vsync (35.2 kHz)
 (**) DL(0):  Driver mode "640x480": 31.5 MHz (scaled from 0.0 MHz), 37.5 kHz, 75.0 Hz
 (II) DL(0): Modeline "640x480"x75.0   31.50  640 656 720 840  480 481 484 500 -hsync -vsync (37.5 kHz)
 (**) DL(0):  Driver mode "640x480": 31.5 MHz (scaled from 0.0 MHz), 37.9 kHz, 72.8 Hz
 (II) DL(0): Modeline "640x480"x72.8   31.50  640 664 704 832  480 489 492 520 -hsync -vsync (37.9 kHz)
 (**) DL(0):  Driver mode "640x480": 30.2 MHz (scaled from 0.0 MHz), 35.0 kHz, 66.7 Hz
 (II) DL(0): Modeline "640x480"x66.7   30.24  640 704 768 864  480 483 486 525 -hsync -vsync (35.0 kHz)
 (**) DL(0):  Driver mode "640x480": 25.2 MHz (scaled from 0.0 MHz), 31.5 kHz, 59.9 Hz
 (II) DL(0): Modeline "640x480"x59.9   25.18  640 656 752 800  480 490 492 525 -hsync -vsync (31.5 kHz)
 (**) DL(0):  Driver mode "720x400": 28.3 MHz (scaled from 0.0 MHz), 31.5 kHz, 70.1 Hz
 (II) DL(0): Modeline "720x400"x70.1   28.32  720 738 846 900  400 412 414 449 -hsync +vsync (31.5 kHz)
 (**) DL(0): Display dimensions: (470, 300) mm
 (**) DL(0): DPI set to (75, 88)
 (WW) DL(0): FBIOPAN_DISPLAY: Invalid argument
 (==) DL(0): Backing store disabled
 (==) DL(0): DPMS enabled
 (II) DL(0): RandR 1.2 enabled, ignore the following RandR disabled message.
 (--) RandR disabled
 (II) Initializing built-in extension Generic Event Extension
 (II) Initializing built-in extension SHAPE
 (II) Initializing built-in extension MIT-SHM
 (II) Initializing built-in extension XInputExtension
 (II) Initializing built-in extension XTEST
 (II) Initializing built-in extension BIG-REQUESTS
 (II) Initializing built-in extension SYNC
 (II) Initializing built-in extension XKEYBOARD
 (II) Initializing built-in extension XC-MISC
 (II) Initializing built-in extension SECURITY
 (II) Initializing built-in extension XINERAMA
 (II) Initializing built-in extension XFIXES
 (II) Initializing built-in extension RENDER
 (II) Initializing built-in extension RANDR
 (II) Initializing built-in extension COMPOSITE
 (II) Initializing built-in extension DAMAGE
 (II) Initializing built-in extension GESTURE
 (EE) GLX error: Can not get required symbols.
 (II) XKB: reuse xkmfile /var/lib/xkb/server-B20D7FC79C7F597315E3E501AEF10E0D866E8E92.xkm
 (II) XKB: Reusing cached keymap
 (II) config/udev: Adding input device Power Button (/dev/input/event2)
 (**) Power Button: Applying InputClass "evdev keyboard catchall"
 (II) LoadModule: "evdev"
 (II) Loading /usr/lib/xorg/modules/input/evdev_drv.so
 (II) Module evdev: vendor="X.Org Foundation"
 	compiled for 1.9.0, module version = 2.3.2
 	Module class: X.Org XInput Driver
 	ABI class: X.Org XInput driver, version 11.0
 (**) Power Button: always reports core events
 (**) Power Button: Device: "/dev/input/event2"
 (II) Power Button: Found keys
 (II) Power Button: Configuring as keyboard
 (II) XINPUT: Adding extended input device "Power Button" (type: KEYBOARD)
 (**) Option "xkb_rules" "evdev"
 (**) Option "xkb_model" "pc105"
 (**) Option "xkb_layout" "us"
 (II) XKB: Reusing cached keymap
 (II) config/udev: Adding input device Video Bus (/dev/input/event6)
 (**) Video Bus: Applying InputClass "evdev keyboard catchall"
 (**) Video Bus: always reports core events
 (**) Video Bus: Device: "/dev/input/event6"
 (II) Video Bus: Found keys
 (II) Video Bus: Configuring as keyboard
 (II) XINPUT: Adding extended input device "Video Bus" (type: KEYBOARD)
 (**) Option "xkb_rules" "evdev"
 (**) Option "xkb_model" "pc105"
 (**) Option "xkb_layout" "us"
 (II) XKB: Reusing cached keymap
 (II) config/udev: Adding input device Lid Switch (/dev/input/event1)
 (II) No input driver/identifier specified (ignoring)
 (II) config/udev: Adding input device Sleep Button (/dev/input/event0)
 (**) Sleep Button: Applying InputClass "evdev keyboard catchall"
 (**) Sleep Button: always reports core events
 (**) Sleep Button: Device: "/dev/input/event0"
 (II) Sleep Button: Found keys
 (II) Sleep Button: Configuring as keyboard
 (II) XINPUT: Adding extended input device "Sleep Button" (type: KEYBOARD)
 (**) Option "xkb_rules" "evdev"
 (**) Option "xkb_model" "pc105"
 (**) Option "xkb_layout" "us"
 (II) XKB: Reusing cached keymap
 (II) config/udev: Adding input device HP Webcam  (/dev/input/event5)
 (**) HP Webcam : Applying InputClass "evdev keyboard catchall"
 (**) HP Webcam : always reports core events
 (**) HP Webcam : Device: "/dev/input/event5"
 (II) HP Webcam : Found keys
 (II) HP Webcam : Configuring as keyboard
 (II) XINPUT: Adding extended input device "HP Webcam " (type: KEYBOARD)
 (**) Option "xkb_rules" "evdev"
 (**) Option "xkb_model" "pc105"
 (**) Option "xkb_layout" "us"
 (II) XKB: Reusing cached keymap
 (II) config/udev: Adding input device HDA Intel HP Out at Ext Left Jack (/dev/input/event10)
 (II) No input driver/identifier specified (ignoring)
 (II) config/udev: Adding input device HDA Intel HP Out at Sep Rear Jack (/dev/input/event11)
 (II) No input driver/identifier specified (ignoring)
 (II) config/udev: Adding input device HDA Intel Line In at Sep Rear Jack (/dev/input/event8)
 (II) No input driver/identifier specified (ignoring)
 (II) config/udev: Adding input device HDA Intel Mic at Ext Left Jack (/dev/input/event9)
 (II) No input driver/identifier specified (ignoring)
 (II) config/udev: Adding input device AT Translated Set 2 keyboard (/dev/input/event3)
 (**) AT Translated Set 2 keyboard: Applying InputClass "evdev keyboard catchall"
 (**) AT Translated Set 2 keyboard: always reports core events
 (**) AT Translated Set 2 keyboard: Device: "/dev/input/event3"
 (II) AT Translated Set 2 keyboard: Found keys
 (II) AT Translated Set 2 keyboard: Configuring as keyboard
 (II) XINPUT: Adding extended input device "AT Translated Set 2 keyboard" (type: KEYBOARD)
 (**) Option "xkb_rules" "evdev"
 (**) Option "xkb_model" "pc105"
 (**) Option "xkb_layout" "us"
 (II) XKB: Reusing cached keymap
 (II) config/udev: Adding input device PS/2 Generic Mouse (/dev/input/event12)
 (**) PS/2 Generic Mouse: Applying InputClass "evdev pointer catchall"
 (**) PS/2 Generic Mouse: always reports core events
 (**) PS/2 Generic Mouse: Device: "/dev/input/event12"
 (II) PS/2 Generic Mouse: Found 3 mouse buttons
 (II) PS/2 Generic Mouse: Found relative axes
 (II) PS/2 Generic Mouse: Found x and y relative axes
 (II) PS/2 Generic Mouse: Configuring as mouse
 (**) PS/2 Generic Mouse: YAxisMapping: buttons 4 and 5
 (**) PS/2 Generic Mouse: EmulateWheelButton: 4, EmulateWheelInertia: 10, EmulateWheelTimeout: 200
 (II) XINPUT: Adding extended input device "PS/2 Generic Mouse" (type: MOUSE)
 (II) PS/2 Generic Mouse: initialized for relative axes.
 (II) config/udev: Adding input device PS/2 Generic Mouse (/dev/input/mouse0)
 (II) No input driver/identifier specified (ignoring)
 (II) config/udev: Adding input device SynPS/2 Synaptics TouchPad (/dev/input/event13)
 (**) SynPS/2 Synaptics TouchPad: Applying InputClass "evdev touchpad catchall"
 (**) SynPS/2 Synaptics TouchPad: Applying InputClass "touchpad catchall"
 (II) LoadModule: "synaptics"
 (II) Loading /usr/lib/xorg/modules/input/synaptics_drv.so
 (II) Module synaptics: vendor="X.Org Foundation"
 	compiled for 1.9.0, module version = 1.2.2
 	Module class: X.Org XInput Driver
 	ABI class: X.Org XInput driver, version 11.0
 (II) Synaptics touchpad driver version 1.2.2
 	Option "_source" "server/udev"
 	Option "name" "SynPS/2 Synaptics TouchPad"
 	Option "path" "/dev/input/event13"
 	Option "device" "/dev/input/event13"
 	Option "driver" "synaptics"
 (**) Option "Device" "/dev/input/event13"
 port opened successfully
 (II) SynPS/2 Synaptics TouchPad: x-axis range 1472 - 5600
 (II) SynPS/2 Synaptics TouchPad: y-axis range 1408 - 4884
 (II) SynPS/2 Synaptics TouchPad: pressure range 0 - 255
 (II) SynPS/2 Synaptics TouchPad: finger width range 0 - 0
 (II) SynPS/2 Synaptics TouchPad: buttons: left right middle
 (--) SynPS/2 Synaptics TouchPad: touchpad found
 (**) SynPS/2 Synaptics TouchPad: always reports core events
 (II) XINPUT: Adding extended input device "SynPS/2 Synaptics TouchPad" (type: TOUCHPAD)
 (**) SynPS/2 Synaptics TouchPad: (accel) keeping acceleration scheme 1
 (**) SynPS/2 Synaptics TouchPad: (accel) acceleration profile 0
 (**) SynPS/2 Synaptics TouchPad: (accel) acceleration factor: 2.000
 (**) SynPS/2 Synaptics TouchPad: (accel) acceleration threshold: 4
 (**) Option "Device" "/dev/input/event13"
 (--) SynPS/2 Synaptics TouchPad: touchpad found
 (II) config/udev: Adding input device SynPS/2 Synaptics TouchPad (/dev/input/mouse1)
 (II) No input driver/identifier specified (ignoring)
 (II) config/udev: Adding input device ST LIS3LV02DL Accelerometer (/dev/input/event7)
 (II) No input driver/identifier specified (ignoring)
 (II) config/udev: Adding input device ST LIS3LV02DL Accelerometer (/dev/input/js0)
 (II) No input driver/identifier specified (ignoring)
 (II) config/udev: Adding input device HP WMI hotkeys (/dev/input/event4)
 (**) HP WMI hotkeys: Applying InputClass "evdev keyboard catchall"
 (**) HP WMI hotkeys: always reports core events
 (**) HP WMI hotkeys: Device: "/dev/input/event4"
 (II) HP WMI hotkeys: Found keys
 (II) HP WMI hotkeys: Configuring as keyboard
 (II) XINPUT: Adding extended input device "HP WMI hotkeys" (type: KEYBOARD)
 (**) Option "xkb_rules" "evdev"
 (**) Option "xkb_model" "pc105"
 (**) Option "xkb_layout" "us"
 (II) XKB: Reusing cached keymap
 (II) DL(0): EDID vendor "VSC", prod id 41502
 (II) DL(0): Using hsync ranges from config file
 (II) DL(0): Using vrefresh ranges from config file
 (II) DL(0): Printing DDC gathered Modelines:
 (II) DL(0): Modeline "1680x1050"x0.0  146.25  1680 1784 1960 2240  1050 1053 1059 1089 -hsync +vsync (65.3 kHz)
 (II) DL(0): Modeline "800x600"x0.0   40.00  800 840 968 1056  600 601 605 628 +hsync +vsync (37.9 kHz)
 (II) DL(0): Modeline "800x600"x0.0   36.00  800 824 896 1024  600 601 603 625 +hsync +vsync (35.2 kHz)
 (II) DL(0): Modeline "640x480"x0.0   31.50  640 656 720 840  480 481 484 500 -hsync -vsync (37.5 kHz)
 (II) DL(0): Modeline "640x480"x0.0   31.50  640 664 704 832  480 489 492 520 -hsync -vsync (37.9 kHz)
 (II) DL(0): Modeline "640x480"x0.0   30.24  640 704 768 864  480 483 486 525 -hsync -vsync (35.0 kHz)
 (II) DL(0): Modeline "640x480"x0.0   25.18  640 656 752 800  480 490 492 525 -hsync -vsync (31.5 kHz)
 (II) DL(0): Modeline "720x400"x0.0   28.32  720 738 846 900  400 412 414 449 -hsync +vsync (31.5 kHz)
 (II) DL(0): Modeline "1280x1024"x0.0  135.00  1280 1296 1440 1688  1024 1025 1028 1066 +hsync +vsync (80.0 kHz)
 (II) DL(0): Modeline "1024x768"x0.0   78.75  1024 1040 1136 1312  768 769 772 800 +hsync +vsync (60.0 kHz)
 (II) DL(0): Modeline "1024x768"x0.0   75.00  1024 1048 1184 1328  768 771 777 806 -hsync -vsync (56.5 kHz)
 (II) DL(0): Modeline "1024x768"x0.0   65.00  1024 1048 1184 1344  768 771 777 806 -hsync -vsync (48.4 kHz)
 (II) DL(0): Modeline "832x624"x0.0   57.28  832 864 928 1152  624 625 628 667 -hsync -vsync (49.7 kHz)
 (II) DL(0): Modeline "800x600"x0.0   49.50  800 816 896 1056  600 601 604 625 +hsync +vsync (46.9 kHz)
 (II) DL(0): Modeline "800x600"x0.0   50.00  800 856 976 1040  600 637 643 666 +hsync +vsync (48.1 kHz)
 (II) DL(0): Modeline "1152x864"x0.0  108.00  1152 1216 1344 1600  864 865 868 900 +hsync +vsync (67.5 kHz)
 (II) DL(0): Modeline "1600x1200"x0.0  162.00  1600 1664 1856 2160  1200 1201 1204 1250 +hsync +vsync (75.0 kHz)
 (II) DL(0): Modeline "1440x900"x0.0  106.50  1440 1520 1672 1904  900 903 909 934 -hsync +vsync (55.9 kHz)
 (II) DL(0): Modeline "1400x1050"x0.0  121.75  1400 1488 1632 1864  1050 1053 1057 1089 -hsync +vsync (65.3 kHz)
 (II) DL(0): Modeline "1280x1024"x0.0  108.00  1280 1328 1440 1688  1024 1025 1028 1066 +hsync +vsync (64.0 kHz)
 (II) DL(0): Modeline "1280x960"x0.0  108.00  1280 1376 1488 1800  960 961 964 1000 +hsync +vsync (60.0 kHz)
 (II) DL(0): EDID vendor "VSC", prod id 41502
 (II) DL(0): EDID vendor "VSC", prod id 41502
 (II) DL(0): Using hsync ranges from config file
 (II) DL(0): Using vrefresh ranges from config file
 (II) DL(0): Printing DDC gathered Modelines:
 (II) DL(0): Modeline "1680x1050"x0.0  146.25  1680 1784 1960 2240  1050 1053 1059 1089 -hsync +vsync (65.3 kHz)
 (II) DL(0): Modeline "800x600"x0.0   40.00  800 840 968 1056  600 601 605 628 +hsync +vsync (37.9 kHz)
 (II) DL(0): Modeline "800x600"x0.0   36.00  800 824 896 1024  600 601 603 625 +hsync +vsync (35.2 kHz)
 (II) DL(0): Modeline "640x480"x0.0   31.50  640 656 720 840  480 481 484 500 -hsync -vsync (37.5 kHz)
 (II) DL(0): Modeline "640x480"x0.0   31.50  640 664 704 832  480 489 492 520 -hsync -vsync (37.9 kHz)
 (II) DL(0): Modeline "640x480"x0.0   30.24  640 704 768 864  480 483 486 525 -hsync -vsync (35.0 kHz)
 (II) DL(0): Modeline "640x480"x0.0   25.18  640 656 752 800  480 490 492 525 -hsync -vsync (31.5 kHz)
 (II) DL(0): Modeline "720x400"x0.0   28.32  720 738 846 900  400 412 414 449 -hsync +vsync (31.5 kHz)
 (II) DL(0): Modeline "1280x1024"x0.0  135.00  1280 1296 1440 1688  1024 1025 1028 1066 +hsync +vsync (80.0 kHz)
 (II) DL(0): Modeline "1024x768"x0.0   78.75  1024 1040 1136 1312  768 769 772 800 +hsync +vsync (60.0 kHz)
 (II) DL(0): Modeline "1024x768"x0.0   75.00  1024 1048 1184 1328  768 771 777 806 -hsync -vsync (56.5 kHz)
 (II) DL(0): Modeline "1024x768"x0.0   65.00  1024 1048 1184 1344  768 771 777 806 -hsync -vsync (48.4 kHz)
 (II) DL(0): Modeline "832x624"x0.0   57.28  832 864 928 1152  624 625 628 667 -hsync -vsync (49.7 kHz)
 (II) DL(0): Modeline "800x600"x0.0   49.50  800 816 896 1056  600 601 604 625 +hsync +vsync (46.9 kHz)
 (II) DL(0): Modeline "800x600"x0.0   50.00  800 856 976 1040  600 637 643 666 +hsync +vsync (48.1 kHz)
 (II) DL(0): Modeline "1152x864"x0.0  108.00  1152 1216 1344 1600  864 865 868 900 +hsync +vsync (67.5 kHz)
 (II) DL(0): Modeline "1600x1200"x0.0  162.00  1600 1664 1856 2160  1200 1201 1204 1250 +hsync +vsync (75.0 kHz)
 (II) DL(0): Modeline "1440x900"x0.0  106.50  1440 1520 1672 1904  900 903 909 934 -hsync +vsync (55.9 kHz)
 (II) DL(0): Modeline "1400x1050"x0.0  121.75  1400 1488 1632 1864  1050 1053 1057 1089 -hsync +vsync (65.3 kHz)
 (II) DL(0): Modeline "1280x1024"x0.0  108.00  1280 1328 1440 1688  1024 1025 1028 1066 +hsync +vsync (64.0 kHz)
 (II) DL(0): Modeline "1280x960"x0.0  108.00  1280 1376 1488 1800  960 961 964 1000 +hsync +vsync (60.0 kHz)
 (II) DL(0): EDID vendor "VSC", prod id 41502
 (II) DL(0): EDID vendor "VSC", prod id 41502
 (II) DL(0): Using hsync ranges from config file
 (II) DL(0): Using vrefresh ranges from config file
 (II) DL(0): Printing DDC gathered Modelines:
 (II) DL(0): Modeline "1680x1050"x0.0  146.25  1680 1784 1960 2240  1050 1053 1059 1089 -hsync +vsync (65.3 kHz)
 (II) DL(0): Modeline "800x600"x0.0   40.00  800 840 968 1056  600 601 605 628 +hsync +vsync (37.9 kHz)
 (II) DL(0): Modeline "800x600"x0.0   36.00  800 824 896 1024  600 601 603 625 +hsync +vsync (35.2 kHz)
 (II) DL(0): Modeline "640x480"x0.0   31.50  640 656 720 840  480 481 484 500 -hsync -vsync (37.5 kHz)
 (II) DL(0): Modeline "640x480"x0.0   31.50  640 664 704 832  480 489 492 520 -hsync -vsync (37.9 kHz)
 (II) DL(0): Modeline "640x480"x0.0   30.24  640 704 768 864  480 483 486 525 -hsync -vsync (35.0 kHz)
 (II) DL(0): Modeline "640x480"x0.0   25.18  640 656 752 800  480 490 492 525 -hsync -vsync (31.5 kHz)
 (II) DL(0): Modeline "720x400"x0.0   28.32  720 738 846 900  400 412 414 449 -hsync +vsync (31.5 kHz)
 (II) DL(0): Modeline "1280x1024"x0.0  135.00  1280 1296 1440 1688  1024 1025 1028 1066 +hsync +vsync (80.0 kHz)
 (II) DL(0): Modeline "1024x768"x0.0   78.75  1024 1040 1136 1312  768 769 772 800 +hsync +vsync (60.0 kHz)
 (II) DL(0): Modeline "1024x768"x0.0   75.00  1024 1048 1184 1328  768 771 777 806 -hsync -vsync (56.5 kHz)
 (II) DL(0): Modeline "1024x768"x0.0   65.00  1024 1048 1184 1344  768 771 777 806 -hsync -vsync (48.4 kHz)
 (II) DL(0): Modeline "832x624"x0.0   57.28  832 864 928 1152  624 625 628 667 -hsync -vsync (49.7 kHz)
 (II) DL(0): Modeline "800x600"x0.0   49.50  800 816 896 1056  600 601 604 625 +hsync +vsync (46.9 kHz)
 (II) DL(0): Modeline "800x600"x0.0   50.00  800 856 976 1040  600 637 643 666 +hsync +vsync (48.1 kHz)
 (II) DL(0): Modeline "1152x864"x0.0  108.00  1152 1216 1344 1600  864 865 868 900 +hsync +vsync (67.5 kHz)
 (II) DL(0): Modeline "1600x1200"x0.0  162.00  1600 1664 1856 2160  1200 1201 1204 1250 +hsync +vsync (75.0 kHz)
 (II) DL(0): Modeline "1440x900"x0.0  106.50  1440 1520 1672 1904  900 903 909 934 -hsync +vsync (55.9 kHz)
 (II) DL(0): Modeline "1400x1050"x0.0  121.75  1400 1488 1632 1864  1050 1053 1057 1089 -hsync +vsync (65.3 kHz)
 (II) DL(0): Modeline "1280x1024"x0.0  108.00  1280 1328 1440 1688  1024 1025 1028 1066 +hsync +vsync (64.0 kHz)
 (II) DL(0): Modeline "1280x960"x0.0  108.00  1280 1376 1488 1800  960 961 964 1000 +hsync +vsync (60.0 kHz)
 (II) DL(0): EDID vendor "VSC", prod id 41502
 (II) DL(0): EDID vendor "VSC", prod id 41502
 (II) DL(0): Using hsync ranges from config file
 (II) DL(0): Using vrefresh ranges from config file
 (II) DL(0): Printing DDC gathered Modelines:
 (II) DL(0): Modeline "1680x1050"x0.0  146.25  1680 1784 1960 2240  1050 1053 1059 1089 -hsync +vsync (65.3 kHz)
 (II) DL(0): Modeline "800x600"x0.0   40.00  800 840 968 1056  600 601 605 628 +hsync +vsync (37.9 kHz)
 (II) DL(0): Modeline "800x600"x0.0   36.00  800 824 896 1024  600 601 603 625 +hsync +vsync (35.2 kHz)
 (II) DL(0): Modeline "640x480"x0.0   31.50  640 656 720 840  480 481 484 500 -hsync -vsync (37.5 kHz)
 (II) DL(0): Modeline "640x480"x0.0   31.50  640 664 704 832  480 489 492 520 -hsync -vsync (37.9 kHz)
 (II) DL(0): Modeline "640x480"x0.0   30.24  640 704 768 864  480 483 486 525 -hsync -vsync (35.0 kHz)
 (II) DL(0): Modeline "640x480"x0.0   25.18  640 656 752 800  480 490 492 525 -hsync -vsync (31.5 kHz)
 (II) DL(0): Modeline "720x400"x0.0   28.32  720 738 846 900  400 412 414 449 -hsync +vsync (31.5 kHz)
 (II) DL(0): Modeline "1280x1024"x0.0  135.00  1280 1296 1440 1688  1024 1025 1028 1066 +hsync +vsync (80.0 kHz)
 (II) DL(0): Modeline "1024x768"x0.0   78.75  1024 1040 1136 1312  768 769 772 800 +hsync +vsync (60.0 kHz)
 (II) DL(0): Modeline "1024x768"x0.0   75.00  1024 1048 1184 1328  768 771 777 806 -hsync -vsync (56.5 kHz)
 (II) DL(0): Modeline "1024x768"x0.0   65.00  1024 1048 1184 1344  768 771 777 806 -hsync -vsync (48.4 kHz)
 (II) DL(0): Modeline "832x624"x0.0   57.28  832 864 928 1152  624 625 628 667 -hsync -vsync (49.7 kHz)
 (II) DL(0): Modeline "800x600"x0.0   49.50  800 816 896 1056  600 601 604 625 +hsync +vsync (46.9 kHz)
 (II) DL(0): Modeline "800x600"x0.0   50.00  800 856 976 1040  600 637 643 666 +hsync +vsync (48.1 kHz)
 (II) DL(0): Modeline "1152x864"x0.0  108.00  1152 1216 1344 1600  864 865 868 900 +hsync +vsync (67.5 kHz)
 (II) DL(0): Modeline "1600x1200"x0.0  162.00  1600 1664 1856 2160  1200 1201 1204 1250 +hsync +vsync (75.0 kHz)
 (II) DL(0): Modeline "1440x900"x0.0  106.50  1440 1520 1672 1904  900 903 909 934 -hsync +vsync (55.9 kHz)
 (II) DL(0): Modeline "1400x1050"x0.0  121.75  1400 1488 1632 1864  1050 1053 1057 1089 -hsync +vsync (65.3 kHz)
 (II) DL(0): Modeline "1280x1024"x0.0  108.00  1280 1328 1440 1688  1024 1025 1028 1066 +hsync +vsync (64.0 kHz)
 (II) DL(0): Modeline "1280x960"x0.0  108.00  1280 1376 1488 1800  960 961 964 1000 +hsync +vsync (60.0 kHz)
 (II) DL(0): EDID vendor "VSC", prod id 41502
 (II) DL(0): EDID vendor "VSC", prod id 41502
 (II) DL(0): Using hsync ranges from config file
 (II) DL(0): Using vrefresh ranges from config file
 (II) DL(0): Printing DDC gathered Modelines:
 (II) DL(0): Modeline "1680x1050"x0.0  146.25  1680 1784 1960 2240  1050 1053 1059 1089 -hsync +vsync (65.3 kHz)
 (II) DL(0): Modeline "800x600"x0.0   40.00  800 840 968 1056  600 601 605 628 +hsync +vsync (37.9 kHz)
 (II) DL(0): Modeline "800x600"x0.0   36.00  800 824 896 1024  600 601 603 625 +hsync +vsync (35.2 kHz)
 (II) DL(0): Modeline "640x480"x0.0   31.50  640 656 720 840  480 481 484 500 -hsync -vsync (37.5 kHz)
 (II) DL(0): Modeline "640x480"x0.0   31.50  640 664 704 832  480 489 492 520 -hsync -vsync (37.9 kHz)
 (II) DL(0): Modeline "640x480"x0.0   30.24  640 704 768 864  480 483 486 525 -hsync -vsync (35.0 kHz)
 (II) DL(0): Modeline "640x480"x0.0   25.18  640 656 752 800  480 490 492 525 -hsync -vsync (31.5 kHz)
 (II) DL(0): Modeline "720x400"x0.0   28.32  720 738 846 900  400 412 414 449 -hsync +vsync (31.5 kHz)
 (II) DL(0): Modeline "1280x1024"x0.0  135.00  1280 1296 1440 1688  1024 1025 1028 1066 +hsync +vsync (80.0 kHz)
 (II) DL(0): Modeline "1024x768"x0.0   78.75  1024 1040 1136 1312  768 769 772 800 +hsync +vsync (60.0 kHz)
 (II) DL(0): Modeline "1024x768"x0.0   75.00  1024 1048 1184 1328  768 771 777 806 -hsync -vsync (56.5 kHz)
 (II) DL(0): Modeline "1024x768"x0.0   65.00  1024 1048 1184 1344  768 771 777 806 -hsync -vsync (48.4 kHz)
 (II) DL(0): Modeline "832x624"x0.0   57.28  832 864 928 1152  624 625 628 667 -hsync -vsync (49.7 kHz)
 (II) DL(0): Modeline "800x600"x0.0   49.50  800 816 896 1056  600 601 604 625 +hsync +vsync (46.9 kHz)
 (II) DL(0): Modeline "800x600"x0.0   50.00  800 856 976 1040  600 637 643 666 +hsync +vsync (48.1 kHz)
 (II) DL(0): Modeline "1152x864"x0.0  108.00  1152 1216 1344 1600  864 865 868 900 +hsync +vsync (67.5 kHz)
 (II) DL(0): Modeline "1600x1200"x0.0  162.00  1600 1664 1856 2160  1200 1201 1204 1250 +hsync +vsync (75.0 kHz)
 (II) DL(0): Modeline "1440x900"x0.0  106.50  1440 1520 1672 1904  900 903 909 934 -hsync +vsync (55.9 kHz)
 (II) DL(0): Modeline "1400x1050"x0.0  121.75  1400 1488 1632 1864  1050 1053 1057 1089 -hsync +vsync (65.3 kHz)
 (II) DL(0): Modeline "1280x1024"x0.0  108.00  1280 1328 1440 1688  1024 1025 1028 1066 +hsync +vsync (64.0 kHz)
 (II) DL(0): Modeline "1280x960"x0.0  108.00  1280 1376 1488 1800  960 961 964 1000 +hsync +vsync (60.0 kHz)
 (II) DL(0): EDID vendor "VSC", prod id 41502
 (II) HP WMI hotkeys: Close
 (II) UnloadModule: "evdev"
 (II) UnloadModule: "synaptics"
 (II) PS/2 Generic Mouse: Close
 (II) UnloadModule: "evdev"
 (II) AT Translated Set 2 keyboard: Close
 (II) UnloadModule: "evdev"
 (II) HP Webcam : Close
 (II) UnloadModule: "evdev"
 (II) Sleep Button: Close
 (II) UnloadModule: "evdev"
 (II) Video Bus: Close
 (II) UnloadModule: "evdev"
 (II) Power Button: Close
 (II) UnloadModule: "evdev"
  ddxSigGiveUp: Closing log
