[   306.885] 
X.Org X Server 1.9.0
Release Date: 2010-08-20
[   306.885] X Protocol Version 11, Revision 0
[   306.885] Build Operating System: Linux 2.6.24-28-server x86_64 Ubuntu
[   306.885] Current Operating System: Linux hp 2.6.35-28-generic #49-Ubuntu SMP Tue Mar 1 14:39:03 UTC 2011 x86_64
[   306.885] Kernel command line: BOOT_IMAGE=/boot/vmlinuz-2.6.35-28-generic root=UUID=11247821-df55-4e44-9b48-8d2791c4ac0b ro quiet splash
[   306.885] Build Date: 09 January 2011  12:14:27PM
[   306.885] xorg-server 2:1.9.0-0ubuntu7.3 (For technical support please see http://www.ubuntu.com/support) 
[   306.885] Current version of pixman: 0.18.4
[   306.885] 	Before reporting problems, check http://wiki.x.org
	to make sure that you have the latest version.
[   306.885] Markers: (--) probed, (**) from config file, (==) default setting,
	(++) from command line, (!!) notice, (II) informational,
	(WW) warning, (EE) error, (NI) not implemented, (??) unknown.
[   306.885] (++) Log file: "/var/log/Xorg.displaylink2.log", Time: Tue Mar 29 13:48:14 2011
[   306.885] (++) Using config file: "/etc/X11/xorg.conf.displaylink2"
[   306.885] (==) Using system config directory "/usr/share/X11/xorg.conf.d"
[   306.903] (==) ServerLayout "Nvidia-Layout"
[   306.903] (**) |-->Screen "DisplayLinkScreen" (0)
[   306.903] (**) |   |-->Monitor "DisplayLinkMonitor"
[   306.903] (**) |   |-->Device "DisplayLinkDevice"
[   306.903] (**) Option "Xinerama" "off"
[   306.903] (==) Automatically adding devices
[   306.903] (==) Automatically enabling devices
[   306.903] (WW) The directory "/usr/share/fonts/X11/cyrillic" does not exist.
[   306.903] 	Entry deleted from font path.
[   306.903] (==) FontPath set to:
	/usr/share/fonts/X11/misc,
	/usr/share/fonts/X11/100dpi/:unscaled,
	/usr/share/fonts/X11/75dpi/:unscaled,
	/usr/share/fonts/X11/Type1,
	/usr/share/fonts/X11/100dpi,
	/usr/share/fonts/X11/75dpi,
	/var/lib/defoma/x-ttcidfont-conf.d/dirs/TrueType,
	built-ins
[   306.903] (==) ModulePath set to "/usr/lib/xorg/extra-modules,/usr/lib/xorg/modules"
[   306.903] (II) The server relies on udev to provide the list of input devices.
	If no devices become available, reconfigure udev or disable AutoAddDevices.
[   306.903] (II) Loader magic: 0x7d17a0
[   306.903] (II) Module ABI versions:
[   306.903] 	X.Org ANSI C Emulation: 0.4
[   306.903] 	X.Org Video Driver: 8.0
[   306.903] 	X.Org XInput driver : 11.0
[   306.903] 	X.Org Server Extension : 4.0
[   306.904] (--) PCI:*(0:1:0:0) 1002:68c0:103c:1521 rev 0, Mem @ 0xc0000000/268435456, 0xd4400000/131072, I/O @ 0x00005000/256, BIOS @ 0x????????/131072
[   306.904] (II) Open ACPI successful (/var/run/acpid.socket)
[   306.904] (II) "extmod" will be loaded by default.
[   306.904] (II) "dbe" will be loaded by default.
[   306.904] (II) "glx" will be loaded. This was enabled by default and also specified in the config file.
[   306.904] (II) "record" will be loaded by default.
[   306.904] (II) "dri" will be loaded by default.
[   306.904] (II) "dri2" will be loaded by default.
[   306.904] (II) LoadModule: "glx"
[   306.905] (II) Loading /usr/lib/xorg/extra-modules/modules/extensions/libglx.so
[   306.905] (II) Module glx: vendor="FireGL - ATI Technologies Inc."
[   306.905] 	compiled for 7.6.0, module version = 1.0.0
[   306.905] (II) Loading extension GLX
[   306.905] (II) LoadModule: "extmod"
[   306.905] (II) Loading /usr/lib/xorg/modules/extensions/libextmod.so
[   306.905] (II) Module extmod: vendor="X.Org Foundation"
[   306.905] 	compiled for 1.9.0, module version = 1.0.0
[   306.905] 	Module class: X.Org Server Extension
[   306.905] 	ABI class: X.Org Server Extension, version 4.0
[   306.905] (II) Loading extension MIT-SCREEN-SAVER
[   306.905] (II) Loading extension XFree86-VidModeExtension
[   306.905] (II) Loading extension XFree86-DGA
[   306.905] (II) Loading extension DPMS
[   306.905] (II) Loading extension XVideo
[   306.905] (II) Loading extension XVideo-MotionCompensation
[   306.905] (II) Loading extension X-Resource
[   306.905] (II) LoadModule: "dbe"
[   306.906] (II) Loading /usr/lib/xorg/modules/extensions/libdbe.so
[   306.906] (II) Module dbe: vendor="X.Org Foundation"
[   306.906] 	compiled for 1.9.0, module version = 1.0.0
[   306.906] 	Module class: X.Org Server Extension
[   306.906] 	ABI class: X.Org Server Extension, version 4.0
[   306.906] (II) Loading extension DOUBLE-BUFFER
[   306.906] (II) LoadModule: "record"
[   306.906] (II) Loading /usr/lib/xorg/modules/extensions/librecord.so
[   306.906] (II) Module record: vendor="X.Org Foundation"
[   306.906] 	compiled for 1.9.0, module version = 1.13.0
[   306.906] 	Module class: X.Org Server Extension
[   306.906] 	ABI class: X.Org Server Extension, version 4.0
[   306.906] (II) Loading extension RECORD
[   306.906] (II) LoadModule: "dri"
[   306.906] (II) Loading /usr/lib/xorg/modules/extensions/libdri.so
[   306.907] (II) Module dri: vendor="X.Org Foundation"
[   306.907] 	compiled for 1.9.0, module version = 1.0.0
[   306.907] 	ABI class: X.Org Server Extension, version 4.0
[   306.907] (II) Loading extension XFree86-DRI
[   306.907] (II) LoadModule: "dri2"
[   306.907] (II) Loading /usr/lib/xorg/modules/extensions/libdri2.so
[   306.907] (II) Module dri2: vendor="X.Org Foundation"
[   306.907] 	compiled for 1.9.0, module version = 1.2.0
[   306.907] 	ABI class: X.Org Server Extension, version 4.0
[   306.907] (II) Loading extension DRI2
[   306.907] (II) LoadModule: "displaylink"
[   306.907] (II) Loading /usr/lib/xorg/modules/drivers/displaylink_drv.so
[   306.919] (II) Module displaylink: vendor="X.Org Foundation"
[   306.919] 	compiled for 1.8.99.905, module version = 0.0.1
[   306.919] 	ABI class: X.Org Video Driver, version 8.0
[   306.919] (II) DL: driver for : displaylink
[   306.919] (--) using VT number 8

[   309.357] (WW) Falling back to old probe method for displaylink
[   309.357] (II) Loading sub module "fbdevhw"
[   309.357] (II) LoadModule: "fbdevhw"
[   309.358] (II) Loading /usr/lib/xorg/modules/libfbdevhw.so
[   309.379] (II) Module fbdevhw: vendor="X.Org Foundation"
[   309.379] 	compiled for 1.9.0, module version = 0.0.2
[   309.379] 	ABI class: X.Org Video Driver, version 8.0
[   309.380] (II) DL(0): using /dev/fb0
[   309.380] (II) DL(0): Manufacturer: VSC  Model: 591e  Serial#: 16843009
[   309.380] (II) DL(0): Year: 2007  Week: 13
[   309.380] (II) DL(0): EDID Version: 1.3
[   309.380] (II) DL(0): Analog Display Input,  Input Voltage Level: 0.700/0.300 V
[   309.380] (II) DL(0): Sync:  Separate  Composite  SyncOnGreen
[   309.380] (II) DL(0): Max Image Size [cm]: horiz.: 47  vert.: 30
[   309.380] (II) DL(0): Gamma: 2.20
[   309.380] (II) DL(0): DPMS capabilities: Off; RGB/Color Display
[   309.380] (II) DL(0): Default color space is primary color space
[   309.380] (II) DL(0): First detailed timing is preferred mode
[   309.380] (II) DL(0): redX: 0.640 redY: 0.333   greenX: 0.285 greenY: 0.602
[   309.380] (II) DL(0): blueX: 0.152 blueY: 0.074   whiteX: 0.313 whiteY: 0.329
[   309.380] (II) DL(0): Supported established timings:
[   309.380] (II) DL(0): 720x400@70Hz
[   309.380] (II) DL(0): 640x480@60Hz
[   309.380] (II) DL(0): 640x480@67Hz
[   309.380] (II) DL(0): 640x480@72Hz
[   309.380] (II) DL(0): 640x480@75Hz
[   309.380] (II) DL(0): 800x600@56Hz
[   309.380] (II) DL(0): 800x600@60Hz
[   309.380] (II) DL(0): 800x600@72Hz
[   309.380] (II) DL(0): 800x600@75Hz
[   309.380] (II) DL(0): 832x624@75Hz
[   309.380] (II) DL(0): 1024x768@60Hz
[   309.380] (II) DL(0): 1024x768@70Hz
[   309.380] (II) DL(0): 1024x768@75Hz
[   309.380] (II) DL(0): 1280x1024@75Hz
[   309.380] (II) DL(0): 1152x864@75Hz
[   309.380] (II) DL(0): Manufacturer's mask: 0
[   309.380] (II) DL(0): Supported standard timings:
[   309.380] (II) DL(0): #0: hsize: 1680  vsize 1050  refresh: 60  vid: 179
[   309.380] (II) DL(0): #1: hsize: 1600  vsize 1200  refresh: 60  vid: 16553
[   309.380] (II) DL(0): #2: hsize: 1440  vsize 900  refresh: 60  vid: 149
[   309.380] (II) DL(0): #3: hsize: 1400  vsize 1050  refresh: 60  vid: 16528
[   309.380] (II) DL(0): #4: hsize: 1280  vsize 1024  refresh: 60  vid: 32897
[   309.380] (II) DL(0): #5: hsize: 1280  vsize 960  refresh: 60  vid: 16513
[   309.380] (II) DL(0): #6: hsize: 1152  vsize 864  refresh: 75  vid: 20337
[   309.380] (II) DL(0): Supported detailed timing:
[   309.380] (II) DL(0): clock: 146.2 MHz   Image Size:  474 x 296 mm
[   309.380] (II) DL(0): h_active: 1680  h_sync: 1784  h_sync_end 1960 h_blank_end 2240 h_border: 0
[   309.380] (II) DL(0): v_active: 1050  v_sync: 1053  v_sync_end 1059 v_blanking: 1089 v_border: 0
[   309.380] (II) DL(0): Serial No: QA5071304098
[   309.380] (II) DL(0): Ranges: V min: 50 V max: 75 Hz, H min: 30 H max: 82 kHz, PixClock max 155 MHz
[   309.380] (II) DL(0): Monitor name: VX2235wm
[   309.380] (II) DL(0): EDID (in hex):
[   309.380] (II) DL(0): 	00ffffffffffff005a631e5901010101
[   309.380] (II) DL(0): 	0d1101030e2f1e782ed005a355499a27
[   309.380] (II) DL(0): 	135054bfef80b300a940950090408180
[   309.380] (II) DL(0): 	8140714f010121399030621a274068b0
[   309.380] (II) DL(0): 	3600da281100001c000000ff00514135
[   309.380] (II) DL(0): 	3037313330343039380a000000fd0032
[   309.380] (II) DL(0): 	4b1e520f000a202020202020000000fc
[   309.380] (II) DL(0): 	00565832323335776d0a2020202000a9
[   309.380] (II) DL(0): Creating default Display subsection in Screen section
	"DisplayLinkScreen" for depth/fbbpp 16/16
[   309.380] (==) DL(0): Depth 16, (==) framebuffer bpp 16
[   309.380] (==) DL(0): RGB weight 565
[   309.380] (==) DL(0): Default visual is TrueColor
[   309.380] (==) DL(0): Using gamma correction (1.0, 1.0, 1.0)
[   309.380] (II) DL(0): hardware: udlfb (video memory: 2872kB)
[   309.380] (**) DL(0): Option "fbdev" "/dev/fb0"
[   309.380] (II) Loading sub module "fb"
[   309.380] (II) LoadModule: "fb"
[   309.380] (II) Loading /usr/lib/xorg/modules/libfb.so
[   309.381] (II) Module fb: vendor="X.Org Foundation"
[   309.381] 	compiled for 1.9.0, module version = 1.0.0
[   309.381] 	ABI class: X.Org ANSI C Emulation, version 0.4
[   309.381] (II) DL(0): Output udlfb using monitor section DisplayLinkMonitor
[   309.381] (II) DL(0): EDID for output udlfb
[   309.381] (II) DL(0): Manufacturer: VSC  Model: 591e  Serial#: 16843009
[   309.381] (II) DL(0): Year: 2007  Week: 13
[   309.381] (II) DL(0): EDID Version: 1.3
[   309.381] (II) DL(0): Analog Display Input,  Input Voltage Level: 0.700/0.300 V
[   309.381] (II) DL(0): Sync:  Separate  Composite  SyncOnGreen
[   309.381] (II) DL(0): Max Image Size [cm]: horiz.: 47  vert.: 30
[   309.381] (II) DL(0): Gamma: 2.20
[   309.381] (II) DL(0): DPMS capabilities: Off; RGB/Color Display
[   309.381] (II) DL(0): Default color space is primary color space
[   309.381] (II) DL(0): First detailed timing is preferred mode
[   309.381] (II) DL(0): redX: 0.640 redY: 0.333   greenX: 0.285 greenY: 0.602
[   309.381] (II) DL(0): blueX: 0.152 blueY: 0.074   whiteX: 0.313 whiteY: 0.329
[   309.381] (II) DL(0): Supported established timings:
[   309.381] (II) DL(0): 720x400@70Hz
[   309.381] (II) DL(0): 640x480@60Hz
[   309.381] (II) DL(0): 640x480@67Hz
[   309.381] (II) DL(0): 640x480@72Hz
[   309.381] (II) DL(0): 640x480@75Hz
[   309.381] (II) DL(0): 800x600@56Hz
[   309.381] (II) DL(0): 800x600@60Hz
[   309.381] (II) DL(0): 800x600@72Hz
[   309.381] (II) DL(0): 800x600@75Hz
[   309.381] (II) DL(0): 832x624@75Hz
[   309.381] (II) DL(0): 1024x768@60Hz
[   309.381] (II) DL(0): 1024x768@70Hz
[   309.381] (II) DL(0): 1024x768@75Hz
[   309.381] (II) DL(0): 1280x1024@75Hz
[   309.381] (II) DL(0): 1152x864@75Hz
[   309.381] (II) DL(0): Manufacturer's mask: 0
[   309.381] (II) DL(0): Supported standard timings:
[   309.381] (II) DL(0): #0: hsize: 1680  vsize 1050  refresh: 60  vid: 179
[   309.381] (II) DL(0): #1: hsize: 1600  vsize 1200  refresh: 60  vid: 16553
[   309.381] (II) DL(0): #2: hsize: 1440  vsize 900  refresh: 60  vid: 149
[   309.381] (II) DL(0): #3: hsize: 1400  vsize 1050  refresh: 60  vid: 16528
[   309.381] (II) DL(0): #4: hsize: 1280  vsize 1024  refresh: 60  vid: 32897
[   309.381] (II) DL(0): #5: hsize: 1280  vsize 960  refresh: 60  vid: 16513
[   309.381] (II) DL(0): #6: hsize: 1152  vsize 864  refresh: 75  vid: 20337
[   309.381] (II) DL(0): Supported detailed timing:
[   309.381] (II) DL(0): clock: 146.2 MHz   Image Size:  474 x 296 mm
[   309.381] (II) DL(0): h_active: 1680  h_sync: 1784  h_sync_end 1960 h_blank_end 2240 h_border: 0
[   309.381] (II) DL(0): v_active: 1050  v_sync: 1053  v_sync_end 1059 v_blanking: 1089 v_border: 0
[   309.381] (II) DL(0): Serial No: QA5071304098
[   309.381] (II) DL(0): Ranges: V min: 50 V max: 75 Hz, H min: 30 H max: 82 kHz, PixClock max 155 MHz
[   309.381] (II) DL(0): Monitor name: VX2235wm
[   309.381] (II) DL(0): EDID (in hex):
[   309.381] (II) DL(0): 	00ffffffffffff005a631e5901010101
[   309.381] (II) DL(0): 	0d1101030e2f1e782ed005a355499a27
[   309.381] (II) DL(0): 	135054bfef80b300a940950090408180
[   309.381] (II) DL(0): 	8140714f010121399030621a274068b0
[   309.381] (II) DL(0): 	3600da281100001c000000ff00514135
[   309.381] (II) DL(0): 	3037313330343039380a000000fd0032
[   309.381] (II) DL(0): 	4b1e520f000a202020202020000000fc
[   309.381] (II) DL(0): 	00565832323335776d0a2020202000a9
[   309.381] (II) DL(0): EDID vendor "VSC", prod id 22814
[   309.381] (II) DL(0): Using EDID range info for horizontal sync
[   309.381] (II) DL(0): Using EDID range info for vertical refresh
[   309.381] (II) DL(0): Printing DDC gathered Modelines:
[   309.381] (II) DL(0): Modeline "1680x1050"x0.0  146.25  1680 1784 1960 2240  1050 1053 1059 1089 -hsync +vsync (65.3 kHz)
[   309.381] (II) DL(0): Modeline "800x600"x0.0   40.00  800 840 968 1056  600 601 605 628 +hsync +vsync (37.9 kHz)
[   309.381] (II) DL(0): Modeline "800x600"x0.0   36.00  800 824 896 1024  600 601 603 625 +hsync +vsync (35.2 kHz)
[   309.381] (II) DL(0): Modeline "640x480"x0.0   31.50  640 656 720 840  480 481 484 500 -hsync -vsync (37.5 kHz)
[   309.381] (II) DL(0): Modeline "640x480"x0.0   31.50  640 664 704 832  480 489 492 520 -hsync -vsync (37.9 kHz)
[   309.381] (II) DL(0): Modeline "640x480"x0.0   30.24  640 704 768 864  480 483 486 525 -hsync -vsync (35.0 kHz)
[   309.381] (II) DL(0): Modeline "640x480"x0.0   25.18  640 656 752 800  480 490 492 525 -hsync -vsync (31.5 kHz)
[   309.381] (II) DL(0): Modeline "720x400"x0.0   28.32  720 738 846 900  400 412 414 449 -hsync +vsync (31.5 kHz)
[   309.381] (II) DL(0): Modeline "1280x1024"x0.0  135.00  1280 1296 1440 1688  1024 1025 1028 1066 +hsync +vsync (80.0 kHz)
[   309.381] (II) DL(0): Modeline "1024x768"x0.0   78.75  1024 1040 1136 1312  768 769 772 800 +hsync +vsync (60.0 kHz)
[   309.381] (II) DL(0): Modeline "1024x768"x0.0   75.00  1024 1048 1184 1328  768 771 777 806 -hsync -vsync (56.5 kHz)
[   309.381] (II) DL(0): Modeline "1024x768"x0.0   65.00  1024 1048 1184 1344  768 771 777 806 -hsync -vsync (48.4 kHz)
[   309.381] (II) DL(0): Modeline "832x624"x0.0   57.28  832 864 928 1152  624 625 628 667 -hsync -vsync (49.7 kHz)
[   309.381] (II) DL(0): Modeline "800x600"x0.0   49.50  800 816 896 1056  600 601 604 625 +hsync +vsync (46.9 kHz)
[   309.381] (II) DL(0): Modeline "800x600"x0.0   50.00  800 856 976 1040  600 637 643 666 +hsync +vsync (48.1 kHz)
[   309.381] (II) DL(0): Modeline "1152x864"x0.0  108.00  1152 1216 1344 1600  864 865 868 900 +hsync +vsync (67.5 kHz)
[   309.381] (II) DL(0): Modeline "1600x1200"x0.0  162.00  1600 1664 1856 2160  1200 1201 1204 1250 +hsync +vsync (75.0 kHz)
[   309.381] (II) DL(0): Modeline "1440x900"x0.0  106.50  1440 1520 1672 1904  900 903 909 934 -hsync +vsync (55.9 kHz)
[   309.381] (II) DL(0): Modeline "1400x1050"x0.0  121.75  1400 1488 1632 1864  1050 1053 1057 1089 -hsync +vsync (65.3 kHz)
[   309.381] (II) DL(0): Modeline "1280x1024"x0.0  108.00  1280 1328 1440 1688  1024 1025 1028 1066 +hsync +vsync (64.0 kHz)
[   309.381] (II) DL(0): Modeline "1280x960"x0.0  108.00  1280 1376 1488 1800  960 961 964 1000 +hsync +vsync (60.0 kHz)
[   309.381] (II) DL(0): EDID vendor "VSC", prod id 22814
[   309.381] (II) DL(0): EDID for output udlfb
[   309.381] (II) DL(0): Manufacturer: VSC  Model: 591e  Serial#: 16843009
[   309.381] (II) DL(0): Year: 2007  Week: 13
[   309.381] (II) DL(0): EDID Version: 1.3
[   309.381] (II) DL(0): Analog Display Input,  Input Voltage Level: 0.700/0.300 V
[   309.381] (II) DL(0): Sync:  Separate  Composite  SyncOnGreen
[   309.382] (II) DL(0): Max Image Size [cm]: horiz.: 47  vert.: 30
[   309.382] (II) DL(0): Gamma: 2.20
[   309.382] (II) DL(0): DPMS capabilities: Off; RGB/Color Display
[   309.382] (II) DL(0): Default color space is primary color space
[   309.382] (II) DL(0): First detailed timing is preferred mode
[   309.382] (II) DL(0): redX: 0.640 redY: 0.333   greenX: 0.285 greenY: 0.602
[   309.382] (II) DL(0): blueX: 0.152 blueY: 0.074   whiteX: 0.313 whiteY: 0.329
[   309.382] (II) DL(0): Supported established timings:
[   309.382] (II) DL(0): 720x400@70Hz
[   309.382] (II) DL(0): 640x480@60Hz
[   309.382] (II) DL(0): 640x480@67Hz
[   309.382] (II) DL(0): 640x480@72Hz
[   309.382] (II) DL(0): 640x480@75Hz
[   309.382] (II) DL(0): 800x600@56Hz
[   309.382] (II) DL(0): 800x600@60Hz
[   309.382] (II) DL(0): 800x600@72Hz
[   309.382] (II) DL(0): 800x600@75Hz
[   309.382] (II) DL(0): 832x624@75Hz
[   309.382] (II) DL(0): 1024x768@60Hz
[   309.382] (II) DL(0): 1024x768@70Hz
[   309.382] (II) DL(0): 1024x768@75Hz
[   309.382] (II) DL(0): 1280x1024@75Hz
[   309.382] (II) DL(0): 1152x864@75Hz
[   309.382] (II) DL(0): Manufacturer's mask: 0
[   309.382] (II) DL(0): Supported standard timings:
[   309.382] (II) DL(0): #0: hsize: 1680  vsize 1050  refresh: 60  vid: 179
[   309.382] (II) DL(0): #1: hsize: 1600  vsize 1200  refresh: 60  vid: 16553
[   309.382] (II) DL(0): #2: hsize: 1440  vsize 900  refresh: 60  vid: 149
[   309.382] (II) DL(0): #3: hsize: 1400  vsize 1050  refresh: 60  vid: 16528
[   309.382] (II) DL(0): #4: hsize: 1280  vsize 1024  refresh: 60  vid: 32897
[   309.382] (II) DL(0): #5: hsize: 1280  vsize 960  refresh: 60  vid: 16513
[   309.382] (II) DL(0): #6: hsize: 1152  vsize 864  refresh: 75  vid: 20337
[   309.382] (II) DL(0): Supported detailed timing:
[   309.382] (II) DL(0): clock: 146.2 MHz   Image Size:  474 x 296 mm
[   309.382] (II) DL(0): h_active: 1680  h_sync: 1784  h_sync_end 1960 h_blank_end 2240 h_border: 0
[   309.382] (II) DL(0): v_active: 1050  v_sync: 1053  v_sync_end 1059 v_blanking: 1089 v_border: 0
[   309.382] (II) DL(0): Serial No: QA5071304098
[   309.382] (II) DL(0): Ranges: V min: 50 V max: 75 Hz, H min: 30 H max: 82 kHz, PixClock max 155 MHz
[   309.382] (II) DL(0): Monitor name: VX2235wm
[   309.382] (II) DL(0): EDID (in hex):
[   309.382] (II) DL(0): 	00ffffffffffff005a631e5901010101
[   309.382] (II) DL(0): 	0d1101030e2f1e782ed005a355499a27
[   309.382] (II) DL(0): 	135054bfef80b300a940950090408180
[   309.382] (II) DL(0): 	8140714f010121399030621a274068b0
[   309.382] (II) DL(0): 	3600da281100001c000000ff00514135
[   309.382] (II) DL(0): 	3037313330343039380a000000fd0032
[   309.382] (II) DL(0): 	4b1e520f000a202020202020000000fc
[   309.382] (II) DL(0): 	00565832323335776d0a2020202000a9
[   309.382] (II) DL(0): EDID vendor "VSC", prod id 22814
[   309.382] (II) DL(0): Using hsync ranges from config file
[   309.382] (II) DL(0): Using vrefresh ranges from config file
[   309.382] (II) DL(0): Printing DDC gathered Modelines:
[   309.382] (II) DL(0): Modeline "1680x1050"x0.0  146.25  1680 1784 1960 2240  1050 1053 1059 1089 -hsync +vsync (65.3 kHz)
[   309.382] (II) DL(0): Modeline "800x600"x0.0   40.00  800 840 968 1056  600 601 605 628 +hsync +vsync (37.9 kHz)
[   309.382] (II) DL(0): Modeline "800x600"x0.0   36.00  800 824 896 1024  600 601 603 625 +hsync +vsync (35.2 kHz)
[   309.382] (II) DL(0): Modeline "640x480"x0.0   31.50  640 656 720 840  480 481 484 500 -hsync -vsync (37.5 kHz)
[   309.382] (II) DL(0): Modeline "640x480"x0.0   31.50  640 664 704 832  480 489 492 520 -hsync -vsync (37.9 kHz)
[   309.382] (II) DL(0): Modeline "640x480"x0.0   30.24  640 704 768 864  480 483 486 525 -hsync -vsync (35.0 kHz)
[   309.382] (II) DL(0): Modeline "640x480"x0.0   25.18  640 656 752 800  480 490 492 525 -hsync -vsync (31.5 kHz)
[   309.382] (II) DL(0): Modeline "720x400"x0.0   28.32  720 738 846 900  400 412 414 449 -hsync +vsync (31.5 kHz)
[   309.382] (II) DL(0): Modeline "1280x1024"x0.0  135.00  1280 1296 1440 1688  1024 1025 1028 1066 +hsync +vsync (80.0 kHz)
[   309.382] (II) DL(0): Modeline "1024x768"x0.0   78.75  1024 1040 1136 1312  768 769 772 800 +hsync +vsync (60.0 kHz)
[   309.382] (II) DL(0): Modeline "1024x768"x0.0   75.00  1024 1048 1184 1328  768 771 777 806 -hsync -vsync (56.5 kHz)
[   309.382] (II) DL(0): Modeline "1024x768"x0.0   65.00  1024 1048 1184 1344  768 771 777 806 -hsync -vsync (48.4 kHz)
[   309.382] (II) DL(0): Modeline "832x624"x0.0   57.28  832 864 928 1152  624 625 628 667 -hsync -vsync (49.7 kHz)
[   309.382] (II) DL(0): Modeline "800x600"x0.0   49.50  800 816 896 1056  600 601 604 625 +hsync +vsync (46.9 kHz)
[   309.382] (II) DL(0): Modeline "800x600"x0.0   50.00  800 856 976 1040  600 637 643 666 +hsync +vsync (48.1 kHz)
[   309.382] (II) DL(0): Modeline "1152x864"x0.0  108.00  1152 1216 1344 1600  864 865 868 900 +hsync +vsync (67.5 kHz)
[   309.382] (II) DL(0): Modeline "1600x1200"x0.0  162.00  1600 1664 1856 2160  1200 1201 1204 1250 +hsync +vsync (75.0 kHz)
[   309.382] (II) DL(0): Modeline "1440x900"x0.0  106.50  1440 1520 1672 1904  900 903 909 934 -hsync +vsync (55.9 kHz)
[   309.382] (II) DL(0): Modeline "1400x1050"x0.0  121.75  1400 1488 1632 1864  1050 1053 1057 1089 -hsync +vsync (65.3 kHz)
[   309.382] (II) DL(0): Modeline "1280x1024"x0.0  108.00  1280 1328 1440 1688  1024 1025 1028 1066 +hsync +vsync (64.0 kHz)
[   309.382] (II) DL(0): Modeline "1280x960"x0.0  108.00  1280 1376 1488 1800  960 961 964 1000 +hsync +vsync (60.0 kHz)
[   309.382] (II) DL(0): EDID vendor "VSC", prod id 22814
[   309.382] (II) DL(0): Not using mode "1680x1050" (width too large for virtual size)
[   309.382] (II) DL(0): Not using mode "1600x1200" (height too large for virtual size)
[   309.382] (II) DL(0): Not using mode "1440x900" (width too large for virtual size)
[   309.382] (II) DL(0): Printing probed modes for output udlfb
[   309.382] (II) DL(0): Modeline "1400x1050"x60.0  121.75  1400 1488 1632 1864  1050 1053 1057 1089 -hsync +vsync (65.3 kHz)
[   309.382] (II) DL(0): Modeline "1280x1024"x75.0  135.00  1280 1296 1440 1688  1024 1025 1028 1066 +hsync +vsync (80.0 kHz)
[   309.382] (II) DL(0): Modeline "1280x1024"x60.0  108.00  1280 1328 1440 1688  1024 1025 1028 1066 +hsync +vsync (64.0 kHz)
[   309.382] (II) DL(0): Modeline "1280x960"x60.0  108.00  1280 1376 1488 1800  960 961 964 1000 +hsync +vsync (60.0 kHz)
[   309.382] (II) DL(0): Modeline "1152x864"x75.0  108.00  1152 1216 1344 1600  864 865 868 900 +hsync +vsync (67.5 kHz)
[   309.382] (II) DL(0): Modeline "1024x768"x75.0   78.75  1024 1040 1136 1312  768 769 772 800 +hsync +vsync (60.0 kHz)
[   309.382] (II) DL(0): Modeline "1024x768"x70.1   75.00  1024 1048 1184 1328  768 771 777 806 -hsync -vsync (56.5 kHz)
[   309.382] (II) DL(0): Modeline "1024x768"x60.0   65.00  1024 1048 1184 1344  768 771 777 806 -hsync -vsync (48.4 kHz)
[   309.382] (II) DL(0): Modeline "832x624"x74.6   57.28  832 864 928 1152  624 625 628 667 -hsync -vsync (49.7 kHz)
[   309.382] (II) DL(0): Modeline "800x600"x72.2   50.00  800 856 976 1040  600 637 643 666 +hsync +vsync (48.1 kHz)
[   309.382] (II) DL(0): Modeline "800x600"x75.0   49.50  800 816 896 1056  600 601 604 625 +hsync +vsync (46.9 kHz)
[   309.382] (II) DL(0): Modeline "800x600"x60.3   40.00  800 840 968 1056  600 601 605 628 +hsync +vsync (37.9 kHz)
[   309.382] (II) DL(0): Modeline "800x600"x56.2   36.00  800 824 896 1024  600 601 603 625 +hsync +vsync (35.2 kHz)
[   309.382] (II) DL(0): Modeline "640x480"x75.0   31.50  640 656 720 840  480 481 484 500 -hsync -vsync (37.5 kHz)
[   309.382] (II) DL(0): Modeline "640x480"x72.8   31.50  640 664 704 832  480 489 492 520 -hsync -vsync (37.9 kHz)
[   309.382] (II) DL(0): Modeline "640x480"x66.7   30.24  640 704 768 864  480 483 486 525 -hsync -vsync (35.0 kHz)
[   309.382] (II) DL(0): Modeline "640x480"x59.9   25.18  640 656 752 800  480 490 492 525 -hsync -vsync (31.5 kHz)
[   309.382] (II) DL(0): Modeline "720x400"x70.1   28.32  720 738 846 900  400 412 414 449 -hsync +vsync (31.5 kHz)
[   309.382] (II) DL(0): Output udlfb connected
[   309.382] (II) DL(0): Using fuzzy aspect match for initial modes
[   309.383] (II) DL(0): Output udlfb using initial mode 1400x1050
[   309.383] (II) DL(0): Using default gamma of (1.0, 1.0, 1.0) unless otherwise stated.
[   309.383] (--) DL(0): Virtual size is 1400x1050 (pitch 0)
[   309.383] (**) DL(0):  Driver mode "1400x1050": 121.8 MHz (scaled from 0.0 MHz), 65.3 kHz, 60.0 Hz
[   309.383] (II) DL(0): Modeline "1400x1050"x60.0  121.75  1400 1488 1632 1864  1050 1053 1057 1089 -hsync +vsync (65.3 kHz)
[   309.383] (**) DL(0):  Driver mode "1280x1024": 135.0 MHz (scaled from 0.0 MHz), 80.0 kHz, 75.0 Hz
[   309.383] (II) DL(0): Modeline "1280x1024"x75.0  135.00  1280 1296 1440 1688  1024 1025 1028 1066 +hsync +vsync (80.0 kHz)
[   309.383] (**) DL(0):  Driver mode "1280x1024": 108.0 MHz (scaled from 0.0 MHz), 64.0 kHz, 60.0 Hz
[   309.383] (II) DL(0): Modeline "1280x1024"x60.0  108.00  1280 1328 1440 1688  1024 1025 1028 1066 +hsync +vsync (64.0 kHz)
[   309.383] (**) DL(0):  Driver mode "1280x960": 108.0 MHz (scaled from 0.0 MHz), 60.0 kHz, 60.0 Hz
[   309.383] (II) DL(0): Modeline "1280x960"x60.0  108.00  1280 1376 1488 1800  960 961 964 1000 +hsync +vsync (60.0 kHz)
[   309.383] (**) DL(0):  Driver mode "1152x864": 108.0 MHz (scaled from 0.0 MHz), 67.5 kHz, 75.0 Hz
[   309.383] (II) DL(0): Modeline "1152x864"x75.0  108.00  1152 1216 1344 1600  864 865 868 900 +hsync +vsync (67.5 kHz)
[   309.383] (**) DL(0):  Driver mode "1024x768": 78.8 MHz (scaled from 0.0 MHz), 60.0 kHz, 75.0 Hz
[   309.383] (II) DL(0): Modeline "1024x768"x75.0   78.75  1024 1040 1136 1312  768 769 772 800 +hsync +vsync (60.0 kHz)
[   309.383] (**) DL(0):  Driver mode "1024x768": 75.0 MHz (scaled from 0.0 MHz), 56.5 kHz, 70.1 Hz
[   309.383] (II) DL(0): Modeline "1024x768"x70.1   75.00  1024 1048 1184 1328  768 771 777 806 -hsync -vsync (56.5 kHz)
[   309.383] (**) DL(0):  Driver mode "1024x768": 65.0 MHz (scaled from 0.0 MHz), 48.4 kHz, 60.0 Hz
[   309.383] (II) DL(0): Modeline "1024x768"x60.0   65.00  1024 1048 1184 1344  768 771 777 806 -hsync -vsync (48.4 kHz)
[   309.383] (**) DL(0):  Driver mode "832x624": 57.3 MHz (scaled from 0.0 MHz), 49.7 kHz, 74.6 Hz
[   309.383] (II) DL(0): Modeline "832x624"x74.6   57.28  832 864 928 1152  624 625 628 667 -hsync -vsync (49.7 kHz)
[   309.383] (**) DL(0):  Driver mode "800x600": 50.0 MHz (scaled from 0.0 MHz), 48.1 kHz, 72.2 Hz
[   309.383] (II) DL(0): Modeline "800x600"x72.2   50.00  800 856 976 1040  600 637 643 666 +hsync +vsync (48.1 kHz)
[   309.383] (**) DL(0):  Driver mode "800x600": 49.5 MHz (scaled from 0.0 MHz), 46.9 kHz, 75.0 Hz
[   309.383] (II) DL(0): Modeline "800x600"x75.0   49.50  800 816 896 1056  600 601 604 625 +hsync +vsync (46.9 kHz)
[   309.383] (**) DL(0):  Driver mode "800x600": 40.0 MHz (scaled from 0.0 MHz), 37.9 kHz, 60.3 Hz
[   309.383] (II) DL(0): Modeline "800x600"x60.3   40.00  800 840 968 1056  600 601 605 628 +hsync +vsync (37.9 kHz)
[   309.383] (**) DL(0):  Driver mode "800x600": 36.0 MHz (scaled from 0.0 MHz), 35.2 kHz, 56.2 Hz
[   309.383] (II) DL(0): Modeline "800x600"x56.2   36.00  800 824 896 1024  600 601 603 625 +hsync +vsync (35.2 kHz)
[   309.383] (**) DL(0):  Driver mode "640x480": 31.5 MHz (scaled from 0.0 MHz), 37.5 kHz, 75.0 Hz
[   309.383] (II) DL(0): Modeline "640x480"x75.0   31.50  640 656 720 840  480 481 484 500 -hsync -vsync (37.5 kHz)
[   309.383] (**) DL(0):  Driver mode "640x480": 31.5 MHz (scaled from 0.0 MHz), 37.9 kHz, 72.8 Hz
[   309.383] (II) DL(0): Modeline "640x480"x72.8   31.50  640 664 704 832  480 489 492 520 -hsync -vsync (37.9 kHz)
[   309.383] (**) DL(0):  Driver mode "640x480": 30.2 MHz (scaled from 0.0 MHz), 35.0 kHz, 66.7 Hz
[   309.383] (II) DL(0): Modeline "640x480"x66.7   30.24  640 704 768 864  480 483 486 525 -hsync -vsync (35.0 kHz)
[   309.383] (**) DL(0):  Driver mode "640x480": 25.2 MHz (scaled from 0.0 MHz), 31.5 kHz, 59.9 Hz
[   309.383] (II) DL(0): Modeline "640x480"x59.9   25.18  640 656 752 800  480 490 492 525 -hsync -vsync (31.5 kHz)
[   309.383] (**) DL(0):  Driver mode "720x400": 28.3 MHz (scaled from 0.0 MHz), 31.5 kHz, 70.1 Hz
[   309.383] (II) DL(0): Modeline "720x400"x70.1   28.32  720 738 846 900  400 412 414 449 -hsync +vsync (31.5 kHz)
[   309.383] (**) DL(0): Display dimensions: (470, 300) mm
[   309.383] (**) DL(0): DPI set to (75, 88)
[   309.383] (WW) DL(0): FBIOPAN_DISPLAY: Invalid argument
[   309.383] (==) DL(0): Backing store disabled
[   309.383] (==) DL(0): DPMS enabled
[   309.383] (II) DL(0): RandR 1.2 enabled, ignore the following RandR disabled message.
[   309.384] (--) RandR disabled
[   309.384] (II) Initializing built-in extension Generic Event Extension
[   309.384] (II) Initializing built-in extension SHAPE
[   309.384] (II) Initializing built-in extension MIT-SHM
[   309.384] (II) Initializing built-in extension XInputExtension
[   309.384] (II) Initializing built-in extension XTEST
[   309.384] (II) Initializing built-in extension BIG-REQUESTS
[   309.384] (II) Initializing built-in extension SYNC
[   309.384] (II) Initializing built-in extension XKEYBOARD
[   309.384] (II) Initializing built-in extension XC-MISC
[   309.384] (II) Initializing built-in extension SECURITY
[   309.384] (II) Initializing built-in extension XINERAMA
[   309.384] (II) Initializing built-in extension XFIXES
[   309.384] (II) Initializing built-in extension RENDER
[   309.384] (II) Initializing built-in extension RANDR
[   309.384] (II) Initializing built-in extension COMPOSITE
[   309.384] (II) Initializing built-in extension DAMAGE
[   309.384] (II) Initializing built-in extension GESTURE
[   309.390] (EE) GLX error: Can not get required symbols.
[   309.403] (II) XKB: reuse xkmfile /var/lib/xkb/server-B20D7FC79C7F597315E3E501AEF10E0D866E8E92.xkm
[   309.403] (II) XKB: Reusing cached keymap
[   309.409] (II) config/udev: Adding input device Power Button (/dev/input/event2)
[   309.409] (**) Power Button: Applying InputClass "evdev keyboard catchall"
[   309.409] (II) LoadModule: "evdev"
[   309.409] (II) Loading /usr/lib/xorg/modules/input/evdev_drv.so
[   309.409] (II) Module evdev: vendor="X.Org Foundation"
[   309.409] 	compiled for 1.9.0, module version = 2.3.2
[   309.409] 	Module class: X.Org XInput Driver
[   309.409] 	ABI class: X.Org XInput driver, version 11.0
[   309.409] (**) Power Button: always reports core events
[   309.409] (**) Power Button: Device: "/dev/input/event2"
[   309.442] (II) Power Button: Found keys
[   309.442] (II) Power Button: Configuring as keyboard
[   309.442] (II) XINPUT: Adding extended input device "Power Button" (type: KEYBOARD)
[   309.442] (**) Option "xkb_rules" "evdev"
[   309.442] (**) Option "xkb_model" "pc105"
[   309.442] (**) Option "xkb_layout" "us"
[   309.442] (II) XKB: Reusing cached keymap
[   309.443] (II) config/udev: Adding input device Video Bus (/dev/input/event7)
[   309.443] (**) Video Bus: Applying InputClass "evdev keyboard catchall"
[   309.443] (**) Video Bus: always reports core events
[   309.443] (**) Video Bus: Device: "/dev/input/event7"
[   309.501] (II) Video Bus: Found keys
[   309.501] (II) Video Bus: Configuring as keyboard
[   309.501] (II) XINPUT: Adding extended input device "Video Bus" (type: KEYBOARD)
[   309.501] (**) Option "xkb_rules" "evdev"
[   309.501] (**) Option "xkb_model" "pc105"
[   309.501] (**) Option "xkb_layout" "us"
[   309.501] (II) XKB: Reusing cached keymap
[   309.503] (II) config/udev: Adding input device Lid Switch (/dev/input/event1)
[   309.503] (II) No input driver/identifier specified (ignoring)
[   309.504] (II) config/udev: Adding input device Sleep Button (/dev/input/event0)
[   309.504] (**) Sleep Button: Applying InputClass "evdev keyboard catchall"
[   309.504] (**) Sleep Button: always reports core events
[   309.504] (**) Sleep Button: Device: "/dev/input/event0"
[   309.504] (II) Sleep Button: Found keys
[   309.504] (II) Sleep Button: Configuring as keyboard
[   309.504] (II) XINPUT: Adding extended input device "Sleep Button" (type: KEYBOARD)
[   309.504] (**) Option "xkb_rules" "evdev"
[   309.504] (**) Option "xkb_model" "pc105"
[   309.504] (**) Option "xkb_layout" "us"
[   309.504] (II) XKB: Reusing cached keymap
[   309.507] (II) config/udev: Adding input device HP Webcam [2 MP Macro] (/dev/input/event4)
[   309.507] (**) HP Webcam [2 MP Macro]: Applying InputClass "evdev keyboard catchall"
[   309.507] (**) HP Webcam [2 MP Macro]: always reports core events
[   309.507] (**) HP Webcam [2 MP Macro]: Device: "/dev/input/event4"
[   309.581] (II) HP Webcam [2 MP Macro]: Found keys
[   309.582] (II) HP Webcam [2 MP Macro]: Configuring as keyboard
[   309.582] (II) XINPUT: Adding extended input device "HP Webcam [2 MP Macro]" (type: KEYBOARD)
[   309.582] (**) Option "xkb_rules" "evdev"
[   309.582] (**) Option "xkb_model" "pc105"
[   309.582] (**) Option "xkb_layout" "us"
[   309.582] (II) XKB: Reusing cached keymap
[   309.583] (II) config/udev: Adding input device HDA Intel HP Out at Ext Left Jack (/dev/input/event10)
[   309.583] (II) No input driver/identifier specified (ignoring)
[   309.583] (II) config/udev: Adding input device HDA Intel HP Out at Sep Rear Jack (/dev/input/event11)
[   309.583] (II) No input driver/identifier specified (ignoring)
[   309.583] (II) config/udev: Adding input device HDA Intel Line In at Sep Rear Jack (/dev/input/event8)
[   309.583] (II) No input driver/identifier specified (ignoring)
[   309.583] (II) config/udev: Adding input device HDA Intel Mic at Ext Left Jack (/dev/input/event9)
[   309.583] (II) No input driver/identifier specified (ignoring)
[   309.588] (II) config/udev: Adding input device AT Translated Set 2 keyboard (/dev/input/event3)
[   309.588] (**) AT Translated Set 2 keyboard: Applying InputClass "evdev keyboard catchall"
[   309.588] (**) AT Translated Set 2 keyboard: always reports core events
[   309.588] (**) AT Translated Set 2 keyboard: Device: "/dev/input/event3"
[   309.662] (II) AT Translated Set 2 keyboard: Found keys
[   309.662] (II) AT Translated Set 2 keyboard: Configuring as keyboard
[   309.662] (II) XINPUT: Adding extended input device "AT Translated Set 2 keyboard" (type: KEYBOARD)
[   309.662] (**) Option "xkb_rules" "evdev"
[   309.662] (**) Option "xkb_model" "pc105"
[   309.662] (**) Option "xkb_layout" "us"
[   309.662] (II) XKB: Reusing cached keymap
[   309.662] (II) config/udev: Adding input device PS/2 Generic Mouse (/dev/input/event12)
[   309.662] (**) PS/2 Generic Mouse: Applying InputClass "evdev pointer catchall"
[   309.662] (**) PS/2 Generic Mouse: always reports core events
[   309.662] (**) PS/2 Generic Mouse: Device: "/dev/input/event12"
[   309.662] (II) PS/2 Generic Mouse: Found 3 mouse buttons
[   309.662] (II) PS/2 Generic Mouse: Found relative axes
[   309.662] (II) PS/2 Generic Mouse: Found x and y relative axes
[   309.662] (II) PS/2 Generic Mouse: Configuring as mouse
[   309.662] (**) PS/2 Generic Mouse: YAxisMapping: buttons 4 and 5
[   309.662] (**) PS/2 Generic Mouse: EmulateWheelButton: 4, EmulateWheelInertia: 10, EmulateWheelTimeout: 200
[   309.662] (II) XINPUT: Adding extended input device "PS/2 Generic Mouse" (type: MOUSE)
[   309.662] (II) PS/2 Generic Mouse: initialized for relative axes.
[   309.663] (II) config/udev: Adding input device PS/2 Generic Mouse (/dev/input/mouse0)
[   309.663] (II) No input driver/identifier specified (ignoring)
[   309.663] (II) config/udev: Adding input device SynPS/2 Synaptics TouchPad (/dev/input/event13)
[   309.663] (**) SynPS/2 Synaptics TouchPad: Applying InputClass "evdev touchpad catchall"
[   309.663] (**) SynPS/2 Synaptics TouchPad: Applying InputClass "touchpad catchall"
[   309.663] (II) LoadModule: "synaptics"
[   309.664] (II) Loading /usr/lib/xorg/modules/input/synaptics_drv.so
[   309.664] (II) Module synaptics: vendor="X.Org Foundation"
[   309.664] 	compiled for 1.9.0, module version = 1.2.2
[   309.664] 	Module class: X.Org XInput Driver
[   309.664] 	ABI class: X.Org XInput driver, version 11.0
[   309.664] (II) Synaptics touchpad driver version 1.2.2
[   309.664] 	Option "_source" "server/udev"
[   309.664] 	Option "name" "SynPS/2 Synaptics TouchPad"
[   309.664] 	Option "path" "/dev/input/event13"
[   309.664] 	Option "device" "/dev/input/event13"
[   309.664] 	Option "driver" "synaptics"
[   309.664] (**) Option "Device" "/dev/input/event13"
[   309.741] port opened successfully
[   310.071] (II) SynPS/2 Synaptics TouchPad: x-axis range 1472 - 5600
[   310.072] (II) SynPS/2 Synaptics TouchPad: y-axis range 1408 - 4884
[   310.072] (II) SynPS/2 Synaptics TouchPad: pressure range 0 - 255
[   310.072] (II) SynPS/2 Synaptics TouchPad: finger width range 0 - 0
[   310.072] (II) SynPS/2 Synaptics TouchPad: buttons: left right middle
[   310.391] (--) SynPS/2 Synaptics TouchPad: touchpad found
[   310.391] (**) SynPS/2 Synaptics TouchPad: always reports core events
[   310.591] (II) XINPUT: Adding extended input device "SynPS/2 Synaptics TouchPad" (type: TOUCHPAD)
[   310.592] (**) SynPS/2 Synaptics TouchPad: (accel) keeping acceleration scheme 1
[   310.592] (**) SynPS/2 Synaptics TouchPad: (accel) acceleration profile 0
[   310.592] (**) SynPS/2 Synaptics TouchPad: (accel) acceleration factor: 2.000
[   310.592] (**) SynPS/2 Synaptics TouchPad: (accel) acceleration threshold: 4
[   310.592] (**) Option "Device" "/dev/input/event13"
[   310.841] (--) SynPS/2 Synaptics TouchPad: touchpad found
[   310.842] (II) config/udev: Adding input device SynPS/2 Synaptics TouchPad (/dev/input/mouse1)
[   310.842] (II) No input driver/identifier specified (ignoring)
[   310.842] (II) config/udev: Adding input device ST LIS3LV02DL Accelerometer (/dev/input/event6)
[   310.842] (II) No input driver/identifier specified (ignoring)
[   310.843] (II) config/udev: Adding input device ST LIS3LV02DL Accelerometer (/dev/input/js0)
[   310.843] (II) No input driver/identifier specified (ignoring)
[   310.847] (II) config/udev: Adding input device HP WMI hotkeys (/dev/input/event5)
[   310.847] (**) HP WMI hotkeys: Applying InputClass "evdev keyboard catchall"
[   310.847] (**) HP WMI hotkeys: always reports core events
[   310.847] (**) HP WMI hotkeys: Device: "/dev/input/event5"
[   310.922] (II) HP WMI hotkeys: Found keys
[   310.922] (II) HP WMI hotkeys: Configuring as keyboard
[   310.922] (II) XINPUT: Adding extended input device "HP WMI hotkeys" (type: KEYBOARD)
[   310.922] (**) Option "xkb_rules" "evdev"
[   310.922] (**) Option "xkb_model" "pc105"
[   310.922] (**) Option "xkb_layout" "us"
[   310.922] (II) XKB: Reusing cached keymap
[   311.709] (II) DL(0): EDID vendor "VSC", prod id 22814
[   311.709] (II) DL(0): Using hsync ranges from config file
[   311.709] (II) DL(0): Using vrefresh ranges from config file
[   311.709] (II) DL(0): Printing DDC gathered Modelines:
[   311.709] (II) DL(0): Modeline "1680x1050"x0.0  146.25  1680 1784 1960 2240  1050 1053 1059 1089 -hsync +vsync (65.3 kHz)
[   311.709] (II) DL(0): Modeline "800x600"x0.0   40.00  800 840 968 1056  600 601 605 628 +hsync +vsync (37.9 kHz)
[   311.709] (II) DL(0): Modeline "800x600"x0.0   36.00  800 824 896 1024  600 601 603 625 +hsync +vsync (35.2 kHz)
[   311.709] (II) DL(0): Modeline "640x480"x0.0   31.50  640 656 720 840  480 481 484 500 -hsync -vsync (37.5 kHz)
[   311.709] (II) DL(0): Modeline "640x480"x0.0   31.50  640 664 704 832  480 489 492 520 -hsync -vsync (37.9 kHz)
[   311.709] (II) DL(0): Modeline "640x480"x0.0   30.24  640 704 768 864  480 483 486 525 -hsync -vsync (35.0 kHz)
[   311.709] (II) DL(0): Modeline "640x480"x0.0   25.18  640 656 752 800  480 490 492 525 -hsync -vsync (31.5 kHz)
[   311.709] (II) DL(0): Modeline "720x400"x0.0   28.32  720 738 846 900  400 412 414 449 -hsync +vsync (31.5 kHz)
[   311.709] (II) DL(0): Modeline "1280x1024"x0.0  135.00  1280 1296 1440 1688  1024 1025 1028 1066 +hsync +vsync (80.0 kHz)
[   311.709] (II) DL(0): Modeline "1024x768"x0.0   78.75  1024 1040 1136 1312  768 769 772 800 +hsync +vsync (60.0 kHz)
[   311.709] (II) DL(0): Modeline "1024x768"x0.0   75.00  1024 1048 1184 1328  768 771 777 806 -hsync -vsync (56.5 kHz)
[   311.709] (II) DL(0): Modeline "1024x768"x0.0   65.00  1024 1048 1184 1344  768 771 777 806 -hsync -vsync (48.4 kHz)
[   311.709] (II) DL(0): Modeline "832x624"x0.0   57.28  832 864 928 1152  624 625 628 667 -hsync -vsync (49.7 kHz)
[   311.709] (II) DL(0): Modeline "800x600"x0.0   49.50  800 816 896 1056  600 601 604 625 +hsync +vsync (46.9 kHz)
[   311.709] (II) DL(0): Modeline "800x600"x0.0   50.00  800 856 976 1040  600 637 643 666 +hsync +vsync (48.1 kHz)
[   311.709] (II) DL(0): Modeline "1152x864"x0.0  108.00  1152 1216 1344 1600  864 865 868 900 +hsync +vsync (67.5 kHz)
[   311.709] (II) DL(0): Modeline "1600x1200"x0.0  162.00  1600 1664 1856 2160  1200 1201 1204 1250 +hsync +vsync (75.0 kHz)
[   311.709] (II) DL(0): Modeline "1440x900"x0.0  106.50  1440 1520 1672 1904  900 903 909 934 -hsync +vsync (55.9 kHz)
[   311.709] (II) DL(0): Modeline "1400x1050"x0.0  121.75  1400 1488 1632 1864  1050 1053 1057 1089 -hsync +vsync (65.3 kHz)
[   311.709] (II) DL(0): Modeline "1280x1024"x0.0  108.00  1280 1328 1440 1688  1024 1025 1028 1066 +hsync +vsync (64.0 kHz)
[   311.709] (II) DL(0): Modeline "1280x960"x0.0  108.00  1280 1376 1488 1800  960 961 964 1000 +hsync +vsync (60.0 kHz)
[   311.709] (II) DL(0): EDID vendor "VSC", prod id 22814
[   311.710] (II) DL(0): EDID vendor "VSC", prod id 22814
[   311.710] (II) DL(0): Using hsync ranges from config file
[   311.710] (II) DL(0): Using vrefresh ranges from config file
[   311.710] (II) DL(0): Printing DDC gathered Modelines:
[   311.710] (II) DL(0): Modeline "1680x1050"x0.0  146.25  1680 1784 1960 2240  1050 1053 1059 1089 -hsync +vsync (65.3 kHz)
[   311.710] (II) DL(0): Modeline "800x600"x0.0   40.00  800 840 968 1056  600 601 605 628 +hsync +vsync (37.9 kHz)
[   311.710] (II) DL(0): Modeline "800x600"x0.0   36.00  800 824 896 1024  600 601 603 625 +hsync +vsync (35.2 kHz)
[   311.710] (II) DL(0): Modeline "640x480"x0.0   31.50  640 656 720 840  480 481 484 500 -hsync -vsync (37.5 kHz)
[   311.710] (II) DL(0): Modeline "640x480"x0.0   31.50  640 664 704 832  480 489 492 520 -hsync -vsync (37.9 kHz)
[   311.710] (II) DL(0): Modeline "640x480"x0.0   30.24  640 704 768 864  480 483 486 525 -hsync -vsync (35.0 kHz)
[   311.710] (II) DL(0): Modeline "640x480"x0.0   25.18  640 656 752 800  480 490 492 525 -hsync -vsync (31.5 kHz)
[   311.710] (II) DL(0): Modeline "720x400"x0.0   28.32  720 738 846 900  400 412 414 449 -hsync +vsync (31.5 kHz)
[   311.710] (II) DL(0): Modeline "1280x1024"x0.0  135.00  1280 1296 1440 1688  1024 1025 1028 1066 +hsync +vsync (80.0 kHz)
[   311.710] (II) DL(0): Modeline "1024x768"x0.0   78.75  1024 1040 1136 1312  768 769 772 800 +hsync +vsync (60.0 kHz)
[   311.710] (II) DL(0): Modeline "1024x768"x0.0   75.00  1024 1048 1184 1328  768 771 777 806 -hsync -vsync (56.5 kHz)
[   311.710] (II) DL(0): Modeline "1024x768"x0.0   65.00  1024 1048 1184 1344  768 771 777 806 -hsync -vsync (48.4 kHz)
[   311.710] (II) DL(0): Modeline "832x624"x0.0   57.28  832 864 928 1152  624 625 628 667 -hsync -vsync (49.7 kHz)
[   311.710] (II) DL(0): Modeline "800x600"x0.0   49.50  800 816 896 1056  600 601 604 625 +hsync +vsync (46.9 kHz)
[   311.710] (II) DL(0): Modeline "800x600"x0.0   50.00  800 856 976 1040  600 637 643 666 +hsync +vsync (48.1 kHz)
[   311.710] (II) DL(0): Modeline "1152x864"x0.0  108.00  1152 1216 1344 1600  864 865 868 900 +hsync +vsync (67.5 kHz)
[   311.710] (II) DL(0): Modeline "1600x1200"x0.0  162.00  1600 1664 1856 2160  1200 1201 1204 1250 +hsync +vsync (75.0 kHz)
[   311.710] (II) DL(0): Modeline "1440x900"x0.0  106.50  1440 1520 1672 1904  900 903 909 934 -hsync +vsync (55.9 kHz)
[   311.710] (II) DL(0): Modeline "1400x1050"x0.0  121.75  1400 1488 1632 1864  1050 1053 1057 1089 -hsync +vsync (65.3 kHz)
[   311.710] (II) DL(0): Modeline "1280x1024"x0.0  108.00  1280 1328 1440 1688  1024 1025 1028 1066 +hsync +vsync (64.0 kHz)
[   311.710] (II) DL(0): Modeline "1280x960"x0.0  108.00  1280 1376 1488 1800  960 961 964 1000 +hsync +vsync (60.0 kHz)
[   311.710] (II) DL(0): EDID vendor "VSC", prod id 22814
[   311.732] (II) DL(0): EDID vendor "VSC", prod id 22814
[   311.732] (II) DL(0): Using hsync ranges from config file
[   311.732] (II) DL(0): Using vrefresh ranges from config file
[   311.732] (II) DL(0): Printing DDC gathered Modelines:
[   311.732] (II) DL(0): Modeline "1680x1050"x0.0  146.25  1680 1784 1960 2240  1050 1053 1059 1089 -hsync +vsync (65.3 kHz)
[   311.732] (II) DL(0): Modeline "800x600"x0.0   40.00  800 840 968 1056  600 601 605 628 +hsync +vsync (37.9 kHz)
[   311.732] (II) DL(0): Modeline "800x600"x0.0   36.00  800 824 896 1024  600 601 603 625 +hsync +vsync (35.2 kHz)
[   311.732] (II) DL(0): Modeline "640x480"x0.0   31.50  640 656 720 840  480 481 484 500 -hsync -vsync (37.5 kHz)
[   311.732] (II) DL(0): Modeline "640x480"x0.0   31.50  640 664 704 832  480 489 492 520 -hsync -vsync (37.9 kHz)
[   311.732] (II) DL(0): Modeline "640x480"x0.0   30.24  640 704 768 864  480 483 486 525 -hsync -vsync (35.0 kHz)
[   311.732] (II) DL(0): Modeline "640x480"x0.0   25.18  640 656 752 800  480 490 492 525 -hsync -vsync (31.5 kHz)
[   311.732] (II) DL(0): Modeline "720x400"x0.0   28.32  720 738 846 900  400 412 414 449 -hsync +vsync (31.5 kHz)
[   311.732] (II) DL(0): Modeline "1280x1024"x0.0  135.00  1280 1296 1440 1688  1024 1025 1028 1066 +hsync +vsync (80.0 kHz)
[   311.732] (II) DL(0): Modeline "1024x768"x0.0   78.75  1024 1040 1136 1312  768 769 772 800 +hsync +vsync (60.0 kHz)
[   311.732] (II) DL(0): Modeline "1024x768"x0.0   75.00  1024 1048 1184 1328  768 771 777 806 -hsync -vsync (56.5 kHz)
[   311.733] (II) DL(0): Modeline "1024x768"x0.0   65.00  1024 1048 1184 1344  768 771 777 806 -hsync -vsync (48.4 kHz)
[   311.733] (II) DL(0): Modeline "832x624"x0.0   57.28  832 864 928 1152  624 625 628 667 -hsync -vsync (49.7 kHz)
[   311.733] (II) DL(0): Modeline "800x600"x0.0   49.50  800 816 896 1056  600 601 604 625 +hsync +vsync (46.9 kHz)
[   311.733] (II) DL(0): Modeline "800x600"x0.0   50.00  800 856 976 1040  600 637 643 666 +hsync +vsync (48.1 kHz)
[   311.733] (II) DL(0): Modeline "1152x864"x0.0  108.00  1152 1216 1344 1600  864 865 868 900 +hsync +vsync (67.5 kHz)
[   311.733] (II) DL(0): Modeline "1600x1200"x0.0  162.00  1600 1664 1856 2160  1200 1201 1204 1250 +hsync +vsync (75.0 kHz)
[   311.733] (II) DL(0): Modeline "1440x900"x0.0  106.50  1440 1520 1672 1904  900 903 909 934 -hsync +vsync (55.9 kHz)
[   311.733] (II) DL(0): Modeline "1400x1050"x0.0  121.75  1400 1488 1632 1864  1050 1053 1057 1089 -hsync +vsync (65.3 kHz)
[   311.733] (II) DL(0): Modeline "1280x1024"x0.0  108.00  1280 1328 1440 1688  1024 1025 1028 1066 +hsync +vsync (64.0 kHz)
[   311.733] (II) DL(0): Modeline "1280x960"x0.0  108.00  1280 1376 1488 1800  960 961 964 1000 +hsync +vsync (60.0 kHz)
[   311.733] (II) DL(0): EDID vendor "VSC", prod id 22814
[   311.733] (II) DL(0): EDID vendor "VSC", prod id 22814
[   311.734] (II) DL(0): Using hsync ranges from config file
[   311.734] (II) DL(0): Using vrefresh ranges from config file
[   311.734] (II) DL(0): Printing DDC gathered Modelines:
[   311.734] (II) DL(0): Modeline "1680x1050"x0.0  146.25  1680 1784 1960 2240  1050 1053 1059 1089 -hsync +vsync (65.3 kHz)
[   311.734] (II) DL(0): Modeline "800x600"x0.0   40.00  800 840 968 1056  600 601 605 628 +hsync +vsync (37.9 kHz)
[   311.734] (II) DL(0): Modeline "800x600"x0.0   36.00  800 824 896 1024  600 601 603 625 +hsync +vsync (35.2 kHz)
[   311.734] (II) DL(0): Modeline "640x480"x0.0   31.50  640 656 720 840  480 481 484 500 -hsync -vsync (37.5 kHz)
[   311.734] (II) DL(0): Modeline "640x480"x0.0   31.50  640 664 704 832  480 489 492 520 -hsync -vsync (37.9 kHz)
[   311.734] (II) DL(0): Modeline "640x480"x0.0   30.24  640 704 768 864  480 483 486 525 -hsync -vsync (35.0 kHz)
[   311.734] (II) DL(0): Modeline "640x480"x0.0   25.18  640 656 752 800  480 490 492 525 -hsync -vsync (31.5 kHz)
[   311.734] (II) DL(0): Modeline "720x400"x0.0   28.32  720 738 846 900  400 412 414 449 -hsync +vsync (31.5 kHz)
[   311.734] (II) DL(0): Modeline "1280x1024"x0.0  135.00  1280 1296 1440 1688  1024 1025 1028 1066 +hsync +vsync (80.0 kHz)
[   311.734] (II) DL(0): Modeline "1024x768"x0.0   78.75  1024 1040 1136 1312  768 769 772 800 +hsync +vsync (60.0 kHz)
[   311.734] (II) DL(0): Modeline "1024x768"x0.0   75.00  1024 1048 1184 1328  768 771 777 806 -hsync -vsync (56.5 kHz)
[   311.734] (II) DL(0): Modeline "1024x768"x0.0   65.00  1024 1048 1184 1344  768 771 777 806 -hsync -vsync (48.4 kHz)
[   311.734] (II) DL(0): Modeline "832x624"x0.0   57.28  832 864 928 1152  624 625 628 667 -hsync -vsync (49.7 kHz)
[   311.734] (II) DL(0): Modeline "800x600"x0.0   49.50  800 816 896 1056  600 601 604 625 +hsync +vsync (46.9 kHz)
[   311.734] (II) DL(0): Modeline "800x600"x0.0   50.00  800 856 976 1040  600 637 643 666 +hsync +vsync (48.1 kHz)
[   311.734] (II) DL(0): Modeline "1152x864"x0.0  108.00  1152 1216 1344 1600  864 865 868 900 +hsync +vsync (67.5 kHz)
[   311.734] (II) DL(0): Modeline "1600x1200"x0.0  162.00  1600 1664 1856 2160  1200 1201 1204 1250 +hsync +vsync (75.0 kHz)
[   311.734] (II) DL(0): Modeline "1440x900"x0.0  106.50  1440 1520 1672 1904  900 903 909 934 -hsync +vsync (55.9 kHz)
[   311.734] (II) DL(0): Modeline "1400x1050"x0.0  121.75  1400 1488 1632 1864  1050 1053 1057 1089 -hsync +vsync (65.3 kHz)
[   311.734] (II) DL(0): Modeline "1280x1024"x0.0  108.00  1280 1328 1440 1688  1024 1025 1028 1066 +hsync +vsync (64.0 kHz)
[   311.734] (II) DL(0): Modeline "1280x960"x0.0  108.00  1280 1376 1488 1800  960 961 964 1000 +hsync +vsync (60.0 kHz)
[   311.734] (II) DL(0): EDID vendor "VSC", prod id 22814
[   317.370] (II) DL(0): EDID vendor "VSC", prod id 22814
[   317.370] (II) DL(0): Using hsync ranges from config file
[   317.370] (II) DL(0): Using vrefresh ranges from config file
[   317.370] (II) DL(0): Printing DDC gathered Modelines:
[   317.370] (II) DL(0): Modeline "1680x1050"x0.0  146.25  1680 1784 1960 2240  1050 1053 1059 1089 -hsync +vsync (65.3 kHz)
[   317.370] (II) DL(0): Modeline "800x600"x0.0   40.00  800 840 968 1056  600 601 605 628 +hsync +vsync (37.9 kHz)
[   317.370] (II) DL(0): Modeline "800x600"x0.0   36.00  800 824 896 1024  600 601 603 625 +hsync +vsync (35.2 kHz)
[   317.370] (II) DL(0): Modeline "640x480"x0.0   31.50  640 656 720 840  480 481 484 500 -hsync -vsync (37.5 kHz)
[   317.370] (II) DL(0): Modeline "640x480"x0.0   31.50  640 664 704 832  480 489 492 520 -hsync -vsync (37.9 kHz)
[   317.370] (II) DL(0): Modeline "640x480"x0.0   30.24  640 704 768 864  480 483 486 525 -hsync -vsync (35.0 kHz)
[   317.370] (II) DL(0): Modeline "640x480"x0.0   25.18  640 656 752 800  480 490 492 525 -hsync -vsync (31.5 kHz)
[   317.370] (II) DL(0): Modeline "720x400"x0.0   28.32  720 738 846 900  400 412 414 449 -hsync +vsync (31.5 kHz)
[   317.370] (II) DL(0): Modeline "1280x1024"x0.0  135.00  1280 1296 1440 1688  1024 1025 1028 1066 +hsync +vsync (80.0 kHz)
[   317.370] (II) DL(0): Modeline "1024x768"x0.0   78.75  1024 1040 1136 1312  768 769 772 800 +hsync +vsync (60.0 kHz)
[   317.370] (II) DL(0): Modeline "1024x768"x0.0   75.00  1024 1048 1184 1328  768 771 777 806 -hsync -vsync (56.5 kHz)
[   317.370] (II) DL(0): Modeline "1024x768"x0.0   65.00  1024 1048 1184 1344  768 771 777 806 -hsync -vsync (48.4 kHz)
[   317.370] (II) DL(0): Modeline "832x624"x0.0   57.28  832 864 928 1152  624 625 628 667 -hsync -vsync (49.7 kHz)
[   317.370] (II) DL(0): Modeline "800x600"x0.0   49.50  800 816 896 1056  600 601 604 625 +hsync +vsync (46.9 kHz)
[   317.370] (II) DL(0): Modeline "800x600"x0.0   50.00  800 856 976 1040  600 637 643 666 +hsync +vsync (48.1 kHz)
[   317.370] (II) DL(0): Modeline "1152x864"x0.0  108.00  1152 1216 1344 1600  864 865 868 900 +hsync +vsync (67.5 kHz)
[   317.370] (II) DL(0): Modeline "1600x1200"x0.0  162.00  1600 1664 1856 2160  1200 1201 1204 1250 +hsync +vsync (75.0 kHz)
[   317.370] (II) DL(0): Modeline "1440x900"x0.0  106.50  1440 1520 1672 1904  900 903 909 934 -hsync +vsync (55.9 kHz)
[   317.370] (II) DL(0): Modeline "1400x1050"x0.0  121.75  1400 1488 1632 1864  1050 1053 1057 1089 -hsync +vsync (65.3 kHz)
[   317.370] (II) DL(0): Modeline "1280x1024"x0.0  108.00  1280 1328 1440 1688  1024 1025 1028 1066 +hsync +vsync (64.0 kHz)
[   317.370] (II) DL(0): Modeline "1280x960"x0.0  108.00  1280 1376 1488 1800  960 961 964 1000 +hsync +vsync (60.0 kHz)
[   317.370] (II) DL(0): EDID vendor "VSC", prod id 22814
[   377.419] (II) Open ACPI successful (/var/run/acpid.socket)
[   377.419] (WW) DL(0): FBIOPAN_DISPLAY: Invalid argument
[   377.419] (II) DL(0): EDID vendor "VSC", prod id 22814
[   377.419] (II) DL(0): Using hsync ranges from config file
[   377.419] (II) DL(0): Using vrefresh ranges from config file
[   377.419] (II) DL(0): Printing DDC gathered Modelines:
[   377.419] (II) DL(0): Modeline "1680x1050"x0.0  146.25  1680 1784 1960 2240  1050 1053 1059 1089 -hsync +vsync (65.3 kHz)
[   377.420] (II) DL(0): Modeline "800x600"x0.0   40.00  800 840 968 1056  600 601 605 628 +hsync +vsync (37.9 kHz)
[   377.420] (II) DL(0): Modeline "800x600"x0.0   36.00  800 824 896 1024  600 601 603 625 +hsync +vsync (35.2 kHz)
[   377.420] (II) DL(0): Modeline "640x480"x0.0   31.50  640 656 720 840  480 481 484 500 -hsync -vsync (37.5 kHz)
[   377.420] (II) DL(0): Modeline "640x480"x0.0   31.50  640 664 704 832  480 489 492 520 -hsync -vsync (37.9 kHz)
[   377.420] (II) DL(0): Modeline "640x480"x0.0   30.24  640 704 768 864  480 483 486 525 -hsync -vsync (35.0 kHz)
[   377.420] (II) DL(0): Modeline "640x480"x0.0   25.18  640 656 752 800  480 490 492 525 -hsync -vsync (31.5 kHz)
[   377.420] (II) DL(0): Modeline "720x400"x0.0   28.32  720 738 846 900  400 412 414 449 -hsync +vsync (31.5 kHz)
[   377.420] (II) DL(0): Modeline "1280x1024"x0.0  135.00  1280 1296 1440 1688  1024 1025 1028 1066 +hsync +vsync (80.0 kHz)
[   377.420] (II) DL(0): Modeline "1024x768"x0.0   78.75  1024 1040 1136 1312  768 769 772 800 +hsync +vsync (60.0 kHz)
[   377.420] (II) DL(0): Modeline "1024x768"x0.0   75.00  1024 1048 1184 1328  768 771 777 806 -hsync -vsync (56.5 kHz)
[   377.420] (II) DL(0): Modeline "1024x768"x0.0   65.00  1024 1048 1184 1344  768 771 777 806 -hsync -vsync (48.4 kHz)
[   377.420] (II) DL(0): Modeline "832x624"x0.0   57.28  832 864 928 1152  624 625 628 667 -hsync -vsync (49.7 kHz)
[   377.420] (II) DL(0): Modeline "800x600"x0.0   49.50  800 816 896 1056  600 601 604 625 +hsync +vsync (46.9 kHz)
[   377.420] (II) DL(0): Modeline "800x600"x0.0   50.00  800 856 976 1040  600 637 643 666 +hsync +vsync (48.1 kHz)
[   377.420] (II) DL(0): Modeline "1152x864"x0.0  108.00  1152 1216 1344 1600  864 865 868 900 +hsync +vsync (67.5 kHz)
[   377.420] (II) DL(0): Modeline "1600x1200"x0.0  162.00  1600 1664 1856 2160  1200 1201 1204 1250 +hsync +vsync (75.0 kHz)
[   377.420] (II) DL(0): Modeline "1440x900"x0.0  106.50  1440 1520 1672 1904  900 903 909 934 -hsync +vsync (55.9 kHz)
[   377.420] (II) DL(0): Modeline "1400x1050"x0.0  121.75  1400 1488 1632 1864  1050 1053 1057 1089 -hsync +vsync (65.3 kHz)
[   377.420] (II) DL(0): Modeline "1280x1024"x0.0  108.00  1280 1328 1440 1688  1024 1025 1028 1066 +hsync +vsync (64.0 kHz)
[   377.420] (II) DL(0): Modeline "1280x960"x0.0  108.00  1280 1376 1488 1800  960 961 964 1000 +hsync +vsync (60.0 kHz)
[   377.420] (II) DL(0): EDID vendor "VSC", prod id 22814
[   377.425] (**) Option "Device" "/dev/input/event13"
[   377.610] (--) SynPS/2 Synaptics TouchPad: touchpad found
[   377.690] (II) Power Button: Device reopened after 1 attempts.
[   377.770] (II) Video Bus: Device reopened after 1 attempts.
[   377.850] (II) Sleep Button: Device reopened after 1 attempts.
[   377.930] (II) HP Webcam [2 MP Macro]: Device reopened after 1 attempts.
[   378.050] (II) AT Translated Set 2 keyboard: Device reopened after 1 attempts.
[   378.130] (II) PS/2 Generic Mouse: Device reopened after 1 attempts.
[   378.210] (II) HP WMI hotkeys: Device reopened after 1 attempts.
