[   190.989] 
X.Org X Server 1.9.0
Release Date: 2010-08-20
[   190.989] X Protocol Version 11, Revision 0
[   190.989] Build Operating System: Linux 2.6.24-28-server x86_64 Ubuntu
[   190.989] Current Operating System: Linux hp 2.6.35-28-generic #49-Ubuntu SMP Tue Mar 1 14:39:03 UTC 2011 x86_64
[   190.989] Kernel command line: BOOT_IMAGE=/boot/vmlinuz-2.6.35-28-generic root=UUID=11247821-df55-4e44-9b48-8d2791c4ac0b ro quiet splash
[   190.989] Build Date: 09 January 2011  12:14:27PM
[   190.989] xorg-server 2:1.9.0-0ubuntu7.3 (For technical support please see http://www.ubuntu.com/support) 
[   190.989] Current version of pixman: 0.18.4
[   190.989] 	Before reporting problems, check http://wiki.x.org
	to make sure that you have the latest version.
[   190.989] Markers: (--) probed, (**) from config file, (==) default setting,
	(++) from command line, (!!) notice, (II) informational,
	(WW) warning, (EE) error, (NI) not implemented, (??) unknown.
[   190.989] (++) Log file: "/var/log/Xorg.displaylink.log", Time: Tue Mar 29 11:09:38 2011
[   190.990] (++) Using config file: "/etc/X11/xorg.conf.displaylink"
[   190.990] (==) Using system config directory "/usr/share/X11/xorg.conf.d"
[   190.990] (==) ServerLayout "Nvidia-Layout"
[   190.990] (**) |-->Screen "DisplayLinkScreen" (0)
[   190.990] (**) |   |-->Monitor "DisplayLinkMonitor"
[   190.990] (**) |   |-->Device "DisplayLinkDevice"
[   190.991] (**) Option "Xinerama" "off"
[   190.991] (==) Automatically adding devices
[   190.991] (==) Automatically enabling devices
[   190.991] (WW) The directory "/usr/share/fonts/X11/cyrillic" does not exist.
[   190.991] 	Entry deleted from font path.
[   190.991] (==) FontPath set to:
	/usr/share/fonts/X11/misc,
	/usr/share/fonts/X11/100dpi/:unscaled,
	/usr/share/fonts/X11/75dpi/:unscaled,
	/usr/share/fonts/X11/Type1,
	/usr/share/fonts/X11/100dpi,
	/usr/share/fonts/X11/75dpi,
	/var/lib/defoma/x-ttcidfont-conf.d/dirs/TrueType,
	built-ins
[   190.991] (==) ModulePath set to "/usr/lib/xorg/extra-modules,/usr/lib/xorg/modules"
[   190.991] (II) The server relies on udev to provide the list of input devices.
	If no devices become available, reconfigure udev or disable AutoAddDevices.
[   190.991] (II) Loader magic: 0x7d17a0
[   190.991] (II) Module ABI versions:
[   190.991] 	X.Org ANSI C Emulation: 0.4
[   190.991] 	X.Org Video Driver: 8.0
[   190.991] 	X.Org XInput driver : 11.0
[   190.991] 	X.Org Server Extension : 4.0
[   190.993] (--) PCI:*(0:1:0:0) 1002:68c0:103c:1521 rev 0, Mem @ 0xc0000000/268435456, 0xd4400000/131072, I/O @ 0x00005000/256, BIOS @ 0x????????/131072
[   190.993] (II) Open ACPI successful (/var/run/acpid.socket)
[   190.993] (II) "extmod" will be loaded by default.
[   190.993] (II) "dbe" will be loaded by default.
[   190.993] (II) "glx" will be loaded. This was enabled by default and also specified in the config file.
[   190.993] (II) "record" will be loaded by default.
[   190.993] (II) "dri" will be loaded by default.
[   190.993] (II) "dri2" will be loaded by default.
[   190.993] (II) LoadModule: "glx"
[   190.993] (II) Loading /usr/lib/xorg/extra-modules/modules/extensions/libglx.so
[   190.994] (II) Module glx: vendor="FireGL - ATI Technologies Inc."
[   190.994] 	compiled for 7.6.0, module version = 1.0.0
[   190.994] (II) Loading extension GLX
[   190.994] (II) LoadModule: "extmod"
[   190.995] (II) Loading /usr/lib/xorg/modules/extensions/libextmod.so
[   190.995] (II) Module extmod: vendor="X.Org Foundation"
[   190.995] 	compiled for 1.9.0, module version = 1.0.0
[   190.995] 	Module class: X.Org Server Extension
[   190.995] 	ABI class: X.Org Server Extension, version 4.0
[   190.995] (II) Loading extension MIT-SCREEN-SAVER
[   190.995] (II) Loading extension XFree86-VidModeExtension
[   190.995] (II) Loading extension XFree86-DGA
[   190.995] (II) Loading extension DPMS
[   190.995] (II) Loading extension XVideo
[   190.995] (II) Loading extension XVideo-MotionCompensation
[   190.995] (II) Loading extension X-Resource
[   190.995] (II) LoadModule: "dbe"
[   190.995] (II) Loading /usr/lib/xorg/modules/extensions/libdbe.so
[   190.996] (II) Module dbe: vendor="X.Org Foundation"
[   190.996] 	compiled for 1.9.0, module version = 1.0.0
[   190.996] 	Module class: X.Org Server Extension
[   190.996] 	ABI class: X.Org Server Extension, version 4.0
[   190.996] (II) Loading extension DOUBLE-BUFFER
[   190.996] (II) LoadModule: "record"
[   190.996] (II) Loading /usr/lib/xorg/modules/extensions/librecord.so
[   190.996] (II) Module record: vendor="X.Org Foundation"
[   190.996] 	compiled for 1.9.0, module version = 1.13.0
[   190.996] 	Module class: X.Org Server Extension
[   190.996] 	ABI class: X.Org Server Extension, version 4.0
[   190.996] (II) Loading extension RECORD
[   190.996] (II) LoadModule: "dri"
[   190.997] (II) Loading /usr/lib/xorg/modules/extensions/libdri.so
[   190.997] (II) Module dri: vendor="X.Org Foundation"
[   190.997] 	compiled for 1.9.0, module version = 1.0.0
[   190.997] 	ABI class: X.Org Server Extension, version 4.0
[   190.997] (II) Loading extension XFree86-DRI
[   190.997] (II) LoadModule: "dri2"
[   190.998] (II) Loading /usr/lib/xorg/modules/extensions/libdri2.so
[   190.998] (II) Module dri2: vendor="X.Org Foundation"
[   190.998] 	compiled for 1.9.0, module version = 1.2.0
[   190.998] 	ABI class: X.Org Server Extension, version 4.0
[   190.998] (II) Loading extension DRI2
[   190.998] (II) LoadModule: "displaylink"
[   190.998] (II) Loading /usr/lib/xorg/modules/drivers/displaylink_drv.so
[   190.999] (II) Module displaylink: vendor="X.Org Foundation"
[   190.999] 	compiled for 1.8.99.905, module version = 0.0.1
[   190.999] 	ABI class: X.Org Video Driver, version 8.0
[   190.999] (II) DL: driver for : displaylink
[   190.999] (--) using VT number 8

[   193.408] (WW) Falling back to old probe method for displaylink
[   193.408] (II) Loading sub module "fbdevhw"
[   193.408] (II) LoadModule: "fbdevhw"
[   193.408] (II) Loading /usr/lib/xorg/modules/libfbdevhw.so
[   193.408] (II) Module fbdevhw: vendor="X.Org Foundation"
[   193.408] 	compiled for 1.9.0, module version = 0.0.2
[   193.408] 	ABI class: X.Org Video Driver, version 8.0
[   193.408] (II) DL(0): using /dev/fb0
[   193.408] (II) DL(0): Manufacturer: VSC  Model: a21e  Serial#: 16842753
[   193.408] (II) DL(0): Year: 2008  Week: 4
[   193.408] (II) DL(0): EDID Version: 1.3
[   193.408] (II) DL(0): Analog Display Input,  Input Voltage Level: 0.700/0.300 V
[   193.408] (II) DL(0): Sync:  Separate  Composite  SyncOnGreen
[   193.408] (II) DL(0): Max Image Size [cm]: horiz.: 47  vert.: 30
[   193.408] (II) DL(0): Gamma: 2.20
[   193.408] (II) DL(0): DPMS capabilities: Off; RGB/Color Display
[   193.408] (II) DL(0): Default color space is primary color space
[   193.408] (II) DL(0): First detailed timing is preferred mode
[   193.408] (II) DL(0): redX: 0.640 redY: 0.333   greenX: 0.285 greenY: 0.602
[   193.408] (II) DL(0): blueX: 0.152 blueY: 0.074   whiteX: 0.313 whiteY: 0.329
[   193.409] (II) DL(0): Supported established timings:
[   193.409] (II) DL(0): 720x400@70Hz
[   193.409] (II) DL(0): 640x480@60Hz
[   193.409] (II) DL(0): 640x480@67Hz
[   193.409] (II) DL(0): 640x480@72Hz
[   193.409] (II) DL(0): 640x480@75Hz
[   193.409] (II) DL(0): 800x600@56Hz
[   193.409] (II) DL(0): 800x600@60Hz
[   193.409] (II) DL(0): 800x600@72Hz
[   193.409] (II) DL(0): 800x600@75Hz
[   193.409] (II) DL(0): 832x624@75Hz
[   193.409] (II) DL(0): 1024x768@60Hz
[   193.409] (II) DL(0): 1024x768@70Hz
[   193.409] (II) DL(0): 1024x768@75Hz
[   193.409] (II) DL(0): 1280x1024@75Hz
[   193.409] (II) DL(0): 1152x864@75Hz
[   193.409] (II) DL(0): Manufacturer's mask: 0
[   193.409] (II) DL(0): Supported standard timings:
[   193.409] (II) DL(0): #0: hsize: 1680  vsize 1050  refresh: 60  vid: 179
[   193.409] (II) DL(0): #1: hsize: 1600  vsize 1200  refresh: 60  vid: 16553
[   193.409] (II) DL(0): #2: hsize: 1440  vsize 900  refresh: 60  vid: 149
[   193.409] (II) DL(0): #3: hsize: 1400  vsize 1050  refresh: 60  vid: 16528
[   193.409] (II) DL(0): #4: hsize: 1280  vsize 1024  refresh: 60  vid: 32897
[   193.409] (II) DL(0): #5: hsize: 1280  vsize 960  refresh: 60  vid: 16513
[   193.409] (II) DL(0): #6: hsize: 1152  vsize 864  refresh: 75  vid: 20337
[   193.409] (II) DL(0): Supported detailed timing:
[   193.409] (II) DL(0): clock: 146.2 MHz   Image Size:  474 x 296 mm
[   193.409] (II) DL(0): h_active: 1680  h_sync: 1784  h_sync_end 1960 h_blank_end 2240 h_border: 0
[   193.409] (II) DL(0): v_active: 1050  v_sync: 1053  v_sync_end 1059 v_blanking: 1089 v_border: 0
[   193.409] (II) DL(0): Serial No: QC9080423299
[   193.409] (II) DL(0): Ranges: V min: 50 V max: 75 Hz, H min: 30 H max: 82 kHz, PixClock max 175 MHz
[   193.409] (II) DL(0): Monitor name: VG2230wm
[   193.409] (II) DL(0): EDID (in hex):
[   193.409] (II) DL(0): 	00ffffffffffff005a631ea201000101
[   193.409] (II) DL(0): 	041201030e2f1e782ed005a355499a27
[   193.409] (II) DL(0): 	135054bfef80b300a940950090408180
[   193.409] (II) DL(0): 	8140714f010121399030621a274068b0
[   193.409] (II) DL(0): 	3600da281100001c000000ff00514339
[   193.409] (II) DL(0): 	3038303432333239390a000000fd0032
[   193.409] (II) DL(0): 	4b1e5211000a202020202020000000fc
[   193.409] (II) DL(0): 	00564732323330776d0a202020200072
[   193.409] (II) DL(0): Creating default Display subsection in Screen section
	"DisplayLinkScreen" for depth/fbbpp 16/16
[   193.409] (==) DL(0): Depth 16, (==) framebuffer bpp 16
[   193.409] (==) DL(0): RGB weight 565
[   193.409] (==) DL(0): Default visual is TrueColor
[   193.409] (==) DL(0): Using gamma correction (1.0, 1.0, 1.0)
[   193.409] (II) DL(0): hardware: udlfb (video memory: 2872kB)
[   193.409] (**) DL(0): Option "fbdev" "/dev/fb0"
[   193.409] (II) Loading sub module "fb"
[   193.409] (II) LoadModule: "fb"
[   193.410] (II) Loading /usr/lib/xorg/modules/libfb.so
[   193.410] (II) Module fb: vendor="X.Org Foundation"
[   193.410] 	compiled for 1.9.0, module version = 1.0.0
[   193.410] 	ABI class: X.Org ANSI C Emulation, version 0.4
[   193.410] (II) DL(0): Output udlfb using monitor section DisplayLinkMonitor
[   193.410] (II) DL(0): EDID for output udlfb
[   193.410] (II) DL(0): Manufacturer: VSC  Model: a21e  Serial#: 16842753
[   193.410] (II) DL(0): Year: 2008  Week: 4
[   193.410] (II) DL(0): EDID Version: 1.3
[   193.410] (II) DL(0): Analog Display Input,  Input Voltage Level: 0.700/0.300 V
[   193.410] (II) DL(0): Sync:  Separate  Composite  SyncOnGreen
[   193.410] (II) DL(0): Max Image Size [cm]: horiz.: 47  vert.: 30
[   193.410] (II) DL(0): Gamma: 2.20
[   193.410] (II) DL(0): DPMS capabilities: Off; RGB/Color Display
[   193.410] (II) DL(0): Default color space is primary color space
[   193.410] (II) DL(0): First detailed timing is preferred mode
[   193.410] (II) DL(0): redX: 0.640 redY: 0.333   greenX: 0.285 greenY: 0.602
[   193.410] (II) DL(0): blueX: 0.152 blueY: 0.074   whiteX: 0.313 whiteY: 0.329
[   193.410] (II) DL(0): Supported established timings:
[   193.410] (II) DL(0): 720x400@70Hz
[   193.410] (II) DL(0): 640x480@60Hz
[   193.410] (II) DL(0): 640x480@67Hz
[   193.410] (II) DL(0): 640x480@72Hz
[   193.410] (II) DL(0): 640x480@75Hz
[   193.410] (II) DL(0): 800x600@56Hz
[   193.410] (II) DL(0): 800x600@60Hz
[   193.410] (II) DL(0): 800x600@72Hz
[   193.410] (II) DL(0): 800x600@75Hz
[   193.410] (II) DL(0): 832x624@75Hz
[   193.410] (II) DL(0): 1024x768@60Hz
[   193.410] (II) DL(0): 1024x768@70Hz
[   193.410] (II) DL(0): 1024x768@75Hz
[   193.410] (II) DL(0): 1280x1024@75Hz
[   193.410] (II) DL(0): 1152x864@75Hz
[   193.410] (II) DL(0): Manufacturer's mask: 0
[   193.410] (II) DL(0): Supported standard timings:
[   193.410] (II) DL(0): #0: hsize: 1680  vsize 1050  refresh: 60  vid: 179
[   193.410] (II) DL(0): #1: hsize: 1600  vsize 1200  refresh: 60  vid: 16553
[   193.410] (II) DL(0): #2: hsize: 1440  vsize 900  refresh: 60  vid: 149
[   193.410] (II) DL(0): #3: hsize: 1400  vsize 1050  refresh: 60  vid: 16528
[   193.410] (II) DL(0): #4: hsize: 1280  vsize 1024  refresh: 60  vid: 32897
[   193.410] (II) DL(0): #5: hsize: 1280  vsize 960  refresh: 60  vid: 16513
[   193.410] (II) DL(0): #6: hsize: 1152  vsize 864  refresh: 75  vid: 20337
[   193.410] (II) DL(0): Supported detailed timing:
[   193.410] (II) DL(0): clock: 146.2 MHz   Image Size:  474 x 296 mm
[   193.410] (II) DL(0): h_active: 1680  h_sync: 1784  h_sync_end 1960 h_blank_end 2240 h_border: 0
[   193.410] (II) DL(0): v_active: 1050  v_sync: 1053  v_sync_end 1059 v_blanking: 1089 v_border: 0
[   193.410] (II) DL(0): Serial No: QC9080423299
[   193.410] (II) DL(0): Ranges: V min: 50 V max: 75 Hz, H min: 30 H max: 82 kHz, PixClock max 175 MHz
[   193.410] (II) DL(0): Monitor name: VG2230wm
[   193.410] (II) DL(0): EDID (in hex):
[   193.410] (II) DL(0): 	00ffffffffffff005a631ea201000101
[   193.410] (II) DL(0): 	041201030e2f1e782ed005a355499a27
[   193.410] (II) DL(0): 	135054bfef80b300a940950090408180
[   193.410] (II) DL(0): 	8140714f010121399030621a274068b0
[   193.410] (II) DL(0): 	3600da281100001c000000ff00514339
[   193.410] (II) DL(0): 	3038303432333239390a000000fd0032
[   193.410] (II) DL(0): 	4b1e5211000a202020202020000000fc
[   193.411] (II) DL(0): 	00564732323330776d0a202020200072
[   193.411] (II) DL(0): EDID vendor "VSC", prod id 41502
[   193.411] (II) DL(0): Using EDID range info for horizontal sync
[   193.411] (II) DL(0): Using EDID range info for vertical refresh
[   193.411] (II) DL(0): Printing DDC gathered Modelines:
[   193.411] (II) DL(0): Modeline "1680x1050"x0.0  146.25  1680 1784 1960 2240  1050 1053 1059 1089 -hsync +vsync (65.3 kHz)
[   193.411] (II) DL(0): Modeline "800x600"x0.0   40.00  800 840 968 1056  600 601 605 628 +hsync +vsync (37.9 kHz)
[   193.411] (II) DL(0): Modeline "800x600"x0.0   36.00  800 824 896 1024  600 601 603 625 +hsync +vsync (35.2 kHz)
[   193.411] (II) DL(0): Modeline "640x480"x0.0   31.50  640 656 720 840  480 481 484 500 -hsync -vsync (37.5 kHz)
[   193.411] (II) DL(0): Modeline "640x480"x0.0   31.50  640 664 704 832  480 489 492 520 -hsync -vsync (37.9 kHz)
[   193.411] (II) DL(0): Modeline "640x480"x0.0   30.24  640 704 768 864  480 483 486 525 -hsync -vsync (35.0 kHz)
[   193.411] (II) DL(0): Modeline "640x480"x0.0   25.18  640 656 752 800  480 490 492 525 -hsync -vsync (31.5 kHz)
[   193.411] (II) DL(0): Modeline "720x400"x0.0   28.32  720 738 846 900  400 412 414 449 -hsync +vsync (31.5 kHz)
[   193.411] (II) DL(0): Modeline "1280x1024"x0.0  135.00  1280 1296 1440 1688  1024 1025 1028 1066 +hsync +vsync (80.0 kHz)
[   193.411] (II) DL(0): Modeline "1024x768"x0.0   78.75  1024 1040 1136 1312  768 769 772 800 +hsync +vsync (60.0 kHz)
[   193.411] (II) DL(0): Modeline "1024x768"x0.0   75.00  1024 1048 1184 1328  768 771 777 806 -hsync -vsync (56.5 kHz)
[   193.411] (II) DL(0): Modeline "1024x768"x0.0   65.00  1024 1048 1184 1344  768 771 777 806 -hsync -vsync (48.4 kHz)
[   193.411] (II) DL(0): Modeline "832x624"x0.0   57.28  832 864 928 1152  624 625 628 667 -hsync -vsync (49.7 kHz)
[   193.411] (II) DL(0): Modeline "800x600"x0.0   49.50  800 816 896 1056  600 601 604 625 +hsync +vsync (46.9 kHz)
[   193.411] (II) DL(0): Modeline "800x600"x0.0   50.00  800 856 976 1040  600 637 643 666 +hsync +vsync (48.1 kHz)
[   193.411] (II) DL(0): Modeline "1152x864"x0.0  108.00  1152 1216 1344 1600  864 865 868 900 +hsync +vsync (67.5 kHz)
[   193.411] (II) DL(0): Modeline "1600x1200"x0.0  162.00  1600 1664 1856 2160  1200 1201 1204 1250 +hsync +vsync (75.0 kHz)
[   193.411] (II) DL(0): Modeline "1440x900"x0.0  106.50  1440 1520 1672 1904  900 903 909 934 -hsync +vsync (55.9 kHz)
[   193.411] (II) DL(0): Modeline "1400x1050"x0.0  121.75  1400 1488 1632 1864  1050 1053 1057 1089 -hsync +vsync (65.3 kHz)
[   193.411] (II) DL(0): Modeline "1280x1024"x0.0  108.00  1280 1328 1440 1688  1024 1025 1028 1066 +hsync +vsync (64.0 kHz)
[   193.411] (II) DL(0): Modeline "1280x960"x0.0  108.00  1280 1376 1488 1800  960 961 964 1000 +hsync +vsync (60.0 kHz)
[   193.411] (II) DL(0): EDID vendor "VSC", prod id 41502
[   193.411] (II) DL(0): EDID for output udlfb
[   193.411] (II) DL(0): Manufacturer: VSC  Model: a21e  Serial#: 16842753
[   193.411] (II) DL(0): Year: 2008  Week: 4
[   193.411] (II) DL(0): EDID Version: 1.3
[   193.411] (II) DL(0): Analog Display Input,  Input Voltage Level: 0.700/0.300 V
[   193.411] (II) DL(0): Sync:  Separate  Composite  SyncOnGreen
[   193.411] (II) DL(0): Max Image Size [cm]: horiz.: 47  vert.: 30
[   193.411] (II) DL(0): Gamma: 2.20
[   193.411] (II) DL(0): DPMS capabilities: Off; RGB/Color Display
[   193.411] (II) DL(0): Default color space is primary color space
[   193.411] (II) DL(0): First detailed timing is preferred mode
[   193.411] (II) DL(0): redX: 0.640 redY: 0.333   greenX: 0.285 greenY: 0.602
[   193.411] (II) DL(0): blueX: 0.152 blueY: 0.074   whiteX: 0.313 whiteY: 0.329
[   193.411] (II) DL(0): Supported established timings:
[   193.411] (II) DL(0): 720x400@70Hz
[   193.411] (II) DL(0): 640x480@60Hz
[   193.411] (II) DL(0): 640x480@67Hz
[   193.411] (II) DL(0): 640x480@72Hz
[   193.411] (II) DL(0): 640x480@75Hz
[   193.411] (II) DL(0): 800x600@56Hz
[   193.411] (II) DL(0): 800x600@60Hz
[   193.411] (II) DL(0): 800x600@72Hz
[   193.411] (II) DL(0): 800x600@75Hz
[   193.411] (II) DL(0): 832x624@75Hz
[   193.411] (II) DL(0): 1024x768@60Hz
[   193.412] (II) DL(0): 1024x768@70Hz
[   193.412] (II) DL(0): 1024x768@75Hz
[   193.412] (II) DL(0): 1280x1024@75Hz
[   193.412] (II) DL(0): 1152x864@75Hz
[   193.412] (II) DL(0): Manufacturer's mask: 0
[   193.412] (II) DL(0): Supported standard timings:
[   193.412] (II) DL(0): #0: hsize: 1680  vsize 1050  refresh: 60  vid: 179
[   193.412] (II) DL(0): #1: hsize: 1600  vsize 1200  refresh: 60  vid: 16553
[   193.412] (II) DL(0): #2: hsize: 1440  vsize 900  refresh: 60  vid: 149
[   193.412] (II) DL(0): #3: hsize: 1400  vsize 1050  refresh: 60  vid: 16528
[   193.412] (II) DL(0): #4: hsize: 1280  vsize 1024  refresh: 60  vid: 32897
[   193.412] (II) DL(0): #5: hsize: 1280  vsize 960  refresh: 60  vid: 16513
[   193.412] (II) DL(0): #6: hsize: 1152  vsize 864  refresh: 75  vid: 20337
[   193.412] (II) DL(0): Supported detailed timing:
[   193.412] (II) DL(0): clock: 146.2 MHz   Image Size:  474 x 296 mm
[   193.412] (II) DL(0): h_active: 1680  h_sync: 1784  h_sync_end 1960 h_blank_end 2240 h_border: 0
[   193.412] (II) DL(0): v_active: 1050  v_sync: 1053  v_sync_end 1059 v_blanking: 1089 v_border: 0
[   193.412] (II) DL(0): Serial No: QC9080423299
[   193.412] (II) DL(0): Ranges: V min: 50 V max: 75 Hz, H min: 30 H max: 82 kHz, PixClock max 175 MHz
[   193.412] (II) DL(0): Monitor name: VG2230wm
[   193.412] (II) DL(0): EDID (in hex):
[   193.412] (II) DL(0): 	00ffffffffffff005a631ea201000101
[   193.412] (II) DL(0): 	041201030e2f1e782ed005a355499a27
[   193.412] (II) DL(0): 	135054bfef80b300a940950090408180
[   193.412] (II) DL(0): 	8140714f010121399030621a274068b0
[   193.412] (II) DL(0): 	3600da281100001c000000ff00514339
[   193.412] (II) DL(0): 	3038303432333239390a000000fd0032
[   193.412] (II) DL(0): 	4b1e5211000a202020202020000000fc
[   193.412] (II) DL(0): 	00564732323330776d0a202020200072
[   193.412] (II) DL(0): EDID vendor "VSC", prod id 41502
[   193.412] (II) DL(0): Using hsync ranges from config file
[   193.412] (II) DL(0): Using vrefresh ranges from config file
[   193.412] (II) DL(0): Printing DDC gathered Modelines:
[   193.412] (II) DL(0): Modeline "1680x1050"x0.0  146.25  1680 1784 1960 2240  1050 1053 1059 1089 -hsync +vsync (65.3 kHz)
[   193.412] (II) DL(0): Modeline "800x600"x0.0   40.00  800 840 968 1056  600 601 605 628 +hsync +vsync (37.9 kHz)
[   193.412] (II) DL(0): Modeline "800x600"x0.0   36.00  800 824 896 1024  600 601 603 625 +hsync +vsync (35.2 kHz)
[   193.412] (II) DL(0): Modeline "640x480"x0.0   31.50  640 656 720 840  480 481 484 500 -hsync -vsync (37.5 kHz)
[   193.412] (II) DL(0): Modeline "640x480"x0.0   31.50  640 664 704 832  480 489 492 520 -hsync -vsync (37.9 kHz)
[   193.412] (II) DL(0): Modeline "640x480"x0.0   30.24  640 704 768 864  480 483 486 525 -hsync -vsync (35.0 kHz)
[   193.412] (II) DL(0): Modeline "640x480"x0.0   25.18  640 656 752 800  480 490 492 525 -hsync -vsync (31.5 kHz)
[   193.412] (II) DL(0): Modeline "720x400"x0.0   28.32  720 738 846 900  400 412 414 449 -hsync +vsync (31.5 kHz)
[   193.412] (II) DL(0): Modeline "1280x1024"x0.0  135.00  1280 1296 1440 1688  1024 1025 1028 1066 +hsync +vsync (80.0 kHz)
[   193.412] (II) DL(0): Modeline "1024x768"x0.0   78.75  1024 1040 1136 1312  768 769 772 800 +hsync +vsync (60.0 kHz)
[   193.412] (II) DL(0): Modeline "1024x768"x0.0   75.00  1024 1048 1184 1328  768 771 777 806 -hsync -vsync (56.5 kHz)
[   193.412] (II) DL(0): Modeline "1024x768"x0.0   65.00  1024 1048 1184 1344  768 771 777 806 -hsync -vsync (48.4 kHz)
[   193.412] (II) DL(0): Modeline "832x624"x0.0   57.28  832 864 928 1152  624 625 628 667 -hsync -vsync (49.7 kHz)
[   193.412] (II) DL(0): Modeline "800x600"x0.0   49.50  800 816 896 1056  600 601 604 625 +hsync +vsync (46.9 kHz)
[   193.412] (II) DL(0): Modeline "800x600"x0.0   50.00  800 856 976 1040  600 637 643 666 +hsync +vsync (48.1 kHz)
[   193.412] (II) DL(0): Modeline "1152x864"x0.0  108.00  1152 1216 1344 1600  864 865 868 900 +hsync +vsync (67.5 kHz)
[   193.412] (II) DL(0): Modeline "1600x1200"x0.0  162.00  1600 1664 1856 2160  1200 1201 1204 1250 +hsync +vsync (75.0 kHz)
[   193.412] (II) DL(0): Modeline "1440x900"x0.0  106.50  1440 1520 1672 1904  900 903 909 934 -hsync +vsync (55.9 kHz)
[   193.412] (II) DL(0): Modeline "1400x1050"x0.0  121.75  1400 1488 1632 1864  1050 1053 1057 1089 -hsync +vsync (65.3 kHz)
[   193.412] (II) DL(0): Modeline "1280x1024"x0.0  108.00  1280 1328 1440 1688  1024 1025 1028 1066 +hsync +vsync (64.0 kHz)
[   193.412] (II) DL(0): Modeline "1280x960"x0.0  108.00  1280 1376 1488 1800  960 961 964 1000 +hsync +vsync (60.0 kHz)
[   193.412] (II) DL(0): EDID vendor "VSC", prod id 41502
[   193.412] (II) DL(0): Not using mode "1680x1050" (width too large for virtual size)
[   193.412] (II) DL(0): Not using mode "1600x1200" (height too large for virtual size)
[   193.412] (II) DL(0): Not using mode "1440x900" (width too large for virtual size)
[   193.412] (II) DL(0): Printing probed modes for output udlfb
[   193.413] (II) DL(0): Modeline "1400x1050"x60.0  121.75  1400 1488 1632 1864  1050 1053 1057 1089 -hsync +vsync (65.3 kHz)
[   193.413] (II) DL(0): Modeline "1280x1024"x75.0  135.00  1280 1296 1440 1688  1024 1025 1028 1066 +hsync +vsync (80.0 kHz)
[   193.413] (II) DL(0): Modeline "1280x1024"x60.0  108.00  1280 1328 1440 1688  1024 1025 1028 1066 +hsync +vsync (64.0 kHz)
[   193.413] (II) DL(0): Modeline "1280x960"x60.0  108.00  1280 1376 1488 1800  960 961 964 1000 +hsync +vsync (60.0 kHz)
[   193.413] (II) DL(0): Modeline "1152x864"x75.0  108.00  1152 1216 1344 1600  864 865 868 900 +hsync +vsync (67.5 kHz)
[   193.413] (II) DL(0): Modeline "1024x768"x75.0   78.75  1024 1040 1136 1312  768 769 772 800 +hsync +vsync (60.0 kHz)
[   193.413] (II) DL(0): Modeline "1024x768"x70.1   75.00  1024 1048 1184 1328  768 771 777 806 -hsync -vsync (56.5 kHz)
[   193.413] (II) DL(0): Modeline "1024x768"x60.0   65.00  1024 1048 1184 1344  768 771 777 806 -hsync -vsync (48.4 kHz)
[   193.413] (II) DL(0): Modeline "832x624"x74.6   57.28  832 864 928 1152  624 625 628 667 -hsync -vsync (49.7 kHz)
[   193.413] (II) DL(0): Modeline "800x600"x72.2   50.00  800 856 976 1040  600 637 643 666 +hsync +vsync (48.1 kHz)
[   193.413] (II) DL(0): Modeline "800x600"x75.0   49.50  800 816 896 1056  600 601 604 625 +hsync +vsync (46.9 kHz)
[   193.413] (II) DL(0): Modeline "800x600"x60.3   40.00  800 840 968 1056  600 601 605 628 +hsync +vsync (37.9 kHz)
[   193.413] (II) DL(0): Modeline "800x600"x56.2   36.00  800 824 896 1024  600 601 603 625 +hsync +vsync (35.2 kHz)
[   193.413] (II) DL(0): Modeline "640x480"x75.0   31.50  640 656 720 840  480 481 484 500 -hsync -vsync (37.5 kHz)
[   193.413] (II) DL(0): Modeline "640x480"x72.8   31.50  640 664 704 832  480 489 492 520 -hsync -vsync (37.9 kHz)
[   193.413] (II) DL(0): Modeline "640x480"x66.7   30.24  640 704 768 864  480 483 486 525 -hsync -vsync (35.0 kHz)
[   193.413] (II) DL(0): Modeline "640x480"x59.9   25.18  640 656 752 800  480 490 492 525 -hsync -vsync (31.5 kHz)
[   193.413] (II) DL(0): Modeline "720x400"x70.1   28.32  720 738 846 900  400 412 414 449 -hsync +vsync (31.5 kHz)
[   193.413] (II) DL(0): Output udlfb connected
[   193.413] (II) DL(0): Using fuzzy aspect match for initial modes
[   193.413] (II) DL(0): Output udlfb using initial mode 1400x1050
[   193.413] (II) DL(0): Using default gamma of (1.0, 1.0, 1.0) unless otherwise stated.
[   193.413] (--) DL(0): Virtual size is 1400x1050 (pitch 0)
[   193.413] (**) DL(0):  Driver mode "1400x1050": 121.8 MHz (scaled from 0.0 MHz), 65.3 kHz, 60.0 Hz
[   193.413] (II) DL(0): Modeline "1400x1050"x60.0  121.75  1400 1488 1632 1864  1050 1053 1057 1089 -hsync +vsync (65.3 kHz)
[   193.413] (**) DL(0):  Driver mode "1280x1024": 135.0 MHz (scaled from 0.0 MHz), 80.0 kHz, 75.0 Hz
[   193.413] (II) DL(0): Modeline "1280x1024"x75.0  135.00  1280 1296 1440 1688  1024 1025 1028 1066 +hsync +vsync (80.0 kHz)
[   193.413] (**) DL(0):  Driver mode "1280x1024": 108.0 MHz (scaled from 0.0 MHz), 64.0 kHz, 60.0 Hz
[   193.413] (II) DL(0): Modeline "1280x1024"x60.0  108.00  1280 1328 1440 1688  1024 1025 1028 1066 +hsync +vsync (64.0 kHz)
[   193.413] (**) DL(0):  Driver mode "1280x960": 108.0 MHz (scaled from 0.0 MHz), 60.0 kHz, 60.0 Hz
[   193.413] (II) DL(0): Modeline "1280x960"x60.0  108.00  1280 1376 1488 1800  960 961 964 1000 +hsync +vsync (60.0 kHz)
[   193.413] (**) DL(0):  Driver mode "1152x864": 108.0 MHz (scaled from 0.0 MHz), 67.5 kHz, 75.0 Hz
[   193.413] (II) DL(0): Modeline "1152x864"x75.0  108.00  1152 1216 1344 1600  864 865 868 900 +hsync +vsync (67.5 kHz)
[   193.413] (**) DL(0):  Driver mode "1024x768": 78.8 MHz (scaled from 0.0 MHz), 60.0 kHz, 75.0 Hz
[   193.413] (II) DL(0): Modeline "1024x768"x75.0   78.75  1024 1040 1136 1312  768 769 772 800 +hsync +vsync (60.0 kHz)
[   193.413] (**) DL(0):  Driver mode "1024x768": 75.0 MHz (scaled from 0.0 MHz), 56.5 kHz, 70.1 Hz
[   193.413] (II) DL(0): Modeline "1024x768"x70.1   75.00  1024 1048 1184 1328  768 771 777 806 -hsync -vsync (56.5 kHz)
[   193.413] (**) DL(0):  Driver mode "1024x768": 65.0 MHz (scaled from 0.0 MHz), 48.4 kHz, 60.0 Hz
[   193.413] (II) DL(0): Modeline "1024x768"x60.0   65.00  1024 1048 1184 1344  768 771 777 806 -hsync -vsync (48.4 kHz)
[   193.413] (**) DL(0):  Driver mode "832x624": 57.3 MHz (scaled from 0.0 MHz), 49.7 kHz, 74.6 Hz
[   193.413] (II) DL(0): Modeline "832x624"x74.6   57.28  832 864 928 1152  624 625 628 667 -hsync -vsync (49.7 kHz)
[   193.413] (**) DL(0):  Driver mode "800x600": 50.0 MHz (scaled from 0.0 MHz), 48.1 kHz, 72.2 Hz
[   193.413] (II) DL(0): Modeline "800x600"x72.2   50.00  800 856 976 1040  600 637 643 666 +hsync +vsync (48.1 kHz)
[   193.413] (**) DL(0):  Driver mode "800x600": 49.5 MHz (scaled from 0.0 MHz), 46.9 kHz, 75.0 Hz
[   193.413] (II) DL(0): Modeline "800x600"x75.0   49.50  800 816 896 1056  600 601 604 625 +hsync +vsync (46.9 kHz)
[   193.413] (**) DL(0):  Driver mode "800x600": 40.0 MHz (scaled from 0.0 MHz), 37.9 kHz, 60.3 Hz
[   193.413] (II) DL(0): Modeline "800x600"x60.3   40.00  800 840 968 1056  600 601 605 628 +hsync +vsync (37.9 kHz)
[   193.413] (**) DL(0):  Driver mode "800x600": 36.0 MHz (scaled from 0.0 MHz), 35.2 kHz, 56.2 Hz
[   193.413] (II) DL(0): Modeline "800x600"x56.2   36.00  800 824 896 1024  600 601 603 625 +hsync +vsync (35.2 kHz)
[   193.413] (**) DL(0):  Driver mode "640x480": 31.5 MHz (scaled from 0.0 MHz), 37.5 kHz, 75.0 Hz
[   193.413] (II) DL(0): Modeline "640x480"x75.0   31.50  640 656 720 840  480 481 484 500 -hsync -vsync (37.5 kHz)
[   193.413] (**) DL(0):  Driver mode "640x480": 31.5 MHz (scaled from 0.0 MHz), 37.9 kHz, 72.8 Hz
[   193.413] (II) DL(0): Modeline "640x480"x72.8   31.50  640 664 704 832  480 489 492 520 -hsync -vsync (37.9 kHz)
[   193.413] (**) DL(0):  Driver mode "640x480": 30.2 MHz (scaled from 0.0 MHz), 35.0 kHz, 66.7 Hz
[   193.413] (II) DL(0): Modeline "640x480"x66.7   30.24  640 704 768 864  480 483 486 525 -hsync -vsync (35.0 kHz)
[   193.413] (**) DL(0):  Driver mode "640x480": 25.2 MHz (scaled from 0.0 MHz), 31.5 kHz, 59.9 Hz
[   193.413] (II) DL(0): Modeline "640x480"x59.9   25.18  640 656 752 800  480 490 492 525 -hsync -vsync (31.5 kHz)
[   193.413] (**) DL(0):  Driver mode "720x400": 28.3 MHz (scaled from 0.0 MHz), 31.5 kHz, 70.1 Hz
[   193.413] (II) DL(0): Modeline "720x400"x70.1   28.32  720 738 846 900  400 412 414 449 -hsync +vsync (31.5 kHz)
[   193.413] (**) DL(0): Display dimensions: (470, 300) mm
[   193.413] (**) DL(0): DPI set to (75, 88)
[   193.413] (WW) DL(0): FBIOPAN_DISPLAY: Invalid argument
[   193.413] (==) DL(0): Backing store disabled
[   193.413] (==) DL(0): DPMS enabled
[   193.413] (II) DL(0): RandR 1.2 enabled, ignore the following RandR disabled message.
[   193.414] (--) RandR disabled
[   193.414] (II) Initializing built-in extension Generic Event Extension
[   193.414] (II) Initializing built-in extension SHAPE
[   193.414] (II) Initializing built-in extension MIT-SHM
[   193.414] (II) Initializing built-in extension XInputExtension
[   193.414] (II) Initializing built-in extension XTEST
[   193.414] (II) Initializing built-in extension BIG-REQUESTS
[   193.414] (II) Initializing built-in extension SYNC
[   193.414] (II) Initializing built-in extension XKEYBOARD
[   193.414] (II) Initializing built-in extension XC-MISC
[   193.414] (II) Initializing built-in extension SECURITY
[   193.414] (II) Initializing built-in extension XINERAMA
[   193.414] (II) Initializing built-in extension XFIXES
[   193.414] (II) Initializing built-in extension RENDER
[   193.414] (II) Initializing built-in extension RANDR
[   193.414] (II) Initializing built-in extension COMPOSITE
[   193.414] (II) Initializing built-in extension DAMAGE
[   193.414] (II) Initializing built-in extension GESTURE
[   193.418] (EE) GLX error: Can not get required symbols.
[   193.431] (II) XKB: reuse xkmfile /var/lib/xkb/server-B20D7FC79C7F597315E3E501AEF10E0D866E8E92.xkm
[   193.431] (II) XKB: Reusing cached keymap
[   193.438] (II) config/udev: Adding input device Power Button (/dev/input/event2)
[   193.438] (**) Power Button: Applying InputClass "evdev keyboard catchall"
[   193.438] (II) LoadModule: "evdev"
[   193.438] (II) Loading /usr/lib/xorg/modules/input/evdev_drv.so
[   193.438] (II) Module evdev: vendor="X.Org Foundation"
[   193.438] 	compiled for 1.9.0, module version = 2.3.2
[   193.438] 	Module class: X.Org XInput Driver
[   193.438] 	ABI class: X.Org XInput driver, version 11.0
[   193.438] (**) Power Button: always reports core events
[   193.438] (**) Power Button: Device: "/dev/input/event2"
[   193.482] (II) Power Button: Found keys
[   193.482] (II) Power Button: Configuring as keyboard
[   193.482] (II) XINPUT: Adding extended input device "Power Button" (type: KEYBOARD)
[   193.482] (**) Option "xkb_rules" "evdev"
[   193.482] (**) Option "xkb_model" "pc105"
[   193.482] (**) Option "xkb_layout" "us"
[   193.482] (II) XKB: Reusing cached keymap
[   193.483] (II) config/udev: Adding input device Video Bus (/dev/input/event6)
[   193.483] (**) Video Bus: Applying InputClass "evdev keyboard catchall"
[   193.483] (**) Video Bus: always reports core events
[   193.483] (**) Video Bus: Device: "/dev/input/event6"
[   193.541] (II) Video Bus: Found keys
[   193.542] (II) Video Bus: Configuring as keyboard
[   193.542] (II) XINPUT: Adding extended input device "Video Bus" (type: KEYBOARD)
[   193.542] (**) Option "xkb_rules" "evdev"
[   193.542] (**) Option "xkb_model" "pc105"
[   193.542] (**) Option "xkb_layout" "us"
[   193.542] (II) XKB: Reusing cached keymap
[   193.544] (II) config/udev: Adding input device Lid Switch (/dev/input/event1)
[   193.544] (II) No input driver/identifier specified (ignoring)
[   193.544] (II) config/udev: Adding input device Sleep Button (/dev/input/event0)
[   193.544] (**) Sleep Button: Applying InputClass "evdev keyboard catchall"
[   193.544] (**) Sleep Button: always reports core events
[   193.544] (**) Sleep Button: Device: "/dev/input/event0"
[   193.621] (II) Sleep Button: Found keys
[   193.622] (II) Sleep Button: Configuring as keyboard
[   193.622] (II) XINPUT: Adding extended input device "Sleep Button" (type: KEYBOARD)
[   193.622] (**) Option "xkb_rules" "evdev"
[   193.622] (**) Option "xkb_model" "pc105"
[   193.622] (**) Option "xkb_layout" "us"
[   193.622] (II) XKB: Reusing cached keymap
[   193.624] (II) config/udev: Adding input device HP Webcam [2 MP Macro] (/dev/input/event5)
[   193.624] (**) HP Webcam [2 MP Macro]: Applying InputClass "evdev keyboard catchall"
[   193.624] (**) HP Webcam [2 MP Macro]: always reports core events
[   193.624] (**) HP Webcam [2 MP Macro]: Device: "/dev/input/event5"
[   193.701] (II) HP Webcam [2 MP Macro]: Found keys
[   193.702] (II) HP Webcam [2 MP Macro]: Configuring as keyboard
[   193.702] (II) XINPUT: Adding extended input device "HP Webcam [2 MP Macro]" (type: KEYBOARD)
[   193.702] (**) Option "xkb_rules" "evdev"
[   193.702] (**) Option "xkb_model" "pc105"
[   193.702] (**) Option "xkb_layout" "us"
[   193.702] (II) XKB: Reusing cached keymap
[   193.703] (II) config/udev: Adding input device HDA Intel HP Out at Ext Left Jack (/dev/input/event10)
[   193.703] (II) No input driver/identifier specified (ignoring)
[   193.703] (II) config/udev: Adding input device HDA Intel HP Out at Sep Rear Jack (/dev/input/event11)
[   193.703] (II) No input driver/identifier specified (ignoring)
[   193.703] (II) config/udev: Adding input device HDA Intel Line In at Sep Rear Jack (/dev/input/event8)
[   193.703] (II) No input driver/identifier specified (ignoring)
[   193.703] (II) config/udev: Adding input device HDA Intel Mic at Ext Left Jack (/dev/input/event9)
[   193.703] (II) No input driver/identifier specified (ignoring)
[   193.708] (II) config/udev: Adding input device AT Translated Set 2 keyboard (/dev/input/event3)
[   193.708] (**) AT Translated Set 2 keyboard: Applying InputClass "evdev keyboard catchall"
[   193.708] (**) AT Translated Set 2 keyboard: always reports core events
[   193.708] (**) AT Translated Set 2 keyboard: Device: "/dev/input/event3"
[   193.781] (II) AT Translated Set 2 keyboard: Found keys
[   193.782] (II) AT Translated Set 2 keyboard: Configuring as keyboard
[   193.782] (II) XINPUT: Adding extended input device "AT Translated Set 2 keyboard" (type: KEYBOARD)
[   193.782] (**) Option "xkb_rules" "evdev"
[   193.782] (**) Option "xkb_model" "pc105"
[   193.782] (**) Option "xkb_layout" "us"
[   193.782] (II) XKB: Reusing cached keymap
[   193.782] (II) config/udev: Adding input device PS/2 Generic Mouse (/dev/input/event12)
[   193.782] (**) PS/2 Generic Mouse: Applying InputClass "evdev pointer catchall"
[   193.782] (**) PS/2 Generic Mouse: always reports core events
[   193.782] (**) PS/2 Generic Mouse: Device: "/dev/input/event12"
[   193.861] (II) PS/2 Generic Mouse: Found 3 mouse buttons
[   193.861] (II) PS/2 Generic Mouse: Found relative axes
[   193.861] (II) PS/2 Generic Mouse: Found x and y relative axes
[   193.861] (II) PS/2 Generic Mouse: Configuring as mouse
[   193.861] (**) PS/2 Generic Mouse: YAxisMapping: buttons 4 and 5
[   193.861] (**) PS/2 Generic Mouse: EmulateWheelButton: 4, EmulateWheelInertia: 10, EmulateWheelTimeout: 200
[   193.861] (II) XINPUT: Adding extended input device "PS/2 Generic Mouse" (type: MOUSE)
[   193.861] (II) PS/2 Generic Mouse: initialized for relative axes.
[   193.861] (II) config/udev: Adding input device PS/2 Generic Mouse (/dev/input/mouse0)
[   193.861] (II) No input driver/identifier specified (ignoring)
[   193.862] (II) config/udev: Adding input device SynPS/2 Synaptics TouchPad (/dev/input/event13)
[   193.862] (**) SynPS/2 Synaptics TouchPad: Applying InputClass "evdev touchpad catchall"
[   193.862] (**) SynPS/2 Synaptics TouchPad: Applying InputClass "touchpad catchall"
[   193.862] (II) LoadModule: "synaptics"
[   193.862] (II) Loading /usr/lib/xorg/modules/input/synaptics_drv.so
[   193.862] (II) Module synaptics: vendor="X.Org Foundation"
[   193.862] 	compiled for 1.9.0, module version = 1.2.2
[   193.862] 	Module class: X.Org XInput Driver
[   193.862] 	ABI class: X.Org XInput driver, version 11.0
[   193.862] (II) Synaptics touchpad driver version 1.2.2
[   193.862] 	Option "_source" "server/udev"
[   193.862] 	Option "name" "SynPS/2 Synaptics TouchPad"
[   193.862] 	Option "path" "/dev/input/event13"
[   193.862] 	Option "device" "/dev/input/event13"
[   193.862] 	Option "driver" "synaptics"
[   193.863] (**) Option "Device" "/dev/input/event13"
[   193.941] port opened successfully
[   194.261] (II) SynPS/2 Synaptics TouchPad: x-axis range 1472 - 5600
[   194.261] (II) SynPS/2 Synaptics TouchPad: y-axis range 1408 - 4884
[   194.261] (II) SynPS/2 Synaptics TouchPad: pressure range 0 - 255
[   194.261] (II) SynPS/2 Synaptics TouchPad: finger width range 0 - 0
[   194.261] (II) SynPS/2 Synaptics TouchPad: buttons: left right middle
[   194.581] (--) SynPS/2 Synaptics TouchPad: touchpad found
[   194.581] (**) SynPS/2 Synaptics TouchPad: always reports core events
[   194.741] (II) XINPUT: Adding extended input device "SynPS/2 Synaptics TouchPad" (type: TOUCHPAD)
[   194.741] (**) SynPS/2 Synaptics TouchPad: (accel) keeping acceleration scheme 1
[   194.741] (**) SynPS/2 Synaptics TouchPad: (accel) acceleration profile 0
[   194.741] (**) SynPS/2 Synaptics TouchPad: (accel) acceleration factor: 2.000
[   194.741] (**) SynPS/2 Synaptics TouchPad: (accel) acceleration threshold: 4
[   194.742] (**) Option "Device" "/dev/input/event13"
[   194.981] (--) SynPS/2 Synaptics TouchPad: touchpad found
[   194.981] (II) config/udev: Adding input device SynPS/2 Synaptics TouchPad (/dev/input/mouse1)
[   194.981] (II) No input driver/identifier specified (ignoring)
[   194.982] (II) config/udev: Adding input device ST LIS3LV02DL Accelerometer (/dev/input/event7)
[   194.982] (II) No input driver/identifier specified (ignoring)
[   194.982] (II) config/udev: Adding input device ST LIS3LV02DL Accelerometer (/dev/input/js0)
[   194.982] (II) No input driver/identifier specified (ignoring)
[   194.986] (II) config/udev: Adding input device HP WMI hotkeys (/dev/input/event4)
[   194.986] (**) HP WMI hotkeys: Applying InputClass "evdev keyboard catchall"
[   194.986] (**) HP WMI hotkeys: always reports core events
[   194.986] (**) HP WMI hotkeys: Device: "/dev/input/event4"
[   195.061] (II) HP WMI hotkeys: Found keys
[   195.061] (II) HP WMI hotkeys: Configuring as keyboard
[   195.061] (II) XINPUT: Adding extended input device "HP WMI hotkeys" (type: KEYBOARD)
[   195.061] (**) Option "xkb_rules" "evdev"
[   195.061] (**) Option "xkb_model" "pc105"
[   195.061] (**) Option "xkb_layout" "us"
[   195.061] (II) XKB: Reusing cached keymap
[   195.857] (II) DL(0): EDID vendor "VSC", prod id 41502
[   195.857] (II) DL(0): Using hsync ranges from config file
[   195.857] (II) DL(0): Using vrefresh ranges from config file
[   195.857] (II) DL(0): Printing DDC gathered Modelines:
[   195.857] (II) DL(0): Modeline "1680x1050"x0.0  146.25  1680 1784 1960 2240  1050 1053 1059 1089 -hsync +vsync (65.3 kHz)
[   195.857] (II) DL(0): Modeline "800x600"x0.0   40.00  800 840 968 1056  600 601 605 628 +hsync +vsync (37.9 kHz)
[   195.857] (II) DL(0): Modeline "800x600"x0.0   36.00  800 824 896 1024  600 601 603 625 +hsync +vsync (35.2 kHz)
[   195.857] (II) DL(0): Modeline "640x480"x0.0   31.50  640 656 720 840  480 481 484 500 -hsync -vsync (37.5 kHz)
[   195.857] (II) DL(0): Modeline "640x480"x0.0   31.50  640 664 704 832  480 489 492 520 -hsync -vsync (37.9 kHz)
[   195.857] (II) DL(0): Modeline "640x480"x0.0   30.24  640 704 768 864  480 483 486 525 -hsync -vsync (35.0 kHz)
[   195.857] (II) DL(0): Modeline "640x480"x0.0   25.18  640 656 752 800  480 490 492 525 -hsync -vsync (31.5 kHz)
[   195.857] (II) DL(0): Modeline "720x400"x0.0   28.32  720 738 846 900  400 412 414 449 -hsync +vsync (31.5 kHz)
[   195.857] (II) DL(0): Modeline "1280x1024"x0.0  135.00  1280 1296 1440 1688  1024 1025 1028 1066 +hsync +vsync (80.0 kHz)
[   195.857] (II) DL(0): Modeline "1024x768"x0.0   78.75  1024 1040 1136 1312  768 769 772 800 +hsync +vsync (60.0 kHz)
[   195.857] (II) DL(0): Modeline "1024x768"x0.0   75.00  1024 1048 1184 1328  768 771 777 806 -hsync -vsync (56.5 kHz)
[   195.857] (II) DL(0): Modeline "1024x768"x0.0   65.00  1024 1048 1184 1344  768 771 777 806 -hsync -vsync (48.4 kHz)
[   195.857] (II) DL(0): Modeline "832x624"x0.0   57.28  832 864 928 1152  624 625 628 667 -hsync -vsync (49.7 kHz)
[   195.857] (II) DL(0): Modeline "800x600"x0.0   49.50  800 816 896 1056  600 601 604 625 +hsync +vsync (46.9 kHz)
[   195.857] (II) DL(0): Modeline "800x600"x0.0   50.00  800 856 976 1040  600 637 643 666 +hsync +vsync (48.1 kHz)
[   195.857] (II) DL(0): Modeline "1152x864"x0.0  108.00  1152 1216 1344 1600  864 865 868 900 +hsync +vsync (67.5 kHz)
[   195.857] (II) DL(0): Modeline "1600x1200"x0.0  162.00  1600 1664 1856 2160  1200 1201 1204 1250 +hsync +vsync (75.0 kHz)
[   195.857] (II) DL(0): Modeline "1440x900"x0.0  106.50  1440 1520 1672 1904  900 903 909 934 -hsync +vsync (55.9 kHz)
[   195.857] (II) DL(0): Modeline "1400x1050"x0.0  121.75  1400 1488 1632 1864  1050 1053 1057 1089 -hsync +vsync (65.3 kHz)
[   195.857] (II) DL(0): Modeline "1280x1024"x0.0  108.00  1280 1328 1440 1688  1024 1025 1028 1066 +hsync +vsync (64.0 kHz)
[   195.857] (II) DL(0): Modeline "1280x960"x0.0  108.00  1280 1376 1488 1800  960 961 964 1000 +hsync +vsync (60.0 kHz)
[   195.857] (II) DL(0): EDID vendor "VSC", prod id 41502
[   195.858] (II) DL(0): EDID vendor "VSC", prod id 41502
[   195.858] (II) DL(0): Using hsync ranges from config file
[   195.858] (II) DL(0): Using vrefresh ranges from config file
[   195.858] (II) DL(0): Printing DDC gathered Modelines:
[   195.858] (II) DL(0): Modeline "1680x1050"x0.0  146.25  1680 1784 1960 2240  1050 1053 1059 1089 -hsync +vsync (65.3 kHz)
[   195.858] (II) DL(0): Modeline "800x600"x0.0   40.00  800 840 968 1056  600 601 605 628 +hsync +vsync (37.9 kHz)
[   195.858] (II) DL(0): Modeline "800x600"x0.0   36.00  800 824 896 1024  600 601 603 625 +hsync +vsync (35.2 kHz)
[   195.858] (II) DL(0): Modeline "640x480"x0.0   31.50  640 656 720 840  480 481 484 500 -hsync -vsync (37.5 kHz)
[   195.858] (II) DL(0): Modeline "640x480"x0.0   31.50  640 664 704 832  480 489 492 520 -hsync -vsync (37.9 kHz)
[   195.858] (II) DL(0): Modeline "640x480"x0.0   30.24  640 704 768 864  480 483 486 525 -hsync -vsync (35.0 kHz)
[   195.858] (II) DL(0): Modeline "640x480"x0.0   25.18  640 656 752 800  480 490 492 525 -hsync -vsync (31.5 kHz)
[   195.858] (II) DL(0): Modeline "720x400"x0.0   28.32  720 738 846 900  400 412 414 449 -hsync +vsync (31.5 kHz)
[   195.858] (II) DL(0): Modeline "1280x1024"x0.0  135.00  1280 1296 1440 1688  1024 1025 1028 1066 +hsync +vsync (80.0 kHz)
[   195.858] (II) DL(0): Modeline "1024x768"x0.0   78.75  1024 1040 1136 1312  768 769 772 800 +hsync +vsync (60.0 kHz)
[   195.858] (II) DL(0): Modeline "1024x768"x0.0   75.00  1024 1048 1184 1328  768 771 777 806 -hsync -vsync (56.5 kHz)
[   195.858] (II) DL(0): Modeline "1024x768"x0.0   65.00  1024 1048 1184 1344  768 771 777 806 -hsync -vsync (48.4 kHz)
[   195.858] (II) DL(0): Modeline "832x624"x0.0   57.28  832 864 928 1152  624 625 628 667 -hsync -vsync (49.7 kHz)
[   195.858] (II) DL(0): Modeline "800x600"x0.0   49.50  800 816 896 1056  600 601 604 625 +hsync +vsync (46.9 kHz)
[   195.858] (II) DL(0): Modeline "800x600"x0.0   50.00  800 856 976 1040  600 637 643 666 +hsync +vsync (48.1 kHz)
[   195.858] (II) DL(0): Modeline "1152x864"x0.0  108.00  1152 1216 1344 1600  864 865 868 900 +hsync +vsync (67.5 kHz)
[   195.858] (II) DL(0): Modeline "1600x1200"x0.0  162.00  1600 1664 1856 2160  1200 1201 1204 1250 +hsync +vsync (75.0 kHz)
[   195.858] (II) DL(0): Modeline "1440x900"x0.0  106.50  1440 1520 1672 1904  900 903 909 934 -hsync +vsync (55.9 kHz)
[   195.858] (II) DL(0): Modeline "1400x1050"x0.0  121.75  1400 1488 1632 1864  1050 1053 1057 1089 -hsync +vsync (65.3 kHz)
[   195.858] (II) DL(0): Modeline "1280x1024"x0.0  108.00  1280 1328 1440 1688  1024 1025 1028 1066 +hsync +vsync (64.0 kHz)
[   195.858] (II) DL(0): Modeline "1280x960"x0.0  108.00  1280 1376 1488 1800  960 961 964 1000 +hsync +vsync (60.0 kHz)
[   195.858] (II) DL(0): EDID vendor "VSC", prod id 41502
[   195.878] (II) DL(0): EDID vendor "VSC", prod id 41502
[   195.878] (II) DL(0): Using hsync ranges from config file
[   195.878] (II) DL(0): Using vrefresh ranges from config file
[   195.878] (II) DL(0): Printing DDC gathered Modelines:
[   195.878] (II) DL(0): Modeline "1680x1050"x0.0  146.25  1680 1784 1960 2240  1050 1053 1059 1089 -hsync +vsync (65.3 kHz)
[   195.878] (II) DL(0): Modeline "800x600"x0.0   40.00  800 840 968 1056  600 601 605 628 +hsync +vsync (37.9 kHz)
[   195.878] (II) DL(0): Modeline "800x600"x0.0   36.00  800 824 896 1024  600 601 603 625 +hsync +vsync (35.2 kHz)
[   195.878] (II) DL(0): Modeline "640x480"x0.0   31.50  640 656 720 840  480 481 484 500 -hsync -vsync (37.5 kHz)
[   195.878] (II) DL(0): Modeline "640x480"x0.0   31.50  640 664 704 832  480 489 492 520 -hsync -vsync (37.9 kHz)
[   195.878] (II) DL(0): Modeline "640x480"x0.0   30.24  640 704 768 864  480 483 486 525 -hsync -vsync (35.0 kHz)
[   195.878] (II) DL(0): Modeline "640x480"x0.0   25.18  640 656 752 800  480 490 492 525 -hsync -vsync (31.5 kHz)
[   195.878] (II) DL(0): Modeline "720x400"x0.0   28.32  720 738 846 900  400 412 414 449 -hsync +vsync (31.5 kHz)
[   195.878] (II) DL(0): Modeline "1280x1024"x0.0  135.00  1280 1296 1440 1688  1024 1025 1028 1066 +hsync +vsync (80.0 kHz)
[   195.878] (II) DL(0): Modeline "1024x768"x0.0   78.75  1024 1040 1136 1312  768 769 772 800 +hsync +vsync (60.0 kHz)
[   195.878] (II) DL(0): Modeline "1024x768"x0.0   75.00  1024 1048 1184 1328  768 771 777 806 -hsync -vsync (56.5 kHz)
[   195.878] (II) DL(0): Modeline "1024x768"x0.0   65.00  1024 1048 1184 1344  768 771 777 806 -hsync -vsync (48.4 kHz)
[   195.878] (II) DL(0): Modeline "832x624"x0.0   57.28  832 864 928 1152  624 625 628 667 -hsync -vsync (49.7 kHz)
[   195.878] (II) DL(0): Modeline "800x600"x0.0   49.50  800 816 896 1056  600 601 604 625 +hsync +vsync (46.9 kHz)
[   195.878] (II) DL(0): Modeline "800x600"x0.0   50.00  800 856 976 1040  600 637 643 666 +hsync +vsync (48.1 kHz)
[   195.878] (II) DL(0): Modeline "1152x864"x0.0  108.00  1152 1216 1344 1600  864 865 868 900 +hsync +vsync (67.5 kHz)
[   195.878] (II) DL(0): Modeline "1600x1200"x0.0  162.00  1600 1664 1856 2160  1200 1201 1204 1250 +hsync +vsync (75.0 kHz)
[   195.878] (II) DL(0): Modeline "1440x900"x0.0  106.50  1440 1520 1672 1904  900 903 909 934 -hsync +vsync (55.9 kHz)
[   195.878] (II) DL(0): Modeline "1400x1050"x0.0  121.75  1400 1488 1632 1864  1050 1053 1057 1089 -hsync +vsync (65.3 kHz)
[   195.878] (II) DL(0): Modeline "1280x1024"x0.0  108.00  1280 1328 1440 1688  1024 1025 1028 1066 +hsync +vsync (64.0 kHz)
[   195.878] (II) DL(0): Modeline "1280x960"x0.0  108.00  1280 1376 1488 1800  960 961 964 1000 +hsync +vsync (60.0 kHz)
[   195.878] (II) DL(0): EDID vendor "VSC", prod id 41502
[   195.879] (II) DL(0): EDID vendor "VSC", prod id 41502
[   195.879] (II) DL(0): Using hsync ranges from config file
[   195.879] (II) DL(0): Using vrefresh ranges from config file
[   195.879] (II) DL(0): Printing DDC gathered Modelines:
[   195.879] (II) DL(0): Modeline "1680x1050"x0.0  146.25  1680 1784 1960 2240  1050 1053 1059 1089 -hsync +vsync (65.3 kHz)
[   195.879] (II) DL(0): Modeline "800x600"x0.0   40.00  800 840 968 1056  600 601 605 628 +hsync +vsync (37.9 kHz)
[   195.879] (II) DL(0): Modeline "800x600"x0.0   36.00  800 824 896 1024  600 601 603 625 +hsync +vsync (35.2 kHz)
[   195.879] (II) DL(0): Modeline "640x480"x0.0   31.50  640 656 720 840  480 481 484 500 -hsync -vsync (37.5 kHz)
[   195.879] (II) DL(0): Modeline "640x480"x0.0   31.50  640 664 704 832  480 489 492 520 -hsync -vsync (37.9 kHz)
[   195.879] (II) DL(0): Modeline "640x480"x0.0   30.24  640 704 768 864  480 483 486 525 -hsync -vsync (35.0 kHz)
[   195.879] (II) DL(0): Modeline "640x480"x0.0   25.18  640 656 752 800  480 490 492 525 -hsync -vsync (31.5 kHz)
[   195.879] (II) DL(0): Modeline "720x400"x0.0   28.32  720 738 846 900  400 412 414 449 -hsync +vsync (31.5 kHz)
[   195.879] (II) DL(0): Modeline "1280x1024"x0.0  135.00  1280 1296 1440 1688  1024 1025 1028 1066 +hsync +vsync (80.0 kHz)
[   195.879] (II) DL(0): Modeline "1024x768"x0.0   78.75  1024 1040 1136 1312  768 769 772 800 +hsync +vsync (60.0 kHz)
[   195.879] (II) DL(0): Modeline "1024x768"x0.0   75.00  1024 1048 1184 1328  768 771 777 806 -hsync -vsync (56.5 kHz)
[   195.879] (II) DL(0): Modeline "1024x768"x0.0   65.00  1024 1048 1184 1344  768 771 777 806 -hsync -vsync (48.4 kHz)
[   195.879] (II) DL(0): Modeline "832x624"x0.0   57.28  832 864 928 1152  624 625 628 667 -hsync -vsync (49.7 kHz)
[   195.879] (II) DL(0): Modeline "800x600"x0.0   49.50  800 816 896 1056  600 601 604 625 +hsync +vsync (46.9 kHz)
[   195.879] (II) DL(0): Modeline "800x600"x0.0   50.00  800 856 976 1040  600 637 643 666 +hsync +vsync (48.1 kHz)
[   195.879] (II) DL(0): Modeline "1152x864"x0.0  108.00  1152 1216 1344 1600  864 865 868 900 +hsync +vsync (67.5 kHz)
[   195.879] (II) DL(0): Modeline "1600x1200"x0.0  162.00  1600 1664 1856 2160  1200 1201 1204 1250 +hsync +vsync (75.0 kHz)
[   195.879] (II) DL(0): Modeline "1440x900"x0.0  106.50  1440 1520 1672 1904  900 903 909 934 -hsync +vsync (55.9 kHz)
[   195.879] (II) DL(0): Modeline "1400x1050"x0.0  121.75  1400 1488 1632 1864  1050 1053 1057 1089 -hsync +vsync (65.3 kHz)
[   195.879] (II) DL(0): Modeline "1280x1024"x0.0  108.00  1280 1328 1440 1688  1024 1025 1028 1066 +hsync +vsync (64.0 kHz)
[   195.879] (II) DL(0): Modeline "1280x960"x0.0  108.00  1280 1376 1488 1800  960 961 964 1000 +hsync +vsync (60.0 kHz)
[   195.879] (II) DL(0): EDID vendor "VSC", prod id 41502
[   201.065] (II) DL(0): EDID vendor "VSC", prod id 41502
[   201.065] (II) DL(0): Using hsync ranges from config file
[   201.065] (II) DL(0): Using vrefresh ranges from config file
[   201.065] (II) DL(0): Printing DDC gathered Modelines:
[   201.065] (II) DL(0): Modeline "1680x1050"x0.0  146.25  1680 1784 1960 2240  1050 1053 1059 1089 -hsync +vsync (65.3 kHz)
[   201.065] (II) DL(0): Modeline "800x600"x0.0   40.00  800 840 968 1056  600 601 605 628 +hsync +vsync (37.9 kHz)
[   201.065] (II) DL(0): Modeline "800x600"x0.0   36.00  800 824 896 1024  600 601 603 625 +hsync +vsync (35.2 kHz)
[   201.065] (II) DL(0): Modeline "640x480"x0.0   31.50  640 656 720 840  480 481 484 500 -hsync -vsync (37.5 kHz)
[   201.065] (II) DL(0): Modeline "640x480"x0.0   31.50  640 664 704 832  480 489 492 520 -hsync -vsync (37.9 kHz)
[   201.065] (II) DL(0): Modeline "640x480"x0.0   30.24  640 704 768 864  480 483 486 525 -hsync -vsync (35.0 kHz)
[   201.065] (II) DL(0): Modeline "640x480"x0.0   25.18  640 656 752 800  480 490 492 525 -hsync -vsync (31.5 kHz)
[   201.065] (II) DL(0): Modeline "720x400"x0.0   28.32  720 738 846 900  400 412 414 449 -hsync +vsync (31.5 kHz)
[   201.065] (II) DL(0): Modeline "1280x1024"x0.0  135.00  1280 1296 1440 1688  1024 1025 1028 1066 +hsync +vsync (80.0 kHz)
[   201.065] (II) DL(0): Modeline "1024x768"x0.0   78.75  1024 1040 1136 1312  768 769 772 800 +hsync +vsync (60.0 kHz)
[   201.065] (II) DL(0): Modeline "1024x768"x0.0   75.00  1024 1048 1184 1328  768 771 777 806 -hsync -vsync (56.5 kHz)
[   201.065] (II) DL(0): Modeline "1024x768"x0.0   65.00  1024 1048 1184 1344  768 771 777 806 -hsync -vsync (48.4 kHz)
[   201.065] (II) DL(0): Modeline "832x624"x0.0   57.28  832 864 928 1152  624 625 628 667 -hsync -vsync (49.7 kHz)
[   201.065] (II) DL(0): Modeline "800x600"x0.0   49.50  800 816 896 1056  600 601 604 625 +hsync +vsync (46.9 kHz)
[   201.065] (II) DL(0): Modeline "800x600"x0.0   50.00  800 856 976 1040  600 637 643 666 +hsync +vsync (48.1 kHz)
[   201.065] (II) DL(0): Modeline "1152x864"x0.0  108.00  1152 1216 1344 1600  864 865 868 900 +hsync +vsync (67.5 kHz)
[   201.065] (II) DL(0): Modeline "1600x1200"x0.0  162.00  1600 1664 1856 2160  1200 1201 1204 1250 +hsync +vsync (75.0 kHz)
[   201.065] (II) DL(0): Modeline "1440x900"x0.0  106.50  1440 1520 1672 1904  900 903 909 934 -hsync +vsync (55.9 kHz)
[   201.065] (II) DL(0): Modeline "1400x1050"x0.0  121.75  1400 1488 1632 1864  1050 1053 1057 1089 -hsync +vsync (65.3 kHz)
[   201.065] (II) DL(0): Modeline "1280x1024"x0.0  108.00  1280 1328 1440 1688  1024 1025 1028 1066 +hsync +vsync (64.0 kHz)
[   201.065] (II) DL(0): Modeline "1280x960"x0.0  108.00  1280 1376 1488 1800  960 961 964 1000 +hsync +vsync (60.0 kHz)
[   201.065] (II) DL(0): EDID vendor "VSC", prod id 41502
[   466.793] (II) HP WMI hotkeys: Close
[   466.793] (II) UnloadModule: "evdev"
[   466.793] (II) UnloadModule: "synaptics"
[   466.793] (II) PS/2 Generic Mouse: Close
[   466.793] (II) UnloadModule: "evdev"
[   466.793] (II) AT Translated Set 2 keyboard: Close
[   466.793] (II) UnloadModule: "evdev"
[   466.793] (II) HP Webcam [2 MP Macro]: Close
[   466.793] (II) UnloadModule: "evdev"
[   466.793] (II) Sleep Button: Close
[   466.793] (II) UnloadModule: "evdev"
[   466.793] (II) Video Bus: Close
[   466.793] (II) UnloadModule: "evdev"
[   466.793] (II) Power Button: Close
[   466.793] (II) UnloadModule: "evdev"
[   466.802]  ddxSigGiveUp: Closing log
