[ 12640.668] 
X.Org X Server 1.9.0
Release Date: 2010-08-20
[ 12640.668] X Protocol Version 11, Revision 0
[ 12640.668] Build Operating System: Linux 2.6.24-28-server x86_64 Ubuntu
[ 12640.668] Current Operating System: Linux hp 2.6.35-28-generic #49-Ubuntu SMP Tue Mar 1 14:39:03 UTC 2011 x86_64
[ 12640.668] Kernel command line: BOOT_IMAGE=/boot/vmlinuz-2.6.35-28-generic root=UUID=11247821-df55-4e44-9b48-8d2791c4ac0b ro quiet splash
[ 12640.668] Build Date: 09 January 2011  12:14:27PM
[ 12640.668] xorg-server 2:1.9.0-0ubuntu7.3 (For technical support please see http://www.ubuntu.com/support) 
[ 12640.668] Current version of pixman: 0.18.4
[ 12640.668] 	Before reporting problems, check http://wiki.x.org
	to make sure that you have the latest version.
[ 12640.668] Markers: (--) probed, (**) from config file, (==) default setting,
	(++) from command line, (!!) notice, (II) informational,
	(WW) warning, (EE) error, (NI) not implemented, (??) unknown.
[ 12640.668] (++) Log file: "/var/log/xorg.conf.wretch.log", Time: Tue Mar 29 04:11:58 2011
[ 12640.668] (++) Using config file: "/etc/X11/xorg.conf.wretch"
[ 12640.668] (==) Using system config directory "/usr/share/X11/xorg.conf.d"
[ 12640.668] (==) ServerLayout "Server Layout"
[ 12640.668] (**) |-->Screen "DisplayLinkScreen" (0)
[ 12640.668] (**) |   |-->Monitor "DisplayLinkMonitor"
[ 12640.668] (**) |   |-->Device "DisplayLinkDevice"
[ 12640.668] (**) |-->Screen "Default Screen" (1)
[ 12640.668] (**) |   |-->Monitor "Configured Monitor"
[ 12640.669] (**) |   |-->Device "Configured Video Device"
[ 12640.669] (==) Automatically adding devices
[ 12640.669] (==) Automatically enabling devices
[ 12640.669] (WW) The directory "/usr/share/fonts/X11/cyrillic" does not exist.
[ 12640.669] 	Entry deleted from font path.
[ 12640.669] (==) FontPath set to:
	/usr/share/fonts/X11/misc,
	/usr/share/fonts/X11/100dpi/:unscaled,
	/usr/share/fonts/X11/75dpi/:unscaled,
	/usr/share/fonts/X11/Type1,
	/usr/share/fonts/X11/100dpi,
	/usr/share/fonts/X11/75dpi,
	/var/lib/defoma/x-ttcidfont-conf.d/dirs/TrueType,
	built-ins
[ 12640.669] (**) ModulePath set to "/usr/lib/xorg/modules,/usr/local/lib/xorg/modules"
[ 12640.669] (II) The server relies on udev to provide the list of input devices.
	If no devices become available, reconfigure udev or disable AutoAddDevices.
[ 12640.669] (II) Loader magic: 0x7d17a0
[ 12640.669] (II) Module ABI versions:
[ 12640.669] 	X.Org ANSI C Emulation: 0.4
[ 12640.669] 	X.Org Video Driver: 8.0
[ 12640.669] 	X.Org XInput driver : 11.0
[ 12640.669] 	X.Org Server Extension : 4.0
[ 12640.670] (--) PCI:*(0:1:0:0) 1002:68c0:103c:1521 rev 0, Mem @ 0xc0000000/268435456, 0xd4400000/131072, I/O @ 0x00005000/256, BIOS @ 0x????????/131072
[ 12640.670] (II) Open ACPI successful (/var/run/acpid.socket)
[ 12640.670] (II) LoadModule: "extmod"
[ 12640.670] (II) Loading /usr/lib/xorg/modules/extensions/libextmod.so
[ 12640.670] (II) Module extmod: vendor="X.Org Foundation"
[ 12640.670] 	compiled for 1.9.0, module version = 1.0.0
[ 12640.671] 	Module class: X.Org Server Extension
[ 12640.671] 	ABI class: X.Org Server Extension, version 4.0
[ 12640.671] (II) Loading extension MIT-SCREEN-SAVER
[ 12640.671] (II) Loading extension XFree86-VidModeExtension
[ 12640.671] (II) Loading extension XFree86-DGA
[ 12640.671] (II) Loading extension DPMS
[ 12640.671] (II) Loading extension XVideo
[ 12640.671] (II) Loading extension XVideo-MotionCompensation
[ 12640.671] (II) Loading extension X-Resource
[ 12640.671] (II) LoadModule: "dbe"
[ 12640.671] (II) Loading /usr/lib/xorg/modules/extensions/libdbe.so
[ 12640.671] (II) Module dbe: vendor="X.Org Foundation"
[ 12640.671] 	compiled for 1.9.0, module version = 1.0.0
[ 12640.671] 	Module class: X.Org Server Extension
[ 12640.671] 	ABI class: X.Org Server Extension, version 4.0
[ 12640.671] (II) Loading extension DOUBLE-BUFFER
[ 12640.671] (II) LoadModule: "glx"
[ 12640.671] (II) Loading /usr/lib/xorg/modules/extensions/libglx.so
[ 12640.671] (II) Module glx: vendor="X.Org Foundation"
[ 12640.671] 	compiled for 1.9.0, module version = 1.0.0
[ 12640.671] 	ABI class: X.Org Server Extension, version 4.0
[ 12640.671] (==) AIGLX enabled
[ 12640.671] (II) Loading extension GLX
[ 12640.671] (II) LoadModule: "record"
[ 12640.672] (II) Loading /usr/lib/xorg/modules/extensions/librecord.so
[ 12640.672] (II) Module record: vendor="X.Org Foundation"
[ 12640.672] 	compiled for 1.9.0, module version = 1.13.0
[ 12640.672] 	Module class: X.Org Server Extension
[ 12640.672] 	ABI class: X.Org Server Extension, version 4.0
[ 12640.672] (II) Loading extension RECORD
[ 12640.672] (II) LoadModule: "dri"
[ 12640.672] (II) Loading /usr/lib/xorg/modules/extensions/libdri.so
[ 12640.672] (II) Module dri: vendor="X.Org Foundation"
[ 12640.672] 	compiled for 1.9.0, module version = 1.0.0
[ 12640.672] 	ABI class: X.Org Server Extension, version 4.0
[ 12640.672] (II) Loading extension XFree86-DRI
[ 12640.672] (II) LoadModule: "dri2"
[ 12640.672] (II) Loading /usr/lib/xorg/modules/extensions/libdri2.so
[ 12640.672] (II) Module dri2: vendor="X.Org Foundation"
[ 12640.672] 	compiled for 1.9.0, module version = 1.2.0
[ 12640.672] 	ABI class: X.Org Server Extension, version 4.0
[ 12640.672] (II) Loading extension DRI2
[ 12640.672] (II) LoadModule: "displaylink"
[ 12640.673] (II) Loading /usr/lib/xorg/modules/drivers/displaylink_drv.so
[ 12640.673] (II) Module displaylink: vendor="X.Org Foundation"
[ 12640.673] 	compiled for 1.8.99.905, module version = 0.0.1
[ 12640.673] 	ABI class: X.Org Video Driver, version 8.0
[ 12640.673] (II) DL: driver for : displaylink
[ 12640.673] (--) using VT number 8

[ 12642.776] (WW) Falling back to old probe method for displaylink
[ 12642.776] (II) Loading sub module "fbdevhw"
[ 12642.776] (II) LoadModule: "fbdevhw"
[ 12642.776] (II) Loading /usr/lib/xorg/modules/libfbdevhw.so
[ 12642.776] (II) Module fbdevhw: vendor="X.Org Foundation"
[ 12642.776] 	compiled for 1.9.0, module version = 0.0.2
[ 12642.776] 	ABI class: X.Org Video Driver, version 8.0
[ 12642.776] (EE) open /dev/fb0: No such file or directory
[ 12642.776] (EE) No devices detected.
[ 12642.777] 
Fatal server error:
[ 12642.777] no screens found
[ 12642.777] 
Please consult the The X.Org Foundation support 
	 at http://wiki.x.org
 for help. 
[ 12642.777] Please also check the log file at "/var/log/xorg.conf.wretch.log" for additional information.
[ 12642.777] 
