[  7646.669] 
X.Org X Server 1.9.0
Release Date: 2010-08-20
[  7646.669] X Protocol Version 11, Revision 0
[  7646.669] Build Operating System: Linux 2.6.24-28-server x86_64 Ubuntu
[  7646.669] Current Operating System: Linux hp 2.6.35-28-generic #49-Ubuntu SMP Tue Mar 1 14:39:03 UTC 2011 x86_64
[  7646.669] Kernel command line: BOOT_IMAGE=/boot/vmlinuz-2.6.35-28-generic root=UUID=11247821-df55-4e44-9b48-8d2791c4ac0b ro quiet splash
[  7646.669] Build Date: 09 January 2011  12:14:27PM
[  7646.669] xorg-server 2:1.9.0-0ubuntu7.3 (For technical support please see http://www.ubuntu.com/support) 
[  7646.669] Current version of pixman: 0.18.4
[  7646.669] 	Before reporting problems, check http://wiki.x.org
	to make sure that you have the latest version.
[  7646.669] Markers: (--) probed, (**) from config file, (==) default setting,
	(++) from command line, (!!) notice, (II) informational,
	(WW) warning, (EE) error, (NI) not implemented, (??) unknown.
[  7646.669] (++) Log file: "/var/log/xorg.conf.3x.log", Time: Tue Mar 29 02:48:44 2011
[  7646.669] (++) Using config file: "/etc/X11/xorg.conf.3x"
[  7646.669] (==) Using system config directory "/usr/share/X11/xorg.conf.d"
[  7646.670] (==) ServerLayout "Nvidia-Layout"
[  7646.670] (**) |-->Screen "DisplayLinkScreen" (0)
[  7646.670] (**) |   |-->Monitor "DisplayLinkMonitor"
[  7646.670] (**) |   |-->Device "DisplayLinkDevice"
[  7646.670] (**) |-->Screen "Screen1" (1)
[  7646.670] (**) |   |-->Monitor "VX2235wm1"
[  7646.670] (**) |   |-->Device "Default Device"
[  7646.670] (**) Option "Xinerama" "off"
[  7646.670] (==) Automatically adding devices
[  7646.670] (==) Automatically enabling devices
[  7646.670] (WW) The directory "/usr/share/fonts/X11/cyrillic" does not exist.
[  7646.670] 	Entry deleted from font path.
[  7646.670] (==) FontPath set to:
	/usr/share/fonts/X11/misc,
	/usr/share/fonts/X11/100dpi/:unscaled,
	/usr/share/fonts/X11/75dpi/:unscaled,
	/usr/share/fonts/X11/Type1,
	/usr/share/fonts/X11/100dpi,
	/usr/share/fonts/X11/75dpi,
	/var/lib/defoma/x-ttcidfont-conf.d/dirs/TrueType,
	built-ins
[  7646.670] (==) ModulePath set to "/usr/lib/xorg/extra-modules,/usr/lib/xorg/modules"
[  7646.670] (II) The server relies on udev to provide the list of input devices.
	If no devices become available, reconfigure udev or disable AutoAddDevices.
[  7646.670] (II) Loader magic: 0x7d17a0
[  7646.670] (II) Module ABI versions:
[  7646.670] 	X.Org ANSI C Emulation: 0.4
[  7646.670] 	X.Org Video Driver: 8.0
[  7646.670] 	X.Org XInput driver : 11.0
[  7646.670] 	X.Org Server Extension : 4.0
[  7646.671] (--) PCI:*(0:1:0:0) 1002:68c0:103c:1521 rev 0, Mem @ 0xc0000000/268435456, 0xd4400000/131072, I/O @ 0x00005000/256, BIOS @ 0x????????/131072
[  7646.672] (II) Open ACPI successful (/var/run/acpid.socket)
[  7646.672] (II) "extmod" will be loaded by default.
[  7646.672] (II) "dbe" will be loaded by default.
[  7646.672] (II) "glx" will be loaded. This was enabled by default and also specified in the config file.
[  7646.672] (II) "record" will be loaded by default.
[  7646.672] (II) "dri" will be loaded by default.
[  7646.672] (II) "dri2" will be loaded by default.
[  7646.672] (II) LoadModule: "glx"
[  7646.672] (II) Loading /usr/lib/xorg/extra-modules/modules/extensions/libglx.so
[  7646.672] (II) Module glx: vendor="FireGL - ATI Technologies Inc."
[  7646.672] 	compiled for 7.6.0, module version = 1.0.0
[  7646.672] (II) Loading extension GLX
[  7646.672] (II) LoadModule: "extmod"
[  7646.673] (II) Loading /usr/lib/xorg/modules/extensions/libextmod.so
[  7646.673] (II) Module extmod: vendor="X.Org Foundation"
[  7646.673] 	compiled for 1.9.0, module version = 1.0.0
[  7646.673] 	Module class: X.Org Server Extension
[  7646.673] 	ABI class: X.Org Server Extension, version 4.0
[  7646.673] (II) Loading extension MIT-SCREEN-SAVER
[  7646.673] (II) Loading extension XFree86-VidModeExtension
[  7646.673] (II) Loading extension XFree86-DGA
[  7646.673] (II) Loading extension DPMS
[  7646.673] (II) Loading extension XVideo
[  7646.673] (II) Loading extension XVideo-MotionCompensation
[  7646.673] (II) Loading extension X-Resource
[  7646.673] (II) LoadModule: "dbe"
[  7646.673] (II) Loading /usr/lib/xorg/modules/extensions/libdbe.so
[  7646.673] (II) Module dbe: vendor="X.Org Foundation"
[  7646.673] 	compiled for 1.9.0, module version = 1.0.0
[  7646.673] 	Module class: X.Org Server Extension
[  7646.673] 	ABI class: X.Org Server Extension, version 4.0
[  7646.673] (II) Loading extension DOUBLE-BUFFER
[  7646.673] (II) LoadModule: "record"
[  7646.674] (II) Loading /usr/lib/xorg/modules/extensions/librecord.so
[  7646.674] (II) Module record: vendor="X.Org Foundation"
[  7646.674] 	compiled for 1.9.0, module version = 1.13.0
[  7646.674] 	Module class: X.Org Server Extension
[  7646.674] 	ABI class: X.Org Server Extension, version 4.0
[  7646.674] (II) Loading extension RECORD
[  7646.674] (II) LoadModule: "dri"
[  7646.674] (II) Loading /usr/lib/xorg/modules/extensions/libdri.so
[  7646.674] (II) Module dri: vendor="X.Org Foundation"
[  7646.674] 	compiled for 1.9.0, module version = 1.0.0
[  7646.674] 	ABI class: X.Org Server Extension, version 4.0
[  7646.674] (II) Loading extension XFree86-DRI
[  7646.674] (II) LoadModule: "dri2"
[  7646.674] (II) Loading /usr/lib/xorg/modules/extensions/libdri2.so
[  7646.675] (II) Module dri2: vendor="X.Org Foundation"
[  7646.675] 	compiled for 1.9.0, module version = 1.2.0
[  7646.675] 	ABI class: X.Org Server Extension, version 4.0
[  7646.675] (II) Loading extension DRI2
[  7646.675] (II) LoadModule: "displaylink"
[  7646.675] (II) Loading /usr/lib/xorg/modules/drivers/displaylink_drv.so
[  7646.675] (II) Module displaylink: vendor="X.Org Foundation"
[  7646.675] 	compiled for 1.8.99.905, module version = 0.0.1
[  7646.675] 	ABI class: X.Org Video Driver, version 8.0
[  7646.675] (II) LoadModule: "fglrx"
[  7646.675] (II) Loading /usr/lib/xorg/extra-modules/modules/drivers/fglrx_drv.so
[  7646.691] (II) Module fglrx: vendor="FireGL - ATI Technologies Inc."
[  7646.691] 	compiled for 1.4.99.906, module version = 8.78.30
[  7646.691] 	Module class: X.Org Video Driver
[  7646.692] (II) Loading sub module "fglrxdrm"
[  7646.692] (II) LoadModule: "fglrxdrm"
[  7646.692] (II) Loading /usr/lib/xorg/extra-modules/modules/linux/libfglrxdrm.so
[  7646.692] (II) Module fglrxdrm: vendor="FireGL - ATI Technologies Inc."
[  7646.692] 	compiled for 1.8.99.905, module version = 8.78.30
[  7646.692] (II) DL: driver for : displaylink
[  7646.692] (II) ATI Proprietary Linux Driver Version Identifier:8.78.30
[  7646.692] (II) ATI Proprietary Linux Driver Release Identifier: 8.78.3                               
[  7646.692] (II) ATI Proprietary Linux Driver Build Date: Sep 20 2010 21:31:08
[  7646.694] (--) using VT number 8

[  7648.826] (WW) Falling back to old probe method for displaylink
[  7648.826] (II) Loading sub module "fbdevhw"
[  7648.826] (II) LoadModule: "fbdevhw"
[  7648.826] (II) Loading /usr/lib/xorg/modules/libfbdevhw.so
[  7648.826] (II) Module fbdevhw: vendor="X.Org Foundation"
[  7648.826] 	compiled for 1.9.0, module version = 0.0.2
[  7648.826] 	ABI class: X.Org Video Driver, version 8.0
[  7648.826] (EE) open /dev/fb0: No such file or directory
[  7648.826] (WW) Falling back to old probe method for fglrx
[  7648.830] (II) Loading PCS database from /etc/ati/amdpcsdb
[  7648.830] (--) Assigning device section with no busID to primary device
[  7648.830] (--) Chipset Supported AMD Graphics Processor (0x68C0) found
[  7648.830] (WW) fglrx: No matching Device section for instance (BusID PCI:0@1:0:1) found
[  7648.830] (II) AMD Video driver is running on a device belonging to a group targeted for this release
[  7648.830] (II) AMD Video driver is signed
[  7648.830] (II) fglrx(0): pEnt->device->identifier=0x23eeb50
[  7648.831] (II) fglrx(0): === [xdl_x760_atiddxPreInit] === begin
[  7648.831] (II) Loading sub module "vgahw"
[  7648.831] (II) LoadModule: "vgahw"
[  7648.831] (II) Loading /usr/lib/xorg/modules/libvgahw.so
[  7648.831] (II) Module vgahw: vendor="X.Org Foundation"
[  7648.831] 	compiled for 1.9.0, module version = 0.1.0
[  7648.831] 	ABI class: X.Org Video Driver, version 8.0
[  7648.831] (**) fglrx(0): Depth 24, (--) framebuffer bpp 32
[  7648.831] (II) fglrx(0): Pixel depth = 24 bits stored in 4 bytes (32 bpp pixmaps)
[  7648.831] (==) fglrx(0): Default visual is TrueColor
[  7648.831] (**) fglrx(0): Option "DPMS"
[  7648.831] (==) fglrx(0): RGB weight 888
[  7648.831] (II) fglrx(0): Using 8 bits per RGB 
[  7648.831] (==) fglrx(0): Buffer Tiling is ON
[  7648.831] (II) Loading sub module "fglrxdrm"
[  7648.831] (II) LoadModule: "fglrxdrm"
[  7648.831] (II) Reloading /usr/lib/xorg/extra-modules/modules/linux/libfglrxdrm.so
[  7648.833] ukiDynamicMajor: found major device number 250
[  7648.833] ukiDynamicMajor: found major device number 250
[  7648.833] ukiOpenByBusid: Searching for BusID PCI:1:0:0
[  7648.833] ukiOpenDevice: node name is /dev/ati/card0
[  7648.833] ukiOpenDevice: open result is 13, (OK)
[  7648.833] ukiOpenByBusid: ukiOpenMinor returns 13
[  7648.833] ukiOpenByBusid: ukiGetBusid reports PCI:1:0:0
[  7648.833] (==) fglrx(0): NoAccel = NO
[  7648.833] (==) fglrx(0): ATI 2D Acceleration Architecture enabled
[  7648.833] (--) fglrx(0): Chipset: "ATI Mobility Radeon HD 5000" (Chipset = 0x68c0)
[  7648.833] (--) fglrx(0): (PciSubVendor = 0x103c, PciSubDevice = 0x1521)
[  7648.833] (==) fglrx(0): board vendor info: third party graphics adapter - NOT original ATI
[  7648.833] (--) fglrx(0): Linear framebuffer (phys) at 0xc0000000
[  7648.833] (--) fglrx(0): MMIO registers at 0xd4400000
[  7648.833] (--) fglrx(0): I/O port at 0x00005000
[  7648.833] (==) fglrx(0): ROM-BIOS at 0x000c0000
[  7648.834] (II) fglrx(0): AC Adapter is used
[  7648.837] (II) fglrx(0): Primary V_BIOS segment is: 0xc000
[  7648.923] (II) Loading sub module "vbe"
[  7648.923] (II) LoadModule: "vbe"
[  7648.923] (II) Loading /usr/lib/xorg/modules/libvbe.so
[  7648.923] (II) Module vbe: vendor="X.Org Foundation"
[  7648.923] 	compiled for 1.9.0, module version = 1.1.0
[  7648.923] 	ABI class: X.Org Video Driver, version 8.0
[  7648.924] (II) fglrx(0): VESA BIOS detected
[  7648.924] (II) fglrx(0): VbeVersion is 768, OemStringPtr is 0xc0000214,
	OemVendorNamePtr is 0xc0000129, OemProductNamePtr is 0xc00000b5,
	OemProductRevPtr is 0xc0004ee2
[  7648.924] (II) fglrx(0): VESA VBE Version 3.0
[  7648.924] (II) fglrx(0): VESA VBE Total Mem: 16384 kB
[  7648.924] (II) fglrx(0): VESA VBE OEM: ATI ATOMBIOS
[  7648.924] (II) fglrx(0): VESA VBE OEM Software Rev: 12.20
[  7648.924] (II) fglrx(0): VESA VBE OEM Vendor: (C) 1988-2005, ATI Technologies Inc. 
[  7648.924] (II) fglrx(0): VESA VBE OEM Product: FGL MADISON
[  7648.924] (II) fglrx(0): VESA VBE OEM Product Rev: 01.00
[  7648.965] (II) fglrx(0): ATI Video BIOS revision 9 or later detected
[  7648.965] (--) fglrx(0): Video RAM: 1048576 kByte, Type: DDR3
[  7648.965] (II) fglrx(0): PCIE card detected
[  7648.965] (--) fglrx(0): Using per-process page tables (PPPT) as GART.
[  7648.965] (WW) fglrx(0): board is an unknown third party board, chipset is supported
[  7648.965] (II) fglrx(0): Using adapter: 1:0.0.
[  7648.965] (II) fglrx(0): [FB] MC range(MCFBBase = 0xf00000000, MCFBSize = 0x40000000)
[  7648.965] (II) fglrx(0): Interrupt handler installed at IRQ 49.
[  7648.965] (II) fglrx(0): RandR 1.2 support is enabled!
[  7648.965] (II) fglrx(0): RandR 1.2 rotation support is enabled!
[  7648.965] (==) fglrx(0): Center Mode is disabled 
[  7648.965] (II) Loading sub module "fb"
[  7648.965] (II) LoadModule: "fb"
[  7648.966] (II) Loading /usr/lib/xorg/modules/libfb.so
[  7648.966] (II) Module fb: vendor="X.Org Foundation"
[  7648.966] 	compiled for 1.9.0, module version = 1.0.0
[  7648.966] 	ABI class: X.Org ANSI C Emulation, version 0.4
[  7648.966] (==) fglrx(0): Active stereo disabled
[  7648.966] (II) Loading sub module "ddc"
[  7648.966] (II) LoadModule: "ddc"
[  7648.966] (II) Module "ddc" already built-in
[  7649.226] (II) fglrx(0): Finished Initialize PPLIB!
[  7649.226] (II) fglrx(0): Output LVDS using monitor section VX2235wm1
[  7649.226] (II) fglrx(0): Output DFP1 has no monitor section
[  7649.226] (II) fglrx(0): Output DFP2 has no monitor section
[  7649.226] (II) fglrx(0): Output DFP3 has no monitor section
[  7649.226] (II) fglrx(0): Output CRT1 has no monitor section
[  7649.226] (II) Loading sub module "ddc"
[  7649.226] (II) LoadModule: "ddc"
[  7649.226] (II) Module "ddc" already built-in
[  7649.226] (II) fglrx(0): Connected Display0: LVDS
[  7649.226] (II) fglrx(0): Display0 EDID data ---------------------------
[  7649.226] (II) fglrx(0): Manufacturer: AUO  Model: 1ee  Serial#: 0
[  7649.226] (II) fglrx(0): Year: 2008  Week: 1
[  7649.226] (II) fglrx(0): EDID Version: 1.3
[  7649.226] (II) fglrx(0): Digital Display Input
[  7649.226] (II) fglrx(0): Max Image Size [cm]: horiz.: 34  vert.: 19
[  7649.226] (II) fglrx(0): Gamma: 2.20
[  7649.226] (II) fglrx(0): No DPMS capabilities specified
[  7649.226] (II) fglrx(0): Supported color encodings: RGB 4:4:4 YCrCb 4:4:4 
[  7649.226] (II) fglrx(0): First detailed timing is preferred mode
[  7649.226] (II) fglrx(0): redX: 0.628 redY: 0.350   greenX: 0.341 greenY: 0.570
[  7649.226] (II) fglrx(0): blueX: 0.151 blueY: 0.053   whiteX: 0.313 whiteY: 0.329
[  7649.226] (II) fglrx(0): Manufacturer's mask: 0
[  7649.226] (II) fglrx(0): Supported detailed timing:
[  7649.226] (II) fglrx(0): clock: 107.8 MHz   Image Size:  344 x 193 mm
[  7649.226] (II) fglrx(0): h_active: 1600  h_sync: 1664  h_sync_end 1706 h_blank_end 1970 h_border: 0
[  7649.226] (II) fglrx(0): v_active: 900  v_sync: 903  v_sync_end 906 v_blanking: 912 v_border: 0
[  7649.226] (II) fglrx(0): Unknown vendor-specific block f
[  7649.226] (II) fglrx(0):  AUO
[  7649.226] (II) fglrx(0):  B156RW01 V1
[  7649.226] (II) fglrx(0): EDID (in hex):
[  7649.226] (II) fglrx(0): 	00ffffffffffff0006afee0100000000
[  7649.226] (II) fglrx(0): 	01120103802213780ae4e5a059579226
[  7649.226] (II) fglrx(0): 	0d505400000001010101010101010101
[  7649.226] (II) fglrx(0): 	0101010101011c2a407261840c30402a
[  7649.226] (II) fglrx(0): 	330058c1100000180000000f00000000
[  7649.226] (II) fglrx(0): 	00000000000000000020000000fe0041
[  7649.226] (II) fglrx(0): 	554f0a202020202020202020000000fe
[  7649.226] (II) fglrx(0): 	004231353652573031205631200a0098
[  7649.226] (II) fglrx(0): End of Display0 EDID data --------------------
[  7649.226] (II) fglrx(0): Connected Display1: CRT1
[  7649.226] (II) fglrx(0): Display1 EDID data ---------------------------
[  7649.226] (II) fglrx(0): Manufacturer: VSC  Model: 2051  Serial#: 16843009
[  7649.226] (II) fglrx(0): Year: 2008  Week: 17
[  7649.226] (II) fglrx(0): EDID Version: 1.3
[  7649.226] (II) fglrx(0): Analog Display Input,  Input Voltage Level: 0.700/0.300 V
[  7649.226] (II) fglrx(0): Sync:  Separate  Composite  SyncOnGreen
[  7649.226] (II) fglrx(0): Max Image Size [cm]: horiz.: 49  vert.: 29
[  7649.226] (II) fglrx(0): Gamma: 2.20
[  7649.226] (II) fglrx(0): DPMS capabilities: Off; RGB/Color Display
[  7649.226] (II) fglrx(0): Default color space is primary color space
[  7649.226] (II) fglrx(0): First detailed timing is preferred mode
[  7649.226] (II) fglrx(0): redX: 0.651 redY: 0.330   greenX: 0.267 greenY: 0.630
[  7649.226] (II) fglrx(0): blueX: 0.145 blueY: 0.080   whiteX: 0.313 whiteY: 0.329
[  7649.226] (II) fglrx(0): Supported established timings:
[  7649.226] (II) fglrx(0): 720x400@70Hz
[  7649.226] (II) fglrx(0): 640x480@60Hz
[  7649.226] (II) fglrx(0): 640x480@67Hz
[  7649.226] (II) fglrx(0): 640x480@72Hz
[  7649.226] (II) fglrx(0): 640x480@75Hz
[  7649.226] (II) fglrx(0): 800x600@56Hz
[  7649.226] (II) fglrx(0): 800x600@60Hz
[  7649.226] (II) fglrx(0): 800x600@72Hz
[  7649.226] (II) fglrx(0): 800x600@75Hz
[  7649.226] (II) fglrx(0): 832x624@75Hz
[  7649.226] (II) fglrx(0): 1024x768@60Hz
[  7649.226] (II) fglrx(0): 1024x768@70Hz
[  7649.226] (II) fglrx(0): 1024x768@75Hz
[  7649.226] (II) fglrx(0): 1280x1024@75Hz
[  7649.226] (II) fglrx(0): 1152x864@75Hz
[  7649.226] (II) fglrx(0): Manufacturer's mask: 0
[  7649.226] (II) fglrx(0): Supported standard timings:
[  7649.226] (II) fglrx(0): #0: hsize: 1680  vsize 1050  refresh: 60  vid: 179
[  7649.226] (II) fglrx(0): #1: hsize: 1600  vsize 1200  refresh: 60  vid: 16553
[  7649.226] (II) fglrx(0): #2: hsize: 1280  vsize 1024  refresh: 60  vid: 32897
[  7649.226] (II) fglrx(0): #3: hsize: 1280  vsize 960  refresh: 60  vid: 16513
[  7649.226] (II) fglrx(0): #4: hsize: 1152  vsize 864  refresh: 75  vid: 20337
[  7649.226] (II) fglrx(0): Supported detailed timing:
[  7649.226] (II) fglrx(0): clock: 146.2 MHz   Image Size:  495 x 291 mm
[  7649.226] (II) fglrx(0): h_active: 1680  h_sync: 1784  h_sync_end 1960 h_blank_end 2240 h_border: 0
[  7649.226] (II) fglrx(0): v_active: 1050  v_sync: 1053  v_sync_end 1059 v_blanking: 1089 v_border: 0
[  7649.226] (II) fglrx(0): Serial No: QZR081744562
[  7649.226] (II) fglrx(0): Ranges: V min: 50 V max: 75 Hz, H min: 30 H max: 82 kHz, PixClock max 175 MHz
[  7649.226] (II) fglrx(0): Monitor name: VA2226w-11
[  7649.226] (II) fglrx(0): EDID (in hex):
[  7649.226] (II) fglrx(0): 	00ffffffffffff005a63512001010101
[  7649.226] (II) fglrx(0): 	111201030e311d782ee525a65444a125
[  7649.226] (II) fglrx(0): 	145054bfef80b300a94081808140714f
[  7649.226] (II) fglrx(0): 	01010101010121399030621a274068b0
[  7649.226] (II) fglrx(0): 	3600ef231100001c000000ff00515a52
[  7649.226] (II) fglrx(0): 	3038313734343536320a000000fd0032
[  7649.227] (II) fglrx(0): 	4b1e5211000a202020202020000000fc
[  7649.227] (II) fglrx(0): 	00564132323236772d31310a202000ba
[  7649.227] (II) fglrx(0): End of Display1 EDID data --------------------
[  7649.249] (II) fglrx(0): EDID vendor "AUO", prod id 494
[  7649.249] (II) fglrx(0): Printing DDC gathered Modelines:
[  7649.249] (II) fglrx(0): Modeline "1600x900"x0.0  107.80  1600 1664 1706 1970  900 903 906 912 -hsync -vsync (54.7 kHz)
[  7649.249] (II) fglrx(0): Output LVDS connected
[  7649.249] (II) fglrx(0): Output DFP1 disconnected
[  7649.249] (II) fglrx(0): Output DFP2 disconnected
[  7649.249] (II) fglrx(0): Output DFP3 disconnected
[  7649.249] (II) fglrx(0): Output CRT1 connected
[  7649.249] (II) fglrx(0): Using user preference for initial modes
[  7649.249] (II) fglrx(0): Output LVDS using initial mode 1600x900
[  7649.249] (II) fglrx(0): Output CRT1 using initial mode 1680x1050
[  7649.249] (II) fglrx(0): Display dimensions: (340, 190) mm
[  7649.249] (II) fglrx(0): DPI set to (120, 120)
[  7649.249] (II) fglrx(0): Eyefinity capable adapter detected.
[  7649.249] (II) fglrx(0): Adapter ATI Mobility Radeon HD 5000 has 5 configurable heads and 2 displays connected.
[  7649.249] (==) fglrx(0):  PseudoColor visuals disabled
[  7649.249] (II) Loading sub module "ramdac"
[  7649.249] (II) LoadModule: "ramdac"
[  7649.249] (II) Module "ramdac" already built-in
[  7649.249] (==) fglrx(0): NoDRI = NO
[  7649.249] (==) fglrx(0): Capabilities: 0x00000000
[  7649.249] (==) fglrx(0): CapabilitiesEx: 0x00000000
[  7649.249] (==) fglrx(0): OpenGL ClientDriverName: "fglrx_dri.so"
[  7649.249] (==) fglrx(0): UseFastTLS=0
[  7649.249] (==) fglrx(0): BlockSignalsOnLock=1
[  7649.249] (II) UnloadModule: "displaylink"
[  7649.249] (II) Unloading /usr/lib/xorg/modules/drivers/displaylink_drv.so
[  7649.249] (II) UnloadModule: "fbdevhw"
[  7649.249] (II) Unloading /usr/lib/xorg/modules/libfbdevhw.so
[  7649.249] (--) Depth 24 pixmap format is 32 bpp
[  7649.249] (II) Loading extension ATIFGLRXDRI
[  7649.249] (II) fglrx(0): doing swlDriScreenInit
[  7649.249] (II) fglrx(0): swlDriScreenInit for fglrx driver
[  7649.249] ukiDynamicMajor: found major device number 250
[  7649.249] ukiDynamicMajor: found major device number 250
[  7649.249] ukiDynamicMajor: found major device number 250
[  7649.249] ukiOpenByBusid: Searching for BusID PCI:1:0:0
[  7649.249] ukiOpenDevice: node name is /dev/ati/card0
[  7649.249] ukiOpenDevice: open result is 18, (OK)
[  7649.249] ukiOpenByBusid: ukiOpenMinor returns 18
[  7649.249] ukiOpenByBusid: ukiGetBusid reports PCI:1:0:0
[  7649.249] (II) fglrx(0): [uki] DRM interface version 1.0
[  7649.250] (II) fglrx(0): [uki] created "fglrx" driver at busid "PCI:1:0:0"
[  7649.250] (II) fglrx(0): [uki] added 8192 byte SAREA at 0x174b6000
[  7649.250] (II) fglrx(0): [uki] mapped SAREA 0x174b6000 to 0x7f16b290e000
[  7649.250] (II) fglrx(0): [uki] framebuffer handle = 0x3000
[  7649.250] (II) fglrx(0): [uki] added 1 reserved context for kernel
[  7649.250] (II) fglrx(0): swlDriScreenInit done
[  7649.250] (II) fglrx(0): Kernel Module Version Information:
[  7649.250] (II) fglrx(0):     Name: fglrx
[  7649.250] (II) fglrx(0):     Version: 8.78.30
[  7649.250] (II) fglrx(0):     Date: Sep 20 2010
[  7649.250] (II) fglrx(0):     Desc: ATI FireGL DRM kernel module
[  7649.250] (II) fglrx(0): Kernel Module version matches driver.
[  7649.250] (II) fglrx(0): Kernel Module Build Time Information:
[  7649.250] (II) fglrx(0):     Build-Kernel UTS_RELEASE:        2.6.35-28-generic
[  7649.250] (II) fglrx(0):     Build-Kernel MODVERSIONS:        yes
[  7649.250] (II) fglrx(0):     Build-Kernel __SMP__:            yes
[  7649.250] (II) fglrx(0):     Build-Kernel PAGE_SIZE:          0x1000
[  7649.250] (II) fglrx(0): [uki] register handle = 0x00004000
[  7649.250] (II) fglrx(0): FIREGL Board Found
[  7649.253] (II) fglrx(0): DRI initialization successfull
[  7649.253] (II) fglrx(0): FBADPhys: 0xf03486000 FBMappedSize: 0x01298000
[  7649.253] (II) fglrx(0): FBMM initialized for area (0,0)-(2176,2240)
[  7649.253] (II) fglrx(0): FBMM auto alloc for area (0,0)-(2176,2048) (front color buffer - assumption)
[  7649.253] (II) fglrx(0): Largest offscreen area available: 2176 x 192
[  7649.253] (==) fglrx(0): Backing store disabled
[  7649.253] (II) Loading extension FGLRXEXTENSION
[  7649.253] (**) fglrx(0): DPMS enabled
[  7649.253] (II) fglrx(0): Initialized in-driver Xinerama extension
[  7649.253] (**) fglrx(0): Textured Video is enabled.
[  7649.253] (II) LoadModule: "glesx"
[  7649.253] (II) Loading /usr/lib/xorg/extra-modules/modules/glesx.so
[  7649.254] (II) Module glesx: vendor="X.Org Foundation"
[  7649.254] 	compiled for 1.8.99.905, module version = 1.0.0
[  7649.254] (II) Loading extension GLESX
[  7649.254] (II) fglrx(0): GLESX enableFlags = 592
[  7649.254] (II) fglrx(0): GLESX is enabled
[  7649.254] (II) fglrx(0): Acceleration enabled
[  7649.254] (II) LoadModule: "amdxmm"
[  7649.254] (II) Loading /usr/lib/xorg/extra-modules/modules/amdxmm.so
[  7649.254] (II) Module amdxmm: vendor="X.Org Foundation"
[  7649.254] 	compiled for 1.8.99.905, module version = 1.0.0
[  7649.254] (II) Loading extension AMDXVOPL
[  7649.255] (II) fglrx(0): UVD2 feature is available
[  7649.256] (II) fglrx(0): Enable composite support successfully
[  7649.256] (II) fglrx(0): X context handle = 0xf
[  7649.256] (II) fglrx(0): [DRI] installation complete
[  7649.256] (==) fglrx(0): Silken mouse enabled
[  7649.257] (==) fglrx(0): Using HW cursor of display infrastructure!
[  7649.257] (II) fglrx(0): Disabling in-server RandR and enabling in-driver RandR 1.2.
[  7649.257] (II) fglrx(0): 'LVDS LCD' ConnectorType, abstracted as 'Panel'
[  7649.257] (II) fglrx(0): 'eDP LCD' ConnectorType, abstracted as 'Panel'
[  7650.258] (--) RandR disabled
[  7650.258] (II) Initializing built-in extension Generic Event Extension
[  7650.258] (II) Initializing built-in extension SHAPE
[  7650.258] (II) Initializing built-in extension MIT-SHM
[  7650.258] (II) Initializing built-in extension XInputExtension
[  7650.258] (II) Initializing built-in extension XTEST
[  7650.258] (II) Initializing built-in extension BIG-REQUESTS
[  7650.258] (II) Initializing built-in extension SYNC
[  7650.258] (II) Initializing built-in extension XKEYBOARD
[  7650.258] (II) Initializing built-in extension XC-MISC
[  7650.258] (II) Initializing built-in extension SECURITY
[  7650.258] (II) Initializing built-in extension XINERAMA
[  7650.258] (II) Initializing built-in extension XFIXES
[  7650.258] (II) Initializing built-in extension RENDER
[  7650.258] (II) Initializing built-in extension RANDR
[  7650.258] (II) Initializing built-in extension COMPOSITE
[  7650.258] (II) Initializing built-in extension DAMAGE
[  7650.258] (II) Initializing built-in extension GESTURE
[  7650.269] ukiDynamicMajor: found major device number 250
[  7650.269] ukiDynamicMajor: found major device number 250
[  7650.269] ukiOpenByBusid: Searching for BusID PCI:1:0:0
[  7650.269] ukiOpenDevice: node name is /dev/ati/card0
[  7650.269] ukiOpenDevice: open result is 19, (OK)
[  7650.269] ukiOpenByBusid: ukiOpenMinor returns 19
[  7650.269] ukiOpenByBusid: ukiGetBusid reports PCI:1:0:0
[  7650.314] (II) AIGLX: Loaded and initialized /usr/lib64/dri/fglrx_dri.so
[  7650.314] (II) GLX: Initialized DRI GL provider for screen 0
[  7650.314] (II) fglrx(0): Enable the clock gating!
[  7650.314] (II) fglrx(0): Setting screen physical size to 444 x 277
[  7650.326] (II) XKB: reuse xkmfile /var/lib/xkb/server-B20D7FC79C7F597315E3E501AEF10E0D866E8E92.xkm
[  7650.326] (II) XKB: Reusing cached keymap
[  7650.332] (II) config/udev: Adding input device Power Button (/dev/input/event2)
[  7650.332] (**) Power Button: Applying InputClass "evdev keyboard catchall"
[  7650.332] (II) LoadModule: "evdev"
[  7650.332] (II) Loading /usr/lib/xorg/modules/input/evdev_drv.so
[  7650.332] (II) Module evdev: vendor="X.Org Foundation"
[  7650.332] 	compiled for 1.9.0, module version = 2.3.2
[  7650.332] 	Module class: X.Org XInput Driver
[  7650.332] 	ABI class: X.Org XInput driver, version 11.0
[  7650.332] (**) Power Button: always reports core events
[  7650.332] (**) Power Button: Device: "/dev/input/event2"
[  7650.380] (II) Power Button: Found keys
[  7650.380] (II) Power Button: Configuring as keyboard
[  7650.380] (II) XINPUT: Adding extended input device "Power Button" (type: KEYBOARD)
[  7650.380] (**) Option "xkb_rules" "evdev"
[  7650.380] (**) Option "xkb_model" "pc105"
[  7650.380] (**) Option "xkb_layout" "us"
[  7650.380] (II) XKB: Reusing cached keymap
[  7650.381] (II) config/udev: Adding input device Video Bus (/dev/input/event5)
[  7650.381] (**) Video Bus: Applying InputClass "evdev keyboard catchall"
[  7650.381] (**) Video Bus: always reports core events
[  7650.381] (**) Video Bus: Device: "/dev/input/event5"
[  7650.470] (II) Video Bus: Found keys
[  7650.470] (II) Video Bus: Configuring as keyboard
[  7650.470] (II) XINPUT: Adding extended input device "Video Bus" (type: KEYBOARD)
[  7650.470] (**) Option "xkb_rules" "evdev"
[  7650.470] (**) Option "xkb_model" "pc105"
[  7650.470] (**) Option "xkb_layout" "us"
[  7650.470] (II) XKB: Reusing cached keymap
[  7650.471] (II) config/udev: Adding input device Lid Switch (/dev/input/event1)
[  7650.471] (II) No input driver/identifier specified (ignoring)
[  7650.471] (II) config/udev: Adding input device Sleep Button (/dev/input/event0)
[  7650.471] (**) Sleep Button: Applying InputClass "evdev keyboard catchall"
[  7650.471] (**) Sleep Button: always reports core events
[  7650.471] (**) Sleep Button: Device: "/dev/input/event0"
[  7650.550] (II) Sleep Button: Found keys
[  7650.550] (II) Sleep Button: Configuring as keyboard
[  7650.550] (II) XINPUT: Adding extended input device "Sleep Button" (type: KEYBOARD)
[  7650.550] (**) Option "xkb_rules" "evdev"
[  7650.550] (**) Option "xkb_model" "pc105"
[  7650.550] (**) Option "xkb_layout" "us"
[  7650.550] (II) XKB: Reusing cached keymap
[  7650.551] (II) config/udev: Adding input device HP Webcam [2 MP Macro] (/dev/input/event6)
[  7650.551] (**) HP Webcam [2 MP Macro]: Applying InputClass "evdev keyboard catchall"
[  7650.551] (**) HP Webcam [2 MP Macro]: always reports core events
[  7650.551] (**) HP Webcam [2 MP Macro]: Device: "/dev/input/event6"
[  7650.630] (II) HP Webcam [2 MP Macro]: Found keys
[  7650.630] (II) HP Webcam [2 MP Macro]: Configuring as keyboard
[  7650.630] (II) XINPUT: Adding extended input device "HP Webcam [2 MP Macro]" (type: KEYBOARD)
[  7650.630] (**) Option "xkb_rules" "evdev"
[  7650.630] (**) Option "xkb_model" "pc105"
[  7650.630] (**) Option "xkb_layout" "us"
[  7650.630] (II) XKB: Reusing cached keymap
[  7650.630] (II) config/udev: Adding input device HDA Intel HP Out at Ext Left Jack (/dev/input/event10)
[  7650.630] (II) No input driver/identifier specified (ignoring)
[  7650.630] (II) config/udev: Adding input device HDA Intel HP Out at Sep Rear Jack (/dev/input/event11)
[  7650.630] (II) No input driver/identifier specified (ignoring)
[  7650.631] (II) config/udev: Adding input device HDA Intel Line In at Sep Rear Jack (/dev/input/event8)
[  7650.631] (II) No input driver/identifier specified (ignoring)
[  7650.631] (II) config/udev: Adding input device HDA Intel Mic at Ext Left Jack (/dev/input/event9)
[  7650.631] (II) No input driver/identifier specified (ignoring)
[  7650.633] (II) config/udev: Adding input device AT Translated Set 2 keyboard (/dev/input/event3)
[  7650.633] (**) AT Translated Set 2 keyboard: Applying InputClass "evdev keyboard catchall"
[  7650.633] (**) AT Translated Set 2 keyboard: always reports core events
[  7650.633] (**) AT Translated Set 2 keyboard: Device: "/dev/input/event3"
[  7650.710] (II) AT Translated Set 2 keyboard: Found keys
[  7650.710] (II) AT Translated Set 2 keyboard: Configuring as keyboard
[  7650.710] (II) XINPUT: Adding extended input device "AT Translated Set 2 keyboard" (type: KEYBOARD)
[  7650.710] (**) Option "xkb_rules" "evdev"
[  7650.710] (**) Option "xkb_model" "pc105"
[  7650.710] (**) Option "xkb_layout" "us"
[  7650.710] (II) XKB: Reusing cached keymap
[  7650.710] (II) config/udev: Adding input device PS/2 Generic Mouse (/dev/input/event12)
[  7650.710] (**) PS/2 Generic Mouse: Applying InputClass "evdev pointer catchall"
[  7650.710] (**) PS/2 Generic Mouse: always reports core events
[  7650.710] (**) PS/2 Generic Mouse: Device: "/dev/input/event12"
[  7650.800] (II) PS/2 Generic Mouse: Found 3 mouse buttons
[  7650.800] (II) PS/2 Generic Mouse: Found relative axes
[  7650.800] (II) PS/2 Generic Mouse: Found x and y relative axes
[  7650.800] (II) PS/2 Generic Mouse: Configuring as mouse
[  7650.800] (**) PS/2 Generic Mouse: YAxisMapping: buttons 4 and 5
[  7650.800] (**) PS/2 Generic Mouse: EmulateWheelButton: 4, EmulateWheelInertia: 10, EmulateWheelTimeout: 200
[  7650.800] (II) XINPUT: Adding extended input device "PS/2 Generic Mouse" (type: MOUSE)
[  7650.800] (II) PS/2 Generic Mouse: initialized for relative axes.
[  7650.801] (II) config/udev: Adding input device PS/2 Generic Mouse (/dev/input/mouse0)
[  7650.801] (II) No input driver/identifier specified (ignoring)
[  7650.801] (II) config/udev: Adding input device SynPS/2 Synaptics TouchPad (/dev/input/event13)
[  7650.801] (**) SynPS/2 Synaptics TouchPad: Applying InputClass "evdev touchpad catchall"
[  7650.801] (**) SynPS/2 Synaptics TouchPad: Applying InputClass "touchpad catchall"
[  7650.801] (II) LoadModule: "synaptics"
[  7650.801] (II) Loading /usr/lib/xorg/modules/input/synaptics_drv.so
[  7650.801] (II) Module synaptics: vendor="X.Org Foundation"
[  7650.801] 	compiled for 1.9.0, module version = 1.2.2
[  7650.801] 	Module class: X.Org XInput Driver
[  7650.801] 	ABI class: X.Org XInput driver, version 11.0
[  7650.801] (II) Synaptics touchpad driver version 1.2.2
[  7650.801] 	Option "_source" "server/udev"
[  7650.801] 	Option "name" "SynPS/2 Synaptics TouchPad"
[  7650.801] 	Option "path" "/dev/input/event13"
[  7650.801] 	Option "device" "/dev/input/event13"
[  7650.801] 	Option "driver" "synaptics"
[  7650.801] (**) Option "Device" "/dev/input/event13"
[  7650.840] port opened successfully
[  7651.010] (II) SynPS/2 Synaptics TouchPad: x-axis range 1472 - 5600
[  7651.010] (II) SynPS/2 Synaptics TouchPad: y-axis range 1408 - 4884
[  7651.010] (II) SynPS/2 Synaptics TouchPad: pressure range 0 - 255
[  7651.010] (II) SynPS/2 Synaptics TouchPad: finger width range 0 - 0
[  7651.010] (II) SynPS/2 Synaptics TouchPad: buttons: left right middle
[  7651.210] (--) SynPS/2 Synaptics TouchPad: touchpad found
[  7651.210] (**) SynPS/2 Synaptics TouchPad: always reports core events
[  7651.350] (II) XINPUT: Adding extended input device "SynPS/2 Synaptics TouchPad" (type: TOUCHPAD)
[  7651.350] (**) SynPS/2 Synaptics TouchPad: (accel) keeping acceleration scheme 1
[  7651.350] (**) SynPS/2 Synaptics TouchPad: (accel) acceleration profile 0
[  7651.350] (**) SynPS/2 Synaptics TouchPad: (accel) acceleration factor: 2.000
[  7651.350] (**) SynPS/2 Synaptics TouchPad: (accel) acceleration threshold: 4
[  7651.351] (**) Option "Device" "/dev/input/event13"
[  7651.510] (--) SynPS/2 Synaptics TouchPad: touchpad found
[  7651.510] (II) config/udev: Adding input device SynPS/2 Synaptics TouchPad (/dev/input/mouse1)
[  7651.510] (II) No input driver/identifier specified (ignoring)
[  7651.511] (II) config/udev: Adding input device ST LIS3LV02DL Accelerometer (/dev/input/event7)
[  7651.511] (II) No input driver/identifier specified (ignoring)
[  7651.511] (II) config/udev: Adding input device ST LIS3LV02DL Accelerometer (/dev/input/js0)
[  7651.511] (II) No input driver/identifier specified (ignoring)
[  7651.513] (II) config/udev: Adding input device HP WMI hotkeys (/dev/input/event4)
[  7651.513] (**) HP WMI hotkeys: Applying InputClass "evdev keyboard catchall"
[  7651.513] (**) HP WMI hotkeys: always reports core events
[  7651.513] (**) HP WMI hotkeys: Device: "/dev/input/event4"
[  7651.590] (II) HP WMI hotkeys: Found keys
[  7651.590] (II) HP WMI hotkeys: Configuring as keyboard
[  7651.590] (II) XINPUT: Adding extended input device "HP WMI hotkeys" (type: KEYBOARD)
[  7651.590] (**) Option "xkb_rules" "evdev"
[  7651.590] (**) Option "xkb_model" "pc105"
[  7651.590] (**) Option "xkb_layout" "us"
[  7651.590] (II) XKB: Reusing cached keymap
[  7651.596] (II) fglrx(0): Restoring Recent Mode via PCS is not supported in RANDR 1.2 capable environments
[  7651.798] (II) fglrx(0): EDID vendor "AUO", prod id 494
[  7651.798] (II) fglrx(0): Printing DDC gathered Modelines:
[  7651.798] (II) fglrx(0): Modeline "1600x900"x0.0  107.80  1600 1664 1706 1970  900 903 906 912 -hsync -vsync (54.7 kHz)
[  7651.807] (II) fglrx(0): EDID vendor "AUO", prod id 494
[  7651.807] (II) fglrx(0): Printing DDC gathered Modelines:
[  7651.807] (II) fglrx(0): Modeline "1600x900"x0.0  107.80  1600 1664 1706 1970  900 903 906 912 -hsync -vsync (54.7 kHz)
[  7651.815] (II) fglrx(0): EDID vendor "AUO", prod id 494
[  7651.815] (II) fglrx(0): Printing DDC gathered Modelines:
[  7651.815] (II) fglrx(0): Modeline "1600x900"x0.0  107.80  1600 1664 1706 1970  900 903 906 912 -hsync -vsync (54.7 kHz)
[  7651.823] (II) fglrx(0): EDID vendor "AUO", prod id 494
[  7651.823] (II) fglrx(0): Printing DDC gathered Modelines:
[  7651.823] (II) fglrx(0): Modeline "1600x900"x0.0  107.80  1600 1664 1706 1970  900 903 906 912 -hsync -vsync (54.7 kHz)
[  7652.267] (II) fglrx(0): EDID vendor "AUO", prod id 494
[  7652.268] (II) fglrx(0): Printing DDC gathered Modelines:
[  7652.268] (II) fglrx(0): Modeline "1600x900"x0.0  107.80  1600 1664 1706 1970  900 903 906 912 -hsync -vsync (54.7 kHz)
[  7656.762] (II) fglrx(0): EDID vendor "AUO", prod id 494
[  7656.762] (II) fglrx(0): Printing DDC gathered Modelines:
[  7656.762] (II) fglrx(0): Modeline "1600x900"x0.0  107.80  1600 1664 1706 1970  900 903 906 912 -hsync -vsync (54.7 kHz)
[  7666.894] (II) fglrx(0): Preparing normal LeaveVT...
[  7667.990] (II) AIGLX: Suspending AIGLX clients for VT switch
[  7667.990] (II) fglrx(0): Backup framebuffer data.
[  7668.118] (II) fglrx(0): Backup complete.
[  8000.624] (II) HP WMI hotkeys: Close
[  8000.624] (II) UnloadModule: "evdev"
[  8000.624] (II) UnloadModule: "synaptics"
[  8000.624] (II) PS/2 Generic Mouse: Close
[  8000.624] (II) UnloadModule: "evdev"
[  8000.624] (II) AT Translated Set 2 keyboard: Close
[  8000.624] (II) UnloadModule: "evdev"
[  8000.624] (II) HP Webcam [2 MP Macro]: Close
[  8000.624] (II) UnloadModule: "evdev"
[  8000.624] (II) Sleep Button: Close
[  8000.624] (II) UnloadModule: "evdev"
[  8000.624] (II) Video Bus: Close
[  8000.624] (II) UnloadModule: "evdev"
[  8000.624] (II) Power Button: Close
[  8000.624] (II) UnloadModule: "evdev"
[  8000.630] (II) fglrx(0): Shutdown CMMQS
[  8000.630] (II) fglrx(0): [uki] removed 1 reserved context for kernel
[  8000.630] (II) fglrx(0): [uki] unmapping 8192 bytes of SAREA 0x174b6000 at 0x7f16b290e000
[  8000.631] (II) fglrx(0): Interrupt handler Shutdown.
[  8000.633]  ddxSigGiveUp: Closing log
