[   390.028] 
X.Org X Server 1.9.0
Release Date: 2010-08-20
[   390.028] X Protocol Version 11, Revision 0
[   390.028] Build Operating System: Linux 2.6.24-28-server x86_64 Ubuntu
[   390.028] Current Operating System: Linux hp 2.6.35-28-generic #49-Ubuntu SMP Tue Mar 1 14:39:03 UTC 2011 x86_64
[   390.029] Kernel command line: BOOT_IMAGE=/boot/vmlinuz-2.6.35-28-generic root=UUID=11247821-df55-4e44-9b48-8d2791c4ac0b ro quiet splash
[   390.029] Build Date: 09 January 2011  12:14:27PM
[   390.029] xorg-server 2:1.9.0-0ubuntu7.3 (For technical support please see http://www.ubuntu.com/support) 
[   390.029] Current version of pixman: 0.18.4
[   390.029] 	Before reporting problems, check http://wiki.x.org
	to make sure that you have the latest version.
[   390.029] Markers: (--) probed, (**) from config file, (==) default setting,
	(++) from command line, (!!) notice, (II) informational,
	(WW) warning, (EE) error, (NI) not implemented, (??) unknown.
[   390.029] (++) Log file: "/var/log/Xorg.radeon-new.log", Time: Tue Mar 29 15:50:55 2011
[   390.029] (++) Using config file: "/etc/X11/xorg.conf.radeon-new"
[   390.029] (==) Using system config directory "/usr/share/X11/xorg.conf.d"
[   390.030] (==) ServerLayout "m123"
[   390.030] (**) |-->Screen "screen0" (0)
[   390.030] (**) |   |-->Monitor "monitor0"
[   390.030] (**) |   |-->Device "dl0"
[   390.030] (**) |-->Screen "ATI Screen" (1)
[   390.030] (**) |   |-->Monitor "ATI Monitor"
[   390.030] (**) |   |-->Device "ATI Device"
[   390.030] (==) Automatically adding devices
[   390.030] (==) Automatically enabling devices
[   390.030] (WW) The directory "/usr/share/fonts/X11/cyrillic" does not exist.
[   390.030] 	Entry deleted from font path.
[   390.031] (==) FontPath set to:
	/usr/share/fonts/X11/misc,
	/usr/share/fonts/X11/100dpi/:unscaled,
	/usr/share/fonts/X11/75dpi/:unscaled,
	/usr/share/fonts/X11/Type1,
	/usr/share/fonts/X11/100dpi,
	/usr/share/fonts/X11/75dpi,
	/var/lib/defoma/x-ttcidfont-conf.d/dirs/TrueType,
	built-ins
[   390.031] (==) ModulePath set to "/usr/lib/xorg/extra-modules,/usr/lib/xorg/modules"
[   390.031] (II) The server relies on udev to provide the list of input devices.
	If no devices become available, reconfigure udev or disable AutoAddDevices.
[   390.031] (II) Loader magic: 0x7d17a0
[   390.031] (II) Module ABI versions:
[   390.031] 	X.Org ANSI C Emulation: 0.4
[   390.031] 	X.Org Video Driver: 8.0
[   390.031] 	X.Org XInput driver : 11.0
[   390.031] 	X.Org Server Extension : 4.0
[   390.033] (--) PCI:*(0:1:0:0) 1002:68c0:103c:1521 rev 0, Mem @ 0xc0000000/268435456, 0xd4400000/131072, I/O @ 0x00005000/256, BIOS @ 0x????????/131072
[   390.033] (II) Open ACPI successful (/var/run/acpid.socket)
[   390.033] (II) LoadModule: "extmod"
[   390.034] (II) Loading /usr/lib/xorg/modules/extensions/libextmod.so
[   390.034] (II) Module extmod: vendor="X.Org Foundation"
[   390.034] 	compiled for 1.9.0, module version = 1.0.0
[   390.034] 	Module class: X.Org Server Extension
[   390.034] 	ABI class: X.Org Server Extension, version 4.0
[   390.034] (II) Loading extension MIT-SCREEN-SAVER
[   390.034] (II) Loading extension XFree86-VidModeExtension
[   390.034] (II) Loading extension XFree86-DGA
[   390.034] (II) Loading extension DPMS
[   390.034] (II) Loading extension XVideo
[   390.034] (II) Loading extension XVideo-MotionCompensation
[   390.034] (II) Loading extension X-Resource
[   390.034] (II) LoadModule: "dbe"
[   390.035] (II) Loading /usr/lib/xorg/modules/extensions/libdbe.so
[   390.035] (II) Module dbe: vendor="X.Org Foundation"
[   390.035] 	compiled for 1.9.0, module version = 1.0.0
[   390.035] 	Module class: X.Org Server Extension
[   390.035] 	ABI class: X.Org Server Extension, version 4.0
[   390.035] (II) Loading extension DOUBLE-BUFFER
[   390.035] (II) LoadModule: "glx"
[   390.035] (II) Loading /usr/lib/xorg/extra-modules/modules/extensions/libglx.so
[   390.036] (II) Module glx: vendor="FireGL - ATI Technologies Inc."
[   390.036] 	compiled for 7.6.0, module version = 1.0.0
[   390.036] (II) Loading extension GLX
[   390.036] (II) LoadModule: "record"
[   390.037] (II) Loading /usr/lib/xorg/modules/extensions/librecord.so
[   390.037] (II) Module record: vendor="X.Org Foundation"
[   390.037] 	compiled for 1.9.0, module version = 1.13.0
[   390.037] 	Module class: X.Org Server Extension
[   390.037] 	ABI class: X.Org Server Extension, version 4.0
[   390.037] (II) Loading extension RECORD
[   390.037] (II) LoadModule: "dri"
[   390.038] (II) Loading /usr/lib/xorg/modules/extensions/libdri.so
[   390.038] (II) Module dri: vendor="X.Org Foundation"
[   390.038] 	compiled for 1.9.0, module version = 1.0.0
[   390.038] 	ABI class: X.Org Server Extension, version 4.0
[   390.038] (II) Loading extension XFree86-DRI
[   390.038] (II) LoadModule: "dri2"
[   390.039] (II) Loading /usr/lib/xorg/modules/extensions/libdri2.so
[   390.039] (II) Module dri2: vendor="X.Org Foundation"
[   390.039] 	compiled for 1.9.0, module version = 1.2.0
[   390.039] 	ABI class: X.Org Server Extension, version 4.0
[   390.039] (II) Loading extension DRI2
[   390.039] (II) LoadModule: "displaylink"
[   390.040] (II) Loading /usr/lib/xorg/modules/drivers/displaylink_drv.so
[   390.040] (II) Module displaylink: vendor="X.Org Foundation"
[   390.040] 	compiled for 1.8.99.905, module version = 0.0.1
[   390.040] 	ABI class: X.Org Video Driver, version 8.0
[   390.040] (II) LoadModule: "ati"
[   390.041] (II) Loading /usr/lib/xorg/modules/drivers/ati_drv.so
[   390.041] (II) Module ati: vendor="X.Org Foundation"
[   390.041] 	compiled for 1.9.0, module version = 6.13.1
[   390.041] 	Module class: X.Org Video Driver
[   390.041] 	ABI class: X.Org Video Driver, version 8.0
[   390.041] (II) DL: driver for : displaylink
[   390.041] (--) using VT number 8

[   392.588] (WW) Falling back to old probe method for displaylink
[   392.588] (II) Loading sub module "fbdevhw"
[   392.588] (II) LoadModule: "fbdevhw"
[   392.589] (II) Loading /usr/lib/xorg/modules/libfbdevhw.so
[   392.589] (II) Module fbdevhw: vendor="X.Org Foundation"
[   392.589] 	compiled for 1.9.0, module version = 0.0.2
[   392.589] 	ABI class: X.Org Video Driver, version 8.0
[   392.589] (EE) open /dev/fb0: No such file or directory
[   392.589] (EE) No devices detected.
[   392.589] 
Fatal server error:
[   392.589] no screens found
[   392.589] 
Please consult the The X.Org Foundation support 
	 at http://wiki.x.org
 for help. 
[   392.589] Please also check the log file at "/var/log/Xorg.radeon-new.log" for additional information.
[   392.589] 
