[workflow snp]
2011-02-01 02:59:05

Workflow:	snp
Started: 2011-02-01 02:54:41
Stopped: 2011-02-01 02:54:42
Duration: 0 hrs 0 mins 1 secs


	Application	1	binbam
	/nethome/syoung/0.5/bin/apps/logic/loop.pl
	status: unknown
	locked: 0
	started: 2011-02-01 02:24:41
	stopped: 2011-02-01 02:26:46
	duration: 0 hrs 2 mins 5 secs



	Application	2	cumulativebam
	perl /nethome/syoung/0.5/bin/apps/snp/cumulativeBam.pl
	status: unknown
	locked: 0
	started: 2011-02-01 02:54:41
	stopped: 2011-02-01 02:54:42
	duration: 0 hrs 0 mins 1 secs



	Application	3	bamtosnp
	/nethome/syoung/0.5/bin/apps/logic/loop.pl
	locked: 0




[app 1 binbam]
2011-02-01 02:59:05

  Application:
  name           binbam
  owner          anonymous
  ordinal        1
  status         unknown
  started        2011-02-01 02:24:41
  stopped        2011-02-01 02:26:46
  duration       0 hrs 2 mins 5 secs
  locked         0
  type           binner
  location       /nethome/syoung/0.5/bin/apps/logic/loop.pl
  description    Bin a .bam file into smaller .bam files covering UCSC bins or user-defined genomic intervals

    Parameters:
    binlevel       500000
    cluster        LSF
    executable     /nethome/syoung/0.5/bin/apps/snp/binBam.pl
    inputdirs      /scratch/syoung/base/pipeline/SRA/NA18507/SRP000239/sampled/200bp/chr22/bowtie32/%REPLICATE%
    loop           parallel
    loopout        /scratch/syoung/base/pipeline/SRA/NA18507/SRP000239/sampled/200bp/chr22/bowtie32/loop-binbam.out
    maxjobs        2000
    queue          small
    reference      chr22
    replicates     1-33
    stdout         /scratch/syoung/base/pipeline/SRA/NA18507/SRP000239/sampled/200bp/chr22/bowtie32/%REPLICATE%/binbam.out
    walltime       48

Command:

/nethome/syoung/0.5/bin/apps/logic/loop.pl \
 --replicates 1-33 \
 --loop parallel \
 --executable /nethome/syoung/0.5/bin/apps/snp/binBam.pl \
 --inputdirs /scratch/syoung/base/pipeline/SRA/NA18507/SRP000239/sampled/200bp/chr22/bowtie32/%REPLICATE% \
 --binlevel 500000 \
 --reference chr22 \
 --maxjobs 2000 \
 --walltime 48 \
 --queue small \
 --cluster LSF \
 --stdout /scratch/syoung/base/pipeline/SRA/NA18507/SRP000239/sampled/200bp/chr22/bowtie32/%REPLICATE%/binbam.out \
 --loopout /scratch/syoung/base/pipeline/SRA/NA18507/SRP000239/sampled/200bp/chr22/bowtie32/loop-binbam.out 


