[workflow elandsnp]
2011-01-21 13:32:04


Workflow:
name           elandsnp
owner          anonymous
outputdir      /nethome/syoung/0.5/bin/workflows/cluster/eland/run
wkfile         /nethome/syoung/0.5/bin/workflows/cluster/eland/elandsnp.wk
outputfile     /nethome/syoung/0.5/bin/workflows/cluster/eland/run/elandsnp.wk.bkp
start          7
stop           7
	
  Application:
  name           splitfiles
  owner          anonymous
  location       /nethome/syoung/0.5/bin/apps/logic/loop.pl
  description    Split input files into subfiles and print list of subfiles to file splitfile.txt in target directory
  ordinal        1

    Parameters:
    cluster        LSF
    cpus           1
    executable     /nethome/syoung/0.5/bin/apps/aligners/splitFiles.pl
    inputfiles     /scratch/syoung/base/pipeline/SRA/NA18507/SRP000239/sampled/200bp/100M/simpleheader/yoruba1-%REPLICATE%.reads_1.sequence.txt
    label          eland-%REPLICATE%
    loop           distributed
    looplabel      eland-splitfiles
    loopout        /scratch/syoung/base/pipeline/SRA/NA18507/SRP000239/sampled/200bp/chr22/eland/loop-splitfiles.out
    matefiles      /scratch/syoung/base/pipeline/SRA/NA18507/SRP000239/sampled/200bp/100M/simpleheader/yoruba1-%REPLICATE%.reads_2.sequence.txt
    maxjobs        2000
    outdir         /scratch/syoung/base/pipeline/SRA/NA18507/SRP000239/sampled/200bp/chr22/eland
    outputdir      /scratch/syoung/base/pipeline/SRA/NA18507/SRP000239/sampled/200bp/chr22/eland/%REPLICATE%
    queue          small
    reads          250000
    replicates     1-33
    stdout         /scratch/syoung/base/pipeline/SRA/NA18507/SRP000239/sampled/200bp/chr22/eland/stdout/%REPLICATE%/splitfiles.out
    walltime       24

	
  Application:
  name           eland
  owner          anonymous
  location       /nethome/syoung/0.5/bin/apps/logic/loop.pl
  description    Concurrent loop through 1-33 files doing ELAND alignment with split read input files
  ordinal        2

    Parameters:
    cluster        LSF
    cpus           1
    executable     /nethome/syoung/0.5/bin/apps/aligners/ELAND.pl
    inputfiles     /scratch/syoung/base/pipeline/SRA/NA18507/SRP000239/sampled/200bp/100M/simpleheader/yoruba1-%REPLICATE%.reads_1.sequence.txt
    inputtype      fastq
    label          eland-%REPLICATE%
    loop           parallel
    loopout        /scratch/syoung/base/pipeline/SRA/NA18507/SRP000239/sampled/200bp/chr22/eland/eland.loop.out
    matefiles      /scratch/syoung/base/pipeline/SRA/NA18507/SRP000239/sampled/200bp/100M/simpleheader/yoruba1-%REPLICATE%.reads_2.sequence.txt
    maxjobs        2000
    outputdir      /scratch/syoung/base/pipeline/SRA/NA18507/SRP000239/sampled/200bp/chr22/eland/%REPLICATE%
    queue          small
    reads          250000
    referencedir   /nethome/bioinfo/data/sequence/chromosomes/human/hg19/eland/chr22
    replicates     1-33
    species        human
    stdout         /scratch/syoung/base/pipeline/SRA/NA18507/SRP000239/sampled/200bp/chr22/eland/%REPLICATE%/eland.out
    walltime       24

	
  Application:
  name           binbam
  owner          anonymous
  type           binner
  location       /nethome/syoung/0.5/bin/apps/logic/loop.pl
  description    Bin a .bam file into smaller .bam files covering UCSC bins or user-defined genomic intervals
  ordinal        3

    Parameters:
    binlevel       500000
    cluster        LSF
    executable     /nethome/syoung/0.5/bin/apps/snp/binBam.pl
    inputdirs      /scratch/syoung/base/pipeline/SRA/NA18507/SRP000239/sampled/200bp/chr22/eland/%REPLICATE%
    loop           parallel
    loopout        /scratch/syoung/base/pipeline/SRA/NA18507/SRP000239/sampled/200bp/chr22/eland/loop-binbam.out
    maxjobs        2000
    queue          small
    reference      chr22
    replicates     1-33
    stdout         /scratch/syoung/base/pipeline/SRA/NA18507/SRP000239/sampled/200bp/chr22/eland/%REPLICATE%/binbam.out
    walltime       48

	
  Application:
  name           cumulativebam
  owner          anonymous
  type           binner
  location       perl /nethome/syoung/0.5/bin/apps/snp/cumulativeBam.pl
  description    Cumulatively merge .bam files, can use UCSC bins or user-defined genomic intervals
  ordinal        4

    Parameters:
    binlevel       500000
    cluster        LSF
    cpus           1
    filename       hit.bam
    inputdirs      /scratch/syoung/base/pipeline/SRA/NA18507/SRP000239/sampled/200bp/chr22/eland/1,/scratch/syoung/base/pipeline/SRA/NA18507/SRP000239/sampled/200bp/chr22/eland/2,/scratch/syoung/base/pipeline/SRA/NA18507/SRP000239/sampled/200bp/chr22/eland/3,/scratch/syoung/base/pipeline/SRA/NA18507/SRP000239/sampled/200bp/chr22/eland/4,/scratch/syoung/base/pipeline/SRA/NA18507/SRP000239/sampled/200bp/chr22/eland/5,/scratch/syoung/base/pipeline/SRA/NA18507/SRP000239/sampled/200bp/chr22/eland/6,/scratch/syoung/base/pipeline/SRA/NA18507/SRP000239/sampled/200bp/chr22/eland/7,/scratch/syoung/base/pipeline/SRA/NA18507/SRP000239/sampled/200bp/chr22/eland/8,/scratch/syoung/base/pipeline/SRA/NA18507/SRP000239/sampled/200bp/chr22/eland/9,/scratch/syoung/base/pipeline/SRA/NA18507/SRP000239/sampled/200bp/chr22/eland/10,/scratch/syoung/base/pipeline/SRA/NA18507/SRP000239/sampled/200bp/chr22/eland/11,/scratch/syoung/base/pipeline/SRA/NA18507/SRP000239/sampled/200bp/chr22/eland/12,/scratch/syoung/base/pipeline/SRA/NA18507/SRP000239/sampled/200bp/chr22/eland/13,/scratch/syoung/base/pipeline/SRA/NA18507/SRP000239/sampled/200bp/chr22/eland/14,/scratch/syoung/base/pipeline/SRA/NA18507/SRP000239/sampled/200bp/chr22/eland/15,/scratch/syoung/base/pipeline/SRA/NA18507/SRP000239/sampled/200bp/chr22/eland/16,/scratch/syoung/base/pipeline/SRA/NA18507/SRP000239/sampled/200bp/chr22/eland/17,/scratch/syoung/base/pipeline/SRA/NA18507/SRP000239/sampled/200bp/chr22/eland/18,/scratch/syoung/base/pipeline/SRA/NA18507/SRP000239/sampled/200bp/chr22/eland/19,/scratch/syoung/base/pipeline/SRA/NA18507/SRP000239/sampled/200bp/chr22/eland/20,/scratch/syoung/base/pipeline/SRA/NA18507/SRP000239/sampled/200bp/chr22/eland/21,/scratch/syoung/base/pipeline/SRA/NA18507/SRP000239/sampled/200bp/chr22/eland/22,/scratch/syoung/base/pipeline/SRA/NA18507/SRP000239/sampled/200bp/chr22/eland/23,/scratch/syoung/base/pipeline/SRA/NA18507/SRP000239/sampled/200bp/chr22/eland/24,/scratch/syoung/base/pipeline/SRA/NA18507/SRP000239/sampled/200bp/chr22/eland/25,/scratch/syoung/base/pipeline/SRA/NA18507/SRP000239/sampled/200bp/chr22/eland/26,/scratch/syoung/base/pipeline/SRA/NA18507/SRP000239/sampled/200bp/chr22/eland/27,/scratch/syoung/base/pipeline/SRA/NA18507/SRP000239/sampled/200bp/chr22/eland/28,/scratch/syoung/base/pipeline/SRA/NA18507/SRP000239/sampled/200bp/chr22/eland/29,/scratch/syoung/base/pipeline/SRA/NA18507/SRP000239/sampled/200bp/chr22/eland/30,/scratch/syoung/base/pipeline/SRA/NA18507/SRP000239/sampled/200bp/chr22/eland/31,/scratch/syoung/base/pipeline/SRA/NA18507/SRP000239/sampled/200bp/chr22/eland/32,/scratch/syoung/base/pipeline/SRA/NA18507/SRP000239/sampled/200bp/chr22/eland/33
    label          eland-cumulative
    maxjobs        2000
    outputdir      /scratch/syoung/base/pipeline/SRA/NA18507/SRP000239/sampled/200bp/chr22/eland/cumulative
    queue          small
    species        human
    stdout         /scratch/syoung/base/pipeline/SRA/NA18507/SRP000239/sampled/200bp/chr22/eland/cumulative/cumulative.out
    walltime       48

	
  Application:
  name           bamtosnp
  owner          anonymous
  type           snp
  location       /nethome/syoung/0.5/bin/apps/logic/loop.pl
  description    Call SNPs from .bam files using samtools
  ordinal        5

    Parameters:
    binlevel       500000
    cluster        LSF
    executable     /nethome/syoung/0.5/bin/apps/snp/bamToSnp.pl
    filename       hit.bam
    inputdirs      /scratch/syoung/base/pipeline/SRA/NA18507/SRP000239/sampled/200bp/chr22/eland/%REPLICATE%
    loop           parallel
    loopout        /scratch/syoung/base/pipeline/SRA/NA18507/SRP000239/sampled/200bp/chr22/eland/loop-bamtosnp.out
    maxdepth       500
    maxjobs        2000
    outputdir      /scratch/syoung/base/pipeline/SRA/NA18507/SRP000239/sampled/200bp/chr22/eland/cumulative/chr22
    queue          small
    replicates     1-33
    species        human
    stdout         /scratch/syoung/base/pipeline/SRA/NA18507/SRP000239/sampled/200bp/chr22/eland/%REPLICATE%/bamtosnp.out
    walltime       48

	
  Application:
  name           snptosav
  owner          anonymous
  type           snp
  location       /nethome/syoung/0.5/bin/apps/logic/loop.pl
  description    Annotate SNPs, including coincidence with dbSNP
  ordinal        6

    Parameters:
    binlevel       500000
    cluster        LSF
    dbsnp          snp130
    executable     /nethome/syoung/0.5/bin/apps/snp/SAV.pl
    filename       hit.bam
    inputdirs      /scratch/syoung/base/pipeline/SRA/NA18507/SRP000239/sampled/200bp/chr22/eland/%REPLICATE%
    loop           parallel
    loopout        /scratch/syoung/base/pipeline/SRA/NA18507/SRP000239/sampled/200bp/chr22/eland/cumulative/loop-sav.out
    maxjobs        2000
    outputdir      /scratch/syoung/base/pipeline/SRA/NA18507/SRP000239/sampled/200bp/chr22/eland/cumulative
    queue          small
    referencedir   /nethome/bioinfo/data/sequence/chromosomes/human/hg19/fasta/chr22
    replicates     1-33
    species        human
    stdout         /scratch/syoung/base/pipeline/SRA/NA18507/SRP000239/sampled/200bp/chr22/eland/cumulative/sav-%REPLICATE%.out
    tempfile       /scratch/syoung/base/pipeline/SRA/NA18507/SRP000239/sampled/200bp/chr22/eland/cumulative/snp130
    walltime       24

	
  Application:
  name           unbinsav
  owner          anonymous
  location       perl /nethome/syoung/0.5/bin/apps/snp/unbin.pl
  description    Join binned .sav files into a single .sav file for each cumulative iteration
  ordinal        7

    Parameters:
    binlevel       500000
    cluster        LSF
    cpus           1
    filename       hit.bam
    inputdirs      /scratch/syoung/base/pipeline/SRA/NA18507/SRP000239/sampled/200bp/chr22/eland/1,/scratch/syoung/base/pipeline/SRA/NA18507/SRP000239/sampled/200bp/chr22/eland/2,/scratch/syoung/base/pipeline/SRA/NA18507/SRP000239/sampled/200bp/chr22/eland/3,/scratch/syoung/base/pipeline/SRA/NA18507/SRP000239/sampled/200bp/chr22/eland/4,/scratch/syoung/base/pipeline/SRA/NA18507/SRP000239/sampled/200bp/chr22/eland/5,/scratch/syoung/base/pipeline/SRA/NA18507/SRP000239/sampled/200bp/chr22/eland/6,/scratch/syoung/base/pipeline/SRA/NA18507/SRP000239/sampled/200bp/chr22/eland/7,/scratch/syoung/base/pipeline/SRA/NA18507/SRP000239/sampled/200bp/chr22/eland/8,/scratch/syoung/base/pipeline/SRA/NA18507/SRP000239/sampled/200bp/chr22/eland/9,/scratch/syoung/base/pipeline/SRA/NA18507/SRP000239/sampled/200bp/chr22/eland/10,/scratch/syoung/base/pipeline/SRA/NA18507/SRP000239/sampled/200bp/chr22/eland/11,/scratch/syoung/base/pipeline/SRA/NA18507/SRP000239/sampled/200bp/chr22/eland/12,/scratch/syoung/base/pipeline/SRA/NA18507/SRP000239/sampled/200bp/chr22/eland/13,/scratch/syoung/base/pipeline/SRA/NA18507/SRP000239/sampled/200bp/chr22/eland/14,/scratch/syoung/base/pipeline/SRA/NA18507/SRP000239/sampled/200bp/chr22/eland/15,/scratch/syoung/base/pipeline/SRA/NA18507/SRP000239/sampled/200bp/chr22/eland/16,/scratch/syoung/base/pipeline/SRA/NA18507/SRP000239/sampled/200bp/chr22/eland/17,/scratch/syoung/base/pipeline/SRA/NA18507/SRP000239/sampled/200bp/chr22/eland/18,/scratch/syoung/base/pipeline/SRA/NA18507/SRP000239/sampled/200bp/chr22/eland/19,/scratch/syoung/base/pipeline/SRA/NA18507/SRP000239/sampled/200bp/chr22/eland/20,/scratch/syoung/base/pipeline/SRA/NA18507/SRP000239/sampled/200bp/chr22/eland/21,/scratch/syoung/base/pipeline/SRA/NA18507/SRP000239/sampled/200bp/chr22/eland/22,/scratch/syoung/base/pipeline/SRA/NA18507/SRP000239/sampled/200bp/chr22/eland/23,/scratch/syoung/base/pipeline/SRA/NA18507/SRP000239/sampled/200bp/chr22/eland/24,/scratch/syoung/base/pipeline/SRA/NA18507/SRP000239/sampled/200bp/chr22/eland/25,/scratch/syoung/base/pipeline/SRA/NA18507/SRP000239/sampled/200bp/chr22/eland/26,/scratch/syoung/base/pipeline/SRA/NA18507/SRP000239/sampled/200bp/chr22/eland/27,/scratch/syoung/base/pipeline/SRA/NA18507/SRP000239/sampled/200bp/chr22/eland/28,/scratch/syoung/base/pipeline/SRA/NA18507/SRP000239/sampled/200bp/chr22/eland/29,/scratch/syoung/base/pipeline/SRA/NA18507/SRP000239/sampled/200bp/chr22/eland/30,/scratch/syoung/base/pipeline/SRA/NA18507/SRP000239/sampled/200bp/chr22/eland/31,/scratch/syoung/base/pipeline/SRA/NA18507/SRP000239/sampled/200bp/chr22/eland/32,/scratch/syoung/base/pipeline/SRA/NA18507/SRP000239/sampled/200bp/chr22/eland/33
    maxjobs        1000
    outputdir      /scratch/syoung/base/pipeline/SRA/NA18507/SRP000239/sampled/200bp/chr22/eland/cumulative
    queue          small
    suffix         sav
    walltime       48



[app 7 unbinsav]
2011-01-21 13:32:04

  Application:
  name           unbinsav
  owner          anonymous
  location       perl /nethome/syoung/0.5/bin/apps/snp/unbin.pl
  description    Join binned .sav files into a single .sav file for each cumulative iteration
  ordinal        7
  outputfile     /nethome/syoung/0.5/bin/workflows/cluster/eland/run/7-unbinsav.app.bkp

    Parameters:
    binlevel       500000
    cluster        LSF
    cpus           1
    filename       hit.bam
    inputdirs      /scratch/syoung/base/pipeline/SRA/NA18507/SRP000239/sampled/200bp/chr22/eland/1,/scratch/syoung/base/pipeline/SRA/NA18507/SRP000239/sampled/200bp/chr22/eland/2,/scratch/syoung/base/pipeline/SRA/NA18507/SRP000239/sampled/200bp/chr22/eland/3,/scratch/syoung/base/pipeline/SRA/NA18507/SRP000239/sampled/200bp/chr22/eland/4,/scratch/syoung/base/pipeline/SRA/NA18507/SRP000239/sampled/200bp/chr22/eland/5,/scratch/syoung/base/pipeline/SRA/NA18507/SRP000239/sampled/200bp/chr22/eland/6,/scratch/syoung/base/pipeline/SRA/NA18507/SRP000239/sampled/200bp/chr22/eland/7,/scratch/syoung/base/pipeline/SRA/NA18507/SRP000239/sampled/200bp/chr22/eland/8,/scratch/syoung/base/pipeline/SRA/NA18507/SRP000239/sampled/200bp/chr22/eland/9,/scratch/syoung/base/pipeline/SRA/NA18507/SRP000239/sampled/200bp/chr22/eland/10,/scratch/syoung/base/pipeline/SRA/NA18507/SRP000239/sampled/200bp/chr22/eland/11,/scratch/syoung/base/pipeline/SRA/NA18507/SRP000239/sampled/200bp/chr22/eland/12,/scratch/syoung/base/pipeline/SRA/NA18507/SRP000239/sampled/200bp/chr22/eland/13,/scratch/syoung/base/pipeline/SRA/NA18507/SRP000239/sampled/200bp/chr22/eland/14,/scratch/syoung/base/pipeline/SRA/NA18507/SRP000239/sampled/200bp/chr22/eland/15,/scratch/syoung/base/pipeline/SRA/NA18507/SRP000239/sampled/200bp/chr22/eland/16,/scratch/syoung/base/pipeline/SRA/NA18507/SRP000239/sampled/200bp/chr22/eland/17,/scratch/syoung/base/pipeline/SRA/NA18507/SRP000239/sampled/200bp/chr22/eland/18,/scratch/syoung/base/pipeline/SRA/NA18507/SRP000239/sampled/200bp/chr22/eland/19,/scratch/syoung/base/pipeline/SRA/NA18507/SRP000239/sampled/200bp/chr22/eland/20,/scratch/syoung/base/pipeline/SRA/NA18507/SRP000239/sampled/200bp/chr22/eland/21,/scratch/syoung/base/pipeline/SRA/NA18507/SRP000239/sampled/200bp/chr22/eland/22,/scratch/syoung/base/pipeline/SRA/NA18507/SRP000239/sampled/200bp/chr22/eland/23,/scratch/syoung/base/pipeline/SRA/NA18507/SRP000239/sampled/200bp/chr22/eland/24,/scratch/syoung/base/pipeline/SRA/NA18507/SRP000239/sampled/200bp/chr22/eland/25,/scratch/syoung/base/pipeline/SRA/NA18507/SRP000239/sampled/200bp/chr22/eland/26,/scratch/syoung/base/pipeline/SRA/NA18507/SRP000239/sampled/200bp/chr22/eland/27,/scratch/syoung/base/pipeline/SRA/NA18507/SRP000239/sampled/200bp/chr22/eland/28,/scratch/syoung/base/pipeline/SRA/NA18507/SRP000239/sampled/200bp/chr22/eland/29,/scratch/syoung/base/pipeline/SRA/NA18507/SRP000239/sampled/200bp/chr22/eland/30,/scratch/syoung/base/pipeline/SRA/NA18507/SRP000239/sampled/200bp/chr22/eland/31,/scratch/syoung/base/pipeline/SRA/NA18507/SRP000239/sampled/200bp/chr22/eland/32,/scratch/syoung/base/pipeline/SRA/NA18507/SRP000239/sampled/200bp/chr22/eland/33
    maxjobs        1000
    outputdir      /scratch/syoung/base/pipeline/SRA/NA18507/SRP000239/sampled/200bp/chr22/eland/cumulative
    queue          small
    suffix         sav
    walltime       48

Command:

perl /nethome/syoung/0.5/bin/apps/snp/unbin.pl \
 --binlevel 500000 \
 --suffix sav \
 --filename hit.bam \
 --outputdir /scratch/syoung/base/pipeline/SRA/NA18507/SRP000239/sampled/200bp/chr22/eland/cumulative \
 --inputdirs /scratch/syoung/base/pipeline/SRA/NA18507/SRP000239/sampled/200bp/chr22/eland/1,/scratch/syoung/base/pipeline/SRA/NA18507/SRP000239/sampled/200bp/chr22/eland/2,/scratch/syoung/base/pipeline/SRA/NA18507/SRP000239/sampled/200bp/chr22/eland/3,/scratch/syoung/base/pipeline/SRA/NA18507/SRP000239/sampled/200bp/chr22/eland/4,/scratch/syoung/base/pipeline/SRA/NA18507/SRP000239/sampled/200bp/chr22/eland/5,/scratch/syoung/base/pipeline/SRA/NA18507/SRP000239/sampled/200bp/chr22/eland/6,/scratch/syoung/base/pipeline/SRA/NA18507/SRP000239/sampled/200bp/chr22/eland/7,/scratch/syoung/base/pipeline/SRA/NA18507/SRP000239/sampled/200bp/chr22/eland/8,/scratch/syoung/base/pipeline/SRA/NA18507/SRP000239/sampled/200bp/chr22/eland/9,/scratch/syoung/base/pipeline/SRA/NA18507/SRP000239/sampled/200bp/chr22/eland/10,/scratch/syoung/base/pipeline/SRA/NA18507/SRP000239/sampled/200bp/chr22/eland/11,/scratch/syoung/base/pipeline/SRA/NA18507/SRP000239/sampled/200bp/chr22/eland/12,/scratch/syoung/base/pipeline/SRA/NA18507/SRP000239/sampled/200bp/chr22/eland/13,/scratch/syoung/base/pipeline/SRA/NA18507/SRP000239/sampled/200bp/chr22/eland/14,/scratch/syoung/base/pipeline/SRA/NA18507/SRP000239/sampled/200bp/chr22/eland/15,/scratch/syoung/base/pipeline/SRA/NA18507/SRP000239/sampled/200bp/chr22/eland/16,/scratch/syoung/base/pipeline/SRA/NA18507/SRP000239/sampled/200bp/chr22/eland/17,/scratch/syoung/base/pipeline/SRA/NA18507/SRP000239/sampled/200bp/chr22/eland/18,/scratch/syoung/base/pipeline/SRA/NA18507/SRP000239/sampled/200bp/chr22/eland/19,/scratch/syoung/base/pipeline/SRA/NA18507/SRP000239/sampled/200bp/chr22/eland/20,/scratch/syoung/base/pipeline/SRA/NA18507/SRP000239/sampled/200bp/chr22/eland/21,/scratch/syoung/base/pipeline/SRA/NA18507/SRP000239/sampled/200bp/chr22/eland/22,/scratch/syoung/base/pipeline/SRA/NA18507/SRP000239/sampled/200bp/chr22/eland/23,/scratch/syoung/base/pipeline/SRA/NA18507/SRP000239/sampled/200bp/chr22/eland/24,/scratch/syoung/base/pipeline/SRA/NA18507/SRP000239/sampled/200bp/chr22/eland/25,/scratch/syoung/base/pipeline/SRA/NA18507/SRP000239/sampled/200bp/chr22/eland/26,/scratch/syoung/base/pipeline/SRA/NA18507/SRP000239/sampled/200bp/chr22/eland/27,/scratch/syoung/base/pipeline/SRA/NA18507/SRP000239/sampled/200bp/chr22/eland/28,/scratch/syoung/base/pipeline/SRA/NA18507/SRP000239/sampled/200bp/chr22/eland/29,/scratch/syoung/base/pipeline/SRA/NA18507/SRP000239/sampled/200bp/chr22/eland/30,/scratch/syoung/base/pipeline/SRA/NA18507/SRP000239/sampled/200bp/chr22/eland/31,/scratch/syoung/base/pipeline/SRA/NA18507/SRP000239/sampled/200bp/chr22/eland/32,/scratch/syoung/base/pipeline/SRA/NA18507/SRP000239/sampled/200bp/chr22/eland/33 \
 --walltime 48 \
 --cluster LSF \
 --queue small \
 --cpus 1 \
 --maxjobs 1000 


Output:

UCSCBin::setBinsByRange    UCSCBin::setBinsByRange(bins, rangefile)
UCSCBin::setBinsByRange    UCSCBin::setBinsByRange(bins, rangefile)
UCSCBin::setBinsByRange    UCSCBin::setBinsByRange(bins, rangefile)
UCSCBin::setBinsByRange    UCSCBin::setBinsByRange(bins, rangefile)
UCSCBin::setBinsByRange    UCSCBin::setBinsByRange(bins, rangefile)
UCSCBin::setBinsByRange    UCSCBin::setBinsByRange(bins, rangefile)
UCSCBin::setBinsByRange    UCSCBin::setBinsByRange(bins, rangefile)
UCSCBin::setBinsByRange    UCSCBin::setBinsByRange(bins, rangefile)
UCSCBin::setBinsByRange    UCSCBin::setBinsByRange(bins, rangefile)
UCSCBin::setBinsByRange    UCSCBin::setBinsByRange(bins, rangefile)
UCSCBin::setBinsByRange    UCSCBin::setBinsByRange(bins, rangefile)
UCSCBin::setBinsByRange    UCSCBin::setBinsByRange(bins, rangefile)
UCSCBin::setBinsByRange    UCSCBin::setBinsByRange(bins, rangefile)
UCSCBin::setBinsByRange    UCSCBin::setBinsByRange(bins, rangefile)
UCSCBin::setBinsByRange    UCSCBin::setBinsByRange(bins, rangefile)
UCSCBin::setBinsByRange    UCSCBin::setBinsByRange(bins, rangefile)
UCSCBin::setBinsByRange    UCSCBin::setBinsByRange(bins, rangefile)
UCSCBin::setBinsByRange    UCSCBin::setBinsByRange(bins, rangefile)
UCSCBin::setBinsByRange    UCSCBin::setBinsByRange(bins, rangefile)
UCSCBin::setBinsByRange    UCSCBin::setBinsByRange(bins, rangefile)
UCSCBin::setBinsByRange    UCSCBin::setBinsByRange(bins, rangefile)
UCSCBin::setBinsByRange    UCSCBin::setBinsByRange(bins, rangefile)
UCSCBin::setBinsByRange    UCSCBin::setBinsByRange(bins, rangefile)
UCSCBin::setBinsByRange    UCSCBin::setBinsByRange(bins, rangefile)
UCSCBin::setBinsByRange    UCSCBin::setBinsByRange(bins, rangefile)
UCSCBin::setBinsByRange    UCSCBin::setBinsByRange(bins, rangefile)
UCSCBin::setBinsByRange    UCSCBin::setBinsByRange(bins, rangefile)
UCSCBin::setBinsByRange    UCSCBin::setBinsByRange(bins, rangefile)
UCSCBin::setBinsByRange    UCSCBin::setBinsByRange(bins, rangefile)
UCSCBin::setBinsByRange    UCSCBin::setBinsByRange(bins, rangefile)
UCSCBin::setBinsByRange    UCSCBin::setBinsByRange(bins, rangefile)
UCSCBin::setBinsByRange    UCSCBin::setBinsByRange(bins, rangefile)
UCSCBin::setBinsByRange    UCSCBin::setBinsByRange(bins, rangefile)

UCSCBin::unbin    Running 33 jobs
Cluster::execute    executing 33 jobs
Monitor::LSF::submit    command: bsub -n 1 -q small -o /scratch/syoung/base/pipeline/SRA/NA18507/SRP000239/sampled/200bp/chr22/eland/cumulative/chr22/stdout/unbin-chr22-1-stdout.txt /scratch/syoung/base/pipeline/SRA/NA18507/SRP000239/sampled/200bp/chr22/eland/cumulative/chr22/scripts/unbin-chr22-1.sh
Job <3301520> is submitted to queue <small>.
Monitor::LSF::submit    command: bsub -n 1 -q small -o /scratch/syoung/base/pipeline/SRA/NA18507/SRP000239/sampled/200bp/chr22/eland/cumulative/chr22/stdout/unbin-chr22-2-stdout.txt /scratch/syoung/base/pipeline/SRA/NA18507/SRP000239/sampled/200bp/chr22/eland/cumulative/chr22/scripts/unbin-chr22-2.sh
Job <3301521> is submitted to queue <small>.
Monitor::LSF::submit    command: bsub -n 1 -q small -o /scratch/syoung/base/pipeline/SRA/NA18507/SRP000239/sampled/200bp/chr22/eland/cumulative/chr22/stdout/unbin-chr22-3-stdout.txt /scratch/syoung/base/pipeline/SRA/NA18507/SRP000239/sampled/200bp/chr22/eland/cumulative/chr22/scripts/unbin-chr22-3.sh
Job <3301522> is submitted to queue <small>.
Monitor::LSF::submit    command: bsub -n 1 -q small -o /scratch/syoung/base/pipeline/SRA/NA18507/SRP000239/sampled/200bp/chr22/eland/cumulative/chr22/stdout/unbin-chr22-4-stdout.txt /scratch/syoung/base/pipeline/SRA/NA18507/SRP000239/sampled/200bp/chr22/eland/cumulative/chr22/scripts/unbin-chr22-4.sh
Job <3301523> is submitted to queue <small>.
Monitor::LSF::submit    command: bsub -n 1 -q small -o /scratch/syoung/base/pipeline/SRA/NA18507/SRP000239/sampled/200bp/chr22/eland/cumulative/chr22/stdout/unbin-chr22-5-stdout.txt /scratch/syoung/base/pipeline/SRA/NA18507/SRP000239/sampled/200bp/chr22/eland/cumulative/chr22/scripts/unbin-chr22-5.sh
Job <3301524> is submitted to queue <small>.
Monitor::LSF::submit    command: bsub -n 1 -q small -o /scratch/syoung/base/pipeline/SRA/NA18507/SRP000239/sampled/200bp/chr22/eland/cumulative/chr22/stdout/unbin-chr22-6-stdout.txt /scratch/syoung/base/pipeline/SRA/NA18507/SRP000239/sampled/200bp/chr22/eland/cumulative/chr22/scripts/unbin-chr22-6.sh
Job <3301525> is submitted to queue <small>.
Monitor::LSF::submit    command: bsub -n 1 -q small -o /scratch/syoung/base/pipeline/SRA/NA18507/SRP000239/sampled/200bp/chr22/eland/cumulative/chr22/stdout/unbin-chr22-7-stdout.txt /scratch/syoung/base/pipeline/SRA/NA18507/SRP000239/sampled/200bp/chr22/eland/cumulative/chr22/scripts/unbin-chr22-7.sh
Job <3301526> is submitted to queue <small>.
Monitor::LSF::submit    command: bsub -n 1 -q small -o /scratch/syoung/base/pipeline/SRA/NA18507/SRP000239/sampled/200bp/chr22/eland/cumulative/chr22/stdout/unbin-chr22-8-stdout.txt /scratch/syoung/base/pipeline/SRA/NA18507/SRP000239/sampled/200bp/chr22/eland/cumulative/chr22/scripts/unbin-chr22-8.sh
Job <3301527> is submitted to queue <small>.
Monitor::LSF::submit    command: bsub -n 1 -q small -o /scratch/syoung/base/pipeline/SRA/NA18507/SRP000239/sampled/200bp/chr22/eland/cumulative/chr22/stdout/unbin-chr22-9-stdout.txt /scratch/syoung/base/pipeline/SRA/NA18507/SRP000239/sampled/200bp/chr22/eland/cumulative/chr22/scripts/unbin-chr22-9.sh
Job <3301528> is submitted to queue <small>.
Monitor::LSF::submit    command: bsub -n 1 -q small -o /scratch/syoung/base/pipeline/SRA/NA18507/SRP000239/sampled/200bp/chr22/eland/cumulative/chr22/stdout/unbin-chr22-10-stdout.txt /scratch/syoung/base/pipeline/SRA/NA18507/SRP000239/sampled/200bp/chr22/eland/cumulative/chr22/scripts/unbin-chr22-10.sh
Job <3301529> is submitted to queue <small>.
Monitor::LSF::submit    command: bsub -n 1 -q small -o /scratch/syoung/base/pipeline/SRA/NA18507/SRP000239/sampled/200bp/chr22/eland/cumulative/chr22/stdout/unbin-chr22-11-stdout.txt /scratch/syoung/base/pipeline/SRA/NA18507/SRP000239/sampled/200bp/chr22/eland/cumulative/chr22/scripts/unbin-chr22-11.sh
Job <3301530> is submitted to queue <small>.
Monitor::LSF::submit    command: bsub -n 1 -q small -o /scratch/syoung/base/pipeline/SRA/NA18507/SRP000239/sampled/200bp/chr22/eland/cumulative/chr22/stdout/unbin-chr22-12-stdout.txt /scratch/syoung/base/pipeline/SRA/NA18507/SRP000239/sampled/200bp/chr22/eland/cumulative/chr22/scripts/unbin-chr22-12.sh
Job <3301531> is submitted to queue <small>.
Monitor::LSF::submit    command: bsub -n 1 -q small -o /scratch/syoung/base/pipeline/SRA/NA18507/SRP000239/sampled/200bp/chr22/eland/cumulative/chr22/stdout/unbin-chr22-13-stdout.txt /scratch/syoung/base/pipeline/SRA/NA18507/SRP000239/sampled/200bp/chr22/eland/cumulative/chr22/scripts/unbin-chr22-13.sh
Job <3301532> is submitted to queue <small>.
Monitor::LSF::submit    command: bsub -n 1 -q small -o /scratch/syoung/base/pipeline/SRA/NA18507/SRP000239/sampled/200bp/chr22/eland/cumulative/chr22/stdout/unbin-chr22-14-stdout.txt /scratch/syoung/base/pipeline/SRA/NA18507/SRP000239/sampled/200bp/chr22/eland/cumulative/chr22/scripts/unbin-chr22-14.sh
Job <3301533> is submitted to queue <small>.
Monitor::LSF::submit    command: bsub -n 1 -q small -o /scratch/syoung/base/pipeline/SRA/NA18507/SRP000239/sampled/200bp/chr22/eland/cumulative/chr22/stdout/unbin-chr22-15-stdout.txt /scratch/syoung/base/pipeline/SRA/NA18507/SRP000239/sampled/200bp/chr22/eland/cumulative/chr22/scripts/unbin-chr22-15.sh
Job <3301534> is submitted to queue <small>.
Monitor::LSF::submit    command: bsub -n 1 -q small -o /scratch/syoung/base/pipeline/SRA/NA18507/SRP000239/sampled/200bp/chr22/eland/cumulative/chr22/stdout/unbin-chr22-16-stdout.txt /scratch/syoung/base/pipeline/SRA/NA18507/SRP000239/sampled/200bp/chr22/eland/cumulative/chr22/scripts/unbin-chr22-16.sh
Job <3301535> is submitted to queue <small>.
Monitor::LSF::submit    command: bsub -n 1 -q small -o /scratch/syoung/base/pipeline/SRA/NA18507/SRP000239/sampled/200bp/chr22/eland/cumulative/chr22/stdout/unbin-chr22-17-stdout.txt /scratch/syoung/base/pipeline/SRA/NA18507/SRP000239/sampled/200bp/chr22/eland/cumulative/chr22/scripts/unbin-chr22-17.sh
Job <3301536> is submitted to queue <small>.
Monitor::LSF::submit    command: bsub -n 1 -q small -o /scratch/syoung/base/pipeline/SRA/NA18507/SRP000239/sampled/200bp/chr22/eland/cumulative/chr22/stdout/unbin-chr22-18-stdout.txt /scratch/syoung/base/pipeline/SRA/NA18507/SRP000239/sampled/200bp/chr22/eland/cumulative/chr22/scripts/unbin-chr22-18.sh
Job <3301537> is submitted to queue <small>.
Monitor::LSF::submit    command: bsub -n 1 -q small -o /scratch/syoung/base/pipeline/SRA/NA18507/SRP000239/sampled/200bp/chr22/eland/cumulative/chr22/stdout/unbin-chr22-19-stdout.txt /scratch/syoung/base/pipeline/SRA/NA18507/SRP000239/sampled/200bp/chr22/eland/cumulative/chr22/scripts/unbin-chr22-19.sh
Job <3301538> is submitted to queue <small>.
Monitor::LSF::submit    command: bsub -n 1 -q small -o /scratch/syoung/base/pipeline/SRA/NA18507/SRP000239/sampled/200bp/chr22/eland/cumulative/chr22/stdout/unbin-chr22-20-stdout.txt /scratch/syoung/base/pipeline/SRA/NA18507/SRP000239/sampled/200bp/chr22/eland/cumulative/chr22/scripts/unbin-chr22-20.sh
Job <3301539> is submitted to queue <small>.
Monitor::LSF::submit    command: bsub -n 1 -q small -o /scratch/syoung/base/pipeline/SRA/NA18507/SRP000239/sampled/200bp/chr22/eland/cumulative/chr22/stdout/unbin-chr22-21-stdout.txt /scratch/syoung/base/pipeline/SRA/NA18507/SRP000239/sampled/200bp/chr22/eland/cumulative/chr22/scripts/unbin-chr22-21.sh
Job <3301540> is submitted to queue <small>.
Monitor::LSF::submit    command: bsub -n 1 -q small -o /scratch/syoung/base/pipeline/SRA/NA18507/SRP000239/sampled/200bp/chr22/eland/cumulative/chr22/stdout/unbin-chr22-22-stdout.txt /scratch/syoung/base/pipeline/SRA/NA18507/SRP000239/sampled/200bp/chr22/eland/cumulative/chr22/scripts/unbin-chr22-22.sh
Job <3301541> is submitted to queue <small>.
Monitor::LSF::submit    command: bsub -n 1 -q small -o /scratch/syoung/base/pipeline/SRA/NA18507/SRP000239/sampled/200bp/chr22/eland/cumulative/chr22/stdout/unbin-chr22-23-stdout.txt /scratch/syoung/base/pipeline/SRA/NA18507/SRP000239/sampled/200bp/chr22/eland/cumulative/chr22/scripts/unbin-chr22-23.sh
Job <3301542> is submitted to queue <small>.
Monitor::LSF::submit    command: bsub -n 1 -q small -o /scratch/syoung/base/pipeline/SRA/NA18507/SRP000239/sampled/200bp/chr22/eland/cumulative/chr22/stdout/unbin-chr22-24-stdout.txt /scratch/syoung/base/pipeline/SRA/NA18507/SRP000239/sampled/200bp/chr22/eland/cumulative/chr22/scripts/unbin-chr22-24.sh
Job <3301543> is submitted to queue <small>.
Monitor::LSF::submit    command: bsub -n 1 -q small -o /scratch/syoung/base/pipeline/SRA/NA18507/SRP000239/sampled/200bp/chr22/eland/cumulative/chr22/stdout/unbin-chr22-25-stdout.txt /scratch/syoung/base/pipeline/SRA/NA18507/SRP000239/sampled/200bp/chr22/eland/cumulative/chr22/scripts/unbin-chr22-25.sh
Job <3301544> is submitted to queue <small>.
Monitor::LSF::submit    command: bsub -n 1 -q small -o /scratch/syoung/base/pipeline/SRA/NA18507/SRP000239/sampled/200bp/chr22/eland/cumulative/chr22/stdout/unbin-chr22-26-stdout.txt /scratch/syoung/base/pipeline/SRA/NA18507/SRP000239/sampled/200bp/chr22/eland/cumulative/chr22/scripts/unbin-chr22-26.sh
Job <3301545> is submitted to queue <small>.
Monitor::LSF::submit    command: bsub -n 1 -q small -o /scratch/syoung/base/pipeline/SRA/NA18507/SRP000239/sampled/200bp/chr22/eland/cumulative/chr22/stdout/unbin-chr22-27-stdout.txt /scratch/syoung/base/pipeline/SRA/NA18507/SRP000239/sampled/200bp/chr22/eland/cumulative/chr22/scripts/unbin-chr22-27.sh
Job <3301546> is submitted to queue <small>.
Monitor::LSF::submit    command: bsub -n 1 -q small -o /scratch/syoung/base/pipeline/SRA/NA18507/SRP000239/sampled/200bp/chr22/eland/cumulative/chr22/stdout/unbin-chr22-28-stdout.txt /scratch/syoung/base/pipeline/SRA/NA18507/SRP000239/sampled/200bp/chr22/eland/cumulative/chr22/scripts/unbin-chr22-28.sh
Job <3301547> is submitted to queue <small>.
Monitor::LSF::submit    command: bsub -n 1 -q small -o /scratch/syoung/base/pipeline/SRA/NA18507/SRP000239/sampled/200bp/chr22/eland/cumulative/chr22/stdout/unbin-chr22-29-stdout.txt /scratch/syoung/base/pipeline/SRA/NA18507/SRP000239/sampled/200bp/chr22/eland/cumulative/chr22/scripts/unbin-chr22-29.sh
Job <3301548> is submitted to queue <small>.
Monitor::LSF::submit    command: bsub -n 1 -q small -o /scratch/syoung/base/pipeline/SRA/NA18507/SRP000239/sampled/200bp/chr22/eland/cumulative/chr22/stdout/unbin-chr22-30-stdout.txt /scratch/syoung/base/pipeline/SRA/NA18507/SRP000239/sampled/200bp/chr22/eland/cumulative/chr22/scripts/unbin-chr22-30.sh
Job <3301549> is submitted to queue <small>.
Monitor::LSF::submit    command: bsub -n 1 -q small -o /scratch/syoung/base/pipeline/SRA/NA18507/SRP000239/sampled/200bp/chr22/eland/cumulative/chr22/stdout/unbin-chr22-31-stdout.txt /scratch/syoung/base/pipeline/SRA/NA18507/SRP000239/sampled/200bp/chr22/eland/cumulative/chr22/scripts/unbin-chr22-31.sh
Job <3301550> is submitted to queue <small>.
Monitor::LSF::submit    command: bsub -n 1 -q small -o /scratch/syoung/base/pipeline/SRA/NA18507/SRP000239/sampled/200bp/chr22/eland/cumulative/chr22/stdout/unbin-chr22-32-stdout.txt /scratch/syoung/base/pipeline/SRA/NA18507/SRP000239/sampled/200bp/chr22/eland/cumulative/chr22/scripts/unbin-chr22-32.sh
Job <3301551> is submitted to queue <small>.
Monitor::LSF::submit    command: bsub -n 1 -q small -o /scratch/syoung/base/pipeline/SRA/NA18507/SRP000239/sampled/200bp/chr22/eland/cumulative/chr22/stdout/unbin-chr22-33-stdout.txt /scratch/syoung/base/pipeline/SRA/NA18507/SRP000239/sampled/200bp/chr22/eland/cumulative/chr22/scripts/unbin-chr22-33.sh
Job <3301552> is submitted to queue <small>.
Cluster::runJobs    doing check 0 with checkCompleted(jobs, label)
Cluster::checkCompleted    Cluster::checkCompleted(jobs, label)
Cluster::checkCompleted    label: unbin
Cluster::checkCompleted    no. jobs: 33
Cluster::runJobs    completed: 0
Cluster::runJobs    Sleeping for 10 seconds
Cluster::runJobs    doing check 1 with checkCompleted(jobs, label)
Cluster::checkCompleted    Cluster::checkCompleted(jobs, label)
Cluster::checkCompleted    label: unbin
Cluster::checkCompleted    no. jobs: 33
Cluster::runJobs    completed: 0
Cluster::runJobs    Sleeping for 10 seconds
Cluster::runJobs    doing check 2 with checkCompleted(jobs, label)
Cluster::checkCompleted    Cluster::checkCompleted(jobs, label)
Cluster::checkCompleted    label: unbin
Cluster::checkCompleted    no. jobs: 33
Cluster::runJobs    completed: 0
Cluster::runJobs    Sleeping for 10 seconds
Cluster::runJobs    Final value of completed: 0

------------------------------------------------------------
---[completed unbin: 0 unbin]---
------------------------------------------------------------
Cluster::printCheckfiles    Opening logfile: /scratch/syoung/base/pipeline/SRA/NA18507/SRP000239/sampled/200bp/chr22/eland/cumulative/chr22/check/unbin/check.log
Cluster::runJobs    Completed unbin at 11-01-21 13:34:42, duration: 00:02:23
Cluster::usageStats    Checking non-batch stdout file
Cluster::runJobs    Doing printUsage       11-01-21 13:34:43
Cluster::printUsage    printUsage(jobs, label)
Cluster::printUsage    BEFORE outputdir: /scratch/syoung/base/pipeline/SRA/NA18507/SRP000239/sampled/200bp/chr22/eland/cumulative
Cluster::printUsage    AFTER outputdir: /scratch/syoung/base/pipeline/SRA/NA18507/SRP000239/sampled/200bp/chr22/eland/cumulative/chr22
Cluster::printUsage    usagefile: /scratch/syoung/base/pipeline/SRA/NA18507/SRP000239/sampled/200bp/chr22/eland/cumulative/chr22/usage/unbin-usage.txt
Cluster::printUsage    No. batchstats: 1
Cluster::printUsage    batchstats[0]: 
Cluster::printUsage    Printing USAGE file: /scratch/syoung/base/pipeline/SRA/NA18507/SRP000239/sampled/200bp/chr22/eland/cumulative/chr22/usage/unbin-usage.txt
Cluster::runJobs    After printUsage       11-01-21 13:34:43
Cluster::runJobs    cleanup not defined. Leaving scriptfiles.
unbin.pl    Run time: 00:02:38
unbin.pl    Completed /nethome/syoung/0.5/bin/apps/snp/unbin.pl
unbin.pl    1:34PM, 21 January 2011
unbin.pl    ****************************************




X::App::run    completed: 0
X::App::run    label: unbin
Job label 'unbin' completion signal: 0 unbin


Completed workflow elandsnp
