[workflow eland24align]
2011-02-11 13:30:21

Workflow:	eland24align
Started: 2011-02-11 13:27:24
Stopped: 2011-02-11 13:27:24
Duration: 0 hrs 0 mins 0 secs


	Application	1	copysplit
	/nethome/syoung/0.5/bin/apps/logic/loop.pl 
	status: completed
	locked: 0
	started: 2011-02-09 11:49:46
	stopped: 2011-02-09 11:50:43
	duration: 0 hrs 0 mins 57 secs



	Application	2	eland24
	/nethome/syoung/0.5/bin/apps/logic/loop.pl
	status: unknown
	locked: 0
	started: 2011-02-10 14:47:59
	stopped: 2011-02-11 02:58:37
	duration: 12 hrs 10 mins 38 secs



	Application	3	checkeland24
	/nethome/syoung/0.5/bin/apps/aligners/ELANDcheck.pl
	status: unknown
	locked: 0
	started: 2011-02-11 13:27:24
	stopped: 2011-02-11 13:27:24
	duration: 0 hrs 0 mins 0 secs



	Application	4	cleanup
	/nethome/bioinfo/apps/agua/0.5/bin/apps/aligners/cleanup.pl
	locked: 0




[app 3 checkeland24]
2011-02-11 13:30:21

  Application:
  name           checkeland24
  owner          anonymous
  ordinal        3
  status         unknown
  started        2011-02-11 13:27:24
  stopped        2011-02-11 13:27:24
  duration       0 hrs 0 mins 0 secs
  locked         0
  type           alignment
  location       /nethome/syoung/0.5/bin/apps/aligners/ELANDcheck.pl
  description    Check all alignment output files

    Parameters:
    cluster        LSF
    inputtype      fastq
    label          ELAND
    max            2
    min            0.5
    outputdir      /scratch/syoung/base/pipeline/SRA/NA18507/SRP000239/sampled/200bp/chr22/eland24
    referencedir   /nethome/bioinfo/data/sequence/chromosomes/human/hg19/eland/chr22
    replicates     1-33

Command:

/nethome/syoung/0.5/bin/apps/aligners/ELANDcheck.pl \
 --replicates 1-33 \
 --inputtype fastq \
 --label ELAND \
 --cluster LSF \
 --referencedir /nethome/bioinfo/data/sequence/chromosomes/human/hg19/eland/chr22 \
 --outputdir /scratch/syoung/base/pipeline/SRA/NA18507/SRP000239/sampled/200bp/chr22/eland24 \
 --min 0.5 \
 --max 2 


