[workflow snp]
2011-01-28 13:00:48


Workflow:
name           snp
owner          anonymous
locked         0
	
  Application:
  name           binbam
  owner          anonymous
  ordinal        1
  locked         0
  type           binner
  location       /nethome/syoung/0.5/bin/apps/logic/loop.pl
  description    Bin a .bam file into smaller .bam files covering UCSC bins or user-defined genomic intervals

    Parameters:
    binlevel       500000
    cluster        LSF
    executable     /nethome/syoung/0.5/bin/apps/snp/binBam.pl
    inputdirs      /scratch/syoung/base/pipeline/SRA/NA18507/SRP000239/sampled/200bp/chr22/bowtie/%REPLICATE%
    loop           parallel
    loopout        /scratch/syoung/base/pipeline/SRA/NA18507/SRP000239/sampled/200bp/chr22/bowtie/loop-binbam.out
    maxjobs        2000
    queue          small
    reference      chr22
    replicates     1-33
    stdout         /scratch/syoung/base/pipeline/SRA/NA18507/SRP000239/sampled/200bp/chr22/bowtie/%REPLICATE%/binbam.out
    walltime       48

	
  Application:
  name           cumulativebam
  owner          anonymous
  ordinal        2
  locked         0
  type           binner
  location       perl /nethome/syoung/0.5/bin/apps/snp/cumulativeBam.pl
  description    Cumulatively merge .bam files, can use UCSC bins or user-defined genomic intervals

    Parameters:
    binlevel       500000
    cluster        LSF
    cpus           1
    filename       hit.bam
    inputdirs      /scratch/syoung/base/pipeline/SRA/NA18507/SRP000239/sampled/200bp/chr22/bowtie/1,/scratch/syoung/base/pipeline/SRA/NA18507/SRP000239/sampled/200bp/chr22/bowtie/2,/scratch/syoung/base/pipeline/SRA/NA18507/SRP000239/sampled/200bp/chr22/bowtie/3,/scratch/syoung/base/pipeline/SRA/NA18507/SRP000239/sampled/200bp/chr22/bowtie/4,/scratch/syoung/base/pipeline/SRA/NA18507/SRP000239/sampled/200bp/chr22/bowtie/5,/scratch/syoung/base/pipeline/SRA/NA18507/SRP000239/sampled/200bp/chr22/bowtie/6,/scratch/syoung/base/pipeline/SRA/NA18507/SRP000239/sampled/200bp/chr22/bowtie/7,/scratch/syoung/base/pipeline/SRA/NA18507/SRP000239/sampled/200bp/chr22/bowtie/8,/scratch/syoung/base/pipeline/SRA/NA18507/SRP000239/sampled/200bp/chr22/bowtie/9,/scratch/syoung/base/pipeline/SRA/NA18507/SRP000239/sampled/200bp/chr22/bowtie/10,/scratch/syoung/base/pipeline/SRA/NA18507/SRP000239/sampled/200bp/chr22/bowtie/11,/scratch/syoung/base/pipeline/SRA/NA18507/SRP000239/sampled/200bp/chr22/bowtie/12,/scratch/syoung/base/pipeline/SRA/NA18507/SRP000239/sampled/200bp/chr22/bowtie/13,/scratch/syoung/base/pipeline/SRA/NA18507/SRP000239/sampled/200bp/chr22/bowtie/14,/scratch/syoung/base/pipeline/SRA/NA18507/SRP000239/sampled/200bp/chr22/bowtie/15,/scratch/syoung/base/pipeline/SRA/NA18507/SRP000239/sampled/200bp/chr22/bowtie/16,/scratch/syoung/base/pipeline/SRA/NA18507/SRP000239/sampled/200bp/chr22/bowtie/17,/scratch/syoung/base/pipeline/SRA/NA18507/SRP000239/sampled/200bp/chr22/bowtie/18,/scratch/syoung/base/pipeline/SRA/NA18507/SRP000239/sampled/200bp/chr22/bowtie/19,/scratch/syoung/base/pipeline/SRA/NA18507/SRP000239/sampled/200bp/chr22/bowtie/20,/scratch/syoung/base/pipeline/SRA/NA18507/SRP000239/sampled/200bp/chr22/bowtie/21,/scratch/syoung/base/pipeline/SRA/NA18507/SRP000239/sampled/200bp/chr22/bowtie/22,/scratch/syoung/base/pipeline/SRA/NA18507/SRP000239/sampled/200bp/chr22/bowtie/23,/scratch/syoung/base/pipeline/SRA/NA18507/SRP000239/sampled/200bp/chr22/bowtie/24,/scratch/syoung/base/pipeline/SRA/NA18507/SRP000239/sampled/200bp/chr22/bowtie/25,/scratch/syoung/base/pipeline/SRA/NA18507/SRP000239/sampled/200bp/chr22/bowtie/26,/scratch/syoung/base/pipeline/SRA/NA18507/SRP000239/sampled/200bp/chr22/bowtie/27,/scratch/syoung/base/pipeline/SRA/NA18507/SRP000239/sampled/200bp/chr22/bowtie/28,/scratch/syoung/base/pipeline/SRA/NA18507/SRP000239/sampled/200bp/chr22/bowtie/29,/scratch/syoung/base/pipeline/SRA/NA18507/SRP000239/sampled/200bp/chr22/bowtie/30,/scratch/syoung/base/pipeline/SRA/NA18507/SRP000239/sampled/200bp/chr22/bowtie/31,/scratch/syoung/base/pipeline/SRA/NA18507/SRP000239/sampled/200bp/chr22/bowtie/32,/scratch/syoung/base/pipeline/SRA/NA18507/SRP000239/sampled/200bp/chr22/bowtie/33
    label          bowtie-cumulative
    maxjobs        2000
    outputdir      /scratch/syoung/base/pipeline/SRA/NA18507/SRP000239/sampled/200bp/chr22/bowtie/cumulative
    queue          small
    species        human
    stdout         /scratch/syoung/base/pipeline/SRA/NA18507/SRP000239/sampled/200bp/chr22/bowtie/cumulative/cumulative.out
    walltime       48

	
  Application:
  name           bamtosnp
  owner          anonymous
  ordinal        3
  locked         0
  type           snp
  location       /nethome/syoung/0.5/bin/apps/logic/loop.pl
  description    Call SNPs from .bam files using samtools

    Parameters:
    binlevel       500000
    cluster        LSF
    executable     /nethome/syoung/0.5/bin/apps/snp/bamToSnp.pl
    filename       hit.bam
    inputdirs      /scratch/syoung/base/pipeline/SRA/NA18507/SRP000239/sampled/200bp/chr22/bowtie/%REPLICATE%
    loop           parallel
    loopout        /scratch/syoung/base/pipeline/SRA/NA18507/SRP000239/sampled/200bp/chr22/bowtie/loop-bamtosnp.out
    maxdepth       500
    maxjobs        2000
    outputdir      /scratch/syoung/base/pipeline/SRA/NA18507/SRP000239/sampled/200bp/chr22/bowtie/cumulative/chr22
    queue          small
    replicates     1-33
    species        human
    stdout         /scratch/syoung/base/pipeline/SRA/NA18507/SRP000239/sampled/200bp/chr22/bowtie/%REPLICATE%/bamtosnp.out
    walltime       48



[app 3 bamtosnp]
2011-01-28 13:00:48

  Application:
  name           bamtosnp
  owner          anonymous
  ordinal        3
  locked         0
  type           snp
  location       /nethome/syoung/0.5/bin/apps/logic/loop.pl
  description    Call SNPs from .bam files using samtools

    Parameters:
    binlevel       500000
    cluster        LSF
    executable     /nethome/syoung/0.5/bin/apps/snp/bamToSnp.pl
    filename       hit.bam
    inputdirs      /scratch/syoung/base/pipeline/SRA/NA18507/SRP000239/sampled/200bp/chr22/bowtie/%REPLICATE%
    loop           parallel
    loopout        /scratch/syoung/base/pipeline/SRA/NA18507/SRP000239/sampled/200bp/chr22/bowtie/loop-bamtosnp.out
    maxdepth       500
    maxjobs        2000
    outputdir      /scratch/syoung/base/pipeline/SRA/NA18507/SRP000239/sampled/200bp/chr22/bowtie/cumulative/chr22
    queue          small
    replicates     1-33
    species        human
    stdout         /scratch/syoung/base/pipeline/SRA/NA18507/SRP000239/sampled/200bp/chr22/bowtie/%REPLICATE%/bamtosnp.out
    walltime       48

Command:

/nethome/syoung/0.5/bin/apps/logic/loop.pl \
 --replicates 1-33 \
 --loop parallel \
 --executable /nethome/syoung/0.5/bin/apps/snp/bamToSnp.pl \
 --inputdirs /scratch/syoung/base/pipeline/SRA/NA18507/SRP000239/sampled/200bp/chr22/bowtie/%REPLICATE% \
 --outputdir /scratch/syoung/base/pipeline/SRA/NA18507/SRP000239/sampled/200bp/chr22/bowtie/cumulative/chr22 \
 --maxdepth 500 \
 --binlevel 500000 \
 --filename hit.bam \
 --species human \
 --maxjobs 2000 \
 --walltime 48 \
 --queue small \
 --cluster LSF \
 --stdout /scratch/syoung/base/pipeline/SRA/NA18507/SRP000239/sampled/200bp/chr22/bowtie/%REPLICATE%/bamtosnp.out \
 --loopout /scratch/syoung/base/pipeline/SRA/NA18507/SRP000239/sampled/200bp/chr22/bowtie/loop-bamtosnp.out 


Output:

Loop::run    Printing STDOUT to loopout:

/scratch/syoung/base/pipeline/SRA/NA18507/SRP000239/sampled/200bp/chr22/bowtie/loop-bamtosnp.out




Application status: unknown


Completed workflow snp
