[workflow savvenn]
2011-01-30 20:22:17

Workflow:	savvenn
Started: 2011-01-30 20:22:04
Stopped: 2011-01-30 20:22:04
Duration: 0 hrs 0 mins 0 secs


	Application	1	savvenn-elandbowtie-dbsnp
	/nethome/syoung/0.5/bin/apps/logic/loop.pl 
	status: completed
	locked: 1
	started: 2011-01-30 18:57:31
	stopped: 2011-01-30 18:59:58
	duration: 0 hrs 2 mins 27 secs



	Application	2	collatesavvenn-elandbowtie-dbsnp
	/nethome/syoung/0.5/bin/apps/venn/collateVenn.pl 
	locked: 0




[app 2 collatesavvenn-elandbowtie-dbsnp]
2011-01-30 20:22:17

  Application:
  name           collatesavvenn-elandbowtie-dbsnp
  owner          anonymous
  ordinal        2
  locked         0
  location       /nethome/syoung/0.5/bin/apps/venn/collateVenn.pl 

    Parameters:
    bamfile        /scratch/syoung/base/pipeline/SRA/NA18507/SRP000239/sampled/200bp/chr22/eland/1/chr22/hit.bam 
    binlevel       500000 
    outputfile     /scratch/syoung/base/pipeline/SRA/NA18507/SRP000239/sampled/200bp/chr22/venn/sav/elandbowtie/eland-dbsnp-vs-bowtie-dbsnp.tsv
    querydir       /scratch/syoung/base/pipeline/SRA/NA18507/SRP000239/sampled/200bp/chr22/eland/cumulative/chr22 
    queryindex     %REPLICATE% 
    querylabel     eland-%REPLICATE%-dbsnp 
    replicates     1-33 
    suffix         sav 
    targetdir      /scratch/syoung/base/pipeline/SRA/NA18507/SRP000239/sampled/200bp/chr22/bowtie/cumulative/chr22 
    targetindex    %REPLICATE% 
    targetlabel    bowtie-%REPLICATE%-dbsnp 

Command:

/nethome/syoung/0.5/bin/apps/venn/collateVenn.pl  \
 --replicates 1-33  \
 --bamfile /scratch/syoung/base/pipeline/SRA/NA18507/SRP000239/sampled/200bp/chr22/eland/1/chr22/hit.bam  \
 --querylabel eland-%REPLICATE%-dbsnp  \
 --targetlabel bowtie-%REPLICATE%-dbsnp  \
 --querydir /scratch/syoung/base/pipeline/SRA/NA18507/SRP000239/sampled/200bp/chr22/eland/cumulative/chr22  \
 --targetdir /scratch/syoung/base/pipeline/SRA/NA18507/SRP000239/sampled/200bp/chr22/bowtie/cumulative/chr22  \
 --queryindex %REPLICATE%  \
 --targetindex %REPLICATE%  \
 --suffix sav  \
 --binlevel 500000  \
 --outputfile /scratch/syoung/base/pipeline/SRA/NA18507/SRP000239/sampled/200bp/chr22/venn/sav/elandbowtie/eland-dbsnp-vs-bowtie-dbsnp.tsv 


Output:

collateVenn.pl    outputfile: /scratch/syoung/base/pipeline/SRA/NA18507/SRP000239/sampled/200bp/chr22/venn/sav/elandbowtie/eland-dbsnp-vs-bowtie-dbsnp.tsv
collateVenn.pl    replicates: 1-33
collateVenn.pl    querylabel: eland-%REPLICATE%-dbsnp
collateVenn.pl    targetlabel: bowtie-%REPLICATE%-dbsnp
collateVenn.pl    queryindex: %REPLICATE%
collateVenn.pl    targetindex: %REPLICATE%
collateVenn.pl    binlevel: 500000
collateVenn.pl    bamfile: /scratch/syoung/base/pipeline/SRA/NA18507/SRP000239/sampled/200bp/chr22/eland/1/chr22/hit.bam
collateVenn.pl    suffix: sav
Venn::collateBins    Venn::collateBins()
Venn::collateBins    outputdir: /scratch/syoung/base/pipeline/SRA/NA18507/SRP000239/sampled/200bp/chr22/venn/sav/elandbowtie
Venn::collateBins    replicates: 1-33
Venn::collateBins    querylabel: eland-%REPLICATE%-dbsnp
Venn::collateBins    targetlabel: bowtie-%REPLICATE%-dbsnp
Venn::collateBins    suffix: sav
Venn::collateBins    repliques: 1 2 3 4 5 6 7 8 9 10 11 12 13 14 15 16 17 18 19 20 21 22 23 24 25 26 27 28 29 30 31 32 33
Venn::collateBins    No. bins: 103
1	1	76303	4225	5875	80528	10100
2	2	104124	7236	8520	111360	15756
3	3	119264	9516	9811	128780	19327
4	4	128076	11598	10533	139674	22131
5	5	132457	13394	10998	145851	24392
6	6	134600	14858	11222	149458	26080
7	7	135283	16241	11346	151524	27587
8	8	135096	17251	11380	152347	28631
9	9	134008	18139	11374	152147	29513
10	10	132678	18943	11250	151621	30193
11	11	130685	19639	11119	150324	30758
12	12	128812	20178	10980	148990	31158
13	13	126541	20675	10960	147216	31635
14	14	124299	20985	10790	145284	31775
15	15	121822	21299	10679	143121	31978
16	16	119521	21503	10486	141024	31989
17	17	117295	21647	10339	138942	31986
18	18	115016	21858	10168	136874	32026
19	19	112949	21963	9983	134912	31946
20	20	110983	22065	9862	133048	31927
21	21	108936	22095	9778	131031	31873
22	22	106713	22159	9700	128872	31859
23	23	104573	22219	9664	126792	31883
24	24	102781	22216	9538	124997	31754
25	25	100953	22217	9465	123170	31682
26	26	1802	342	31201	2144	31543
27	27	50772	11049	20386	61821	31435
28	28	95454	22185	9086	117639	31271
29	29	93715	22141	8994	115856	31135
30	30	92109	22111	8877	114220	30988
31	31	90508	22015	8811	112523	30826
32	32	88989	21956	8664	110945	30620
33	33	87451	21920	8620	109371	30540
Venn::collateBins    outputfile printed:

/scratch/syoung/base/pipeline/SRA/NA18507/SRP000239/sampled/200bp/chr22/venn/sav/elandbowtie/eland-dbsnp-vs-bowtie-dbsnp.tsv

collateVenn.pl    Run time: 00:00:26
collateVenn.pl    Completed /nethome/syoung/0.5/bin/apps/venn/collateVenn.pl --replicates 1-33 --bamfile /scratch/syoung/base/pipeline/SRA/NA18507/SRP000239/sampled/200bp/chr22/eland/1/chr22/hit.bam --querylabel eland-%REPLICATE%-dbsnp --targetlabel bowtie-%REPLICATE%-dbsnp --querydir /scratch/syoung/base/pipeline/SRA/NA18507/SRP000239/sampled/200bp/chr22/eland/cumulative/chr22 --targetdir /scratch/syoung/base/pipeline/SRA/NA18507/SRP000239/sampled/200bp/chr22/bowtie/cumulative/chr22 --queryindex %REPLICATE% --targetindex %REPLICATE% --suffix sav --binlevel 500000 --outputfile /scratch/syoung/base/pipeline/SRA/NA18507/SRP000239/sampled/200bp/chr22/venn/sav/elandbowtie/eland-dbsnp-vs-bowtie-dbsnp.tsv
collateVenn.pl    8:22PM, 30 January 2011
collateVenn.pl    ****************************************





Application status: unknown


Completed workflow savvenn
2011-01-30 20:22:43
